#
# A fatal error has been detected by the Java Runtime Environment:
#
#  SIGSEGV (0xb) at pc=0x00007fff8d6d50dd, pid=51690, tid=0x0000000000000713
#
# JRE version: Java(TM) SE Runtime Environment (8.0_102-b14) (build 1.8.0_102-b14)
# Java VM: Java HotSpot(TM) 64-Bit Server VM (25.102-b14 mixed mode bsd-amd64 compressed oops)
# Problematic frame:
# C  [libobjc.A.dylib+0x10dd]  objc_msgSend+0x1d
#
# Failed to write core dump. Core dumps have been disabled. To enable core dumping, try "ulimit -c unlimited" before starting Java again
#
# If you would like to submit a bug report, please visit:
#   http://bugreport.java.com/bugreport/crash.jsp
# The crash happened outside the Java Virtual Machine in native code.
# See problematic frame for where to report the bug.
#

---------------  T H R E A D  ---------------

Current thread (0x00007ff9411c4800):  JavaThread "AWT-AppKit" daemon [_thread_in_native, id=1811, stack(0x00007fff5a4a5000,0x00007fff5aca5000)]

siginfo: si_signo: 11 (SIGSEGV), si_code: 1 (SEGV_MAPERR), si_addr: 0x000007ff94043be8

Registers:
RAX=0x00007ff94567d330, RBX=0x000000017fedd3b0, RCX=0x0000000120e83820, RDX=0x0000000120e83420
RSP=0x00007fff5ac9ef78, RBP=0x00007fff5ac9f030, RSI=0x00007fff818154c7, RDI=0x00007ff940430250
R8 =0x0000000000000000, R9 =0x0000000000000e80, R10=0x00007fff818154c7, R11=0x000007ff94043bd0
R12=0x0000000000000000, R13=0x00000001825e6070, R14=0x000000017fedd3a0, R15=0x00007ff9411c4800
RIP=0x00007fff8d6d50dd, EFLAGS=0x0000000000010202, ERR=0x0000000000000004
  TRAPNO=0x000000000000000e

Top of Stack: (sp=0x00007fff5ac9ef78)
0x00007fff5ac9ef78:   000000017fedb5d7 00007fff5ac9efd0
0x00007fff5ac9ef88:   0000000000000003 00007fff5ac9efb0
0x00007fff5ac9ef98:   0000000105bf2e32 00000001825e6070
0x00007fff5ac9efa8:   00000001825e6070 00007ff94567d330
0x00007fff5ac9efb8:   000000017fedd5c0 000000017fedd640
0x00007fff5ac9efc8:   000000017fedd3b0 00007fff721bf550
0x00007fff5ac9efd8:   000000017fedd5d0 00007fff71959bb0
0x00007fff5ac9efe8:   00007ff94567d330 00007ff940430250
0x00007fff5ac9eff8:   00007ff94055cb60 00007ff94567d330
0x00007fff5ac9f008:   00007ff940430250 00007fff5ac9f0b0
0x00007fff5ac9f018:   00007ff9411c49f8 00000001825e6070
0x00007fff5ac9f028:   00007fff5ac9f0d8 00007fff5ac9f0a0
0x00007fff5ac9f038:   00000001069b89d4 00007fff5ac9f0a0
0x00007fff5ac9f048:   00000001069b8759 00000001069c4983
0x00007fff5ac9f058:   00000001069b8722 00007fff5ac9f060
0x00007fff5ac9f068:   00000001825e6070 00007fff5ac9f0d8
0x00007fff5ac9f078:   00000001825e8860 0000000000000000
0x00007fff5ac9f088:   00000001825e6070 0000000000000000
0x00007fff5ac9f098:   00007fff5ac9f0c0 00007fff5ac9f120
0x00007fff5ac9f0a8:   00000001069a92bd 00000007abc4ac18
0x00007fff5ac9f0b8:   00000001069b2538 00007ff94567d330
0x00007fff5ac9f0c8:   00000001069b3e39 00007ff940430250
0x00007fff5ac9f0d8:   00000001069b3e02 00007fff5ac9f0e0
0x00007fff5ac9f0e8:   00000001825e623a 00007fff5ac9f148
0x00007fff5ac9f0f8:   00000001825e8860 0000000000000000
0x00007fff5ac9f108:   00000001825e6248 00007fff5ac9f0c0
0x00007fff5ac9f118:   00007fff5ac9f130 00007fff5ac9f190
0x00007fff5ac9f128:   00000001069a92bd 00007ff94567d330
0x00007fff5ac9f138:   00000007abc1b178 00007ff940430250
0x00007fff5ac9f148:   00000007abc1b178 00007fff5ac9f150
0x00007fff5ac9f158:   0000000188b086ae 00007fff5ac9f1a0
0x00007fff5ac9f168:   0000000188b08768 0000000000000000 

Instructions: (pc=0x00007fff8d6d50dd)
0x00007fff8d6d50bd:   00 00 00 48 85 ff 2e 74 7a 40 f6 c7 01 2e 75 7e
0x00007fff8d6d50cd:   49 bb f8 ff ff ff ff 7f 00 00 4c 23 1f 49 89 f2
0x00007fff8d6d50dd:   45 23 53 18 49 c1 e2 04 4d 03 53 10 49 3b 32 75
0x00007fff8d6d50ed:   04 41 ff 62 08 49 83 3a 00 74 6a 4d 3b 53 10 74 

Register to memory mapping:

RAX=0x00007ff94567d330 is an unknown value
RBX=0x000000017fedd3b0: Java_jogamp_nativewindow_macosx_OSXUtil_GetScreenRefreshRate0+0x1850 in /private/var/folders/zw/bgqy237d46x7490l5q8zg59m0000gn/T/jogamp_0000/file_cache/jln4995626976876380686/jln6344336645484690629/libnativewindow_macosx.jnilib at 0x000000017fed6000
RCX=0x0000000120e83820 is an unknown value
RDX=0x0000000120e83420 is an unknown value
RSP=0x00007fff5ac9ef78 is pointing into the stack for thread: 0x00007ff9411c4800
RBP=0x00007fff5ac9f030 is pointing into the stack for thread: 0x00007ff9411c4800
RSI=0x00007fff818154c7 is an unknown value
RDI=0x00007ff940430250 is an unknown value
R8 =0x0000000000000000 is an unknown value
R9 =0x0000000000000e80 is an unknown value
R10=0x00007fff818154c7 is an unknown value
R11=0x000007ff94043bd0 is an unknown value
R12=0x0000000000000000 is an unknown value
R13={method} {0x00000001825e6070} 'UnsetJAWTRootSurfaceLayer0' '(JJ)V' in 'jogamp/nativewindow/jawt/macosx/MacOSXJAWTWindow'
R14=0x000000017fedd3a0: Java_jogamp_nativewindow_macosx_OSXUtil_GetScreenRefreshRate0+0x1840 in /private/var/folders/zw/bgqy237d46x7490l5q8zg59m0000gn/T/jogamp_0000/file_cache/jln4995626976876380686/jln6344336645484690629/libnativewindow_macosx.jnilib at 0x000000017fed6000
R15=0x00007ff9411c4800 is a thread


Stack: [0x00007fff5a4a5000,0x00007fff5aca5000],  sp=0x00007fff5ac9ef78,  free space=8167k
Native frames: (J=compiled Java code, j=interpreted, Vv=VM code, C=native code)
C  [libobjc.A.dylib+0x10dd]  objc_msgSend+0x1d
j  jogamp.nativewindow.jawt.macosx.MacOSXJAWTWindow.UnsetJAWTRootSurfaceLayer0(JJ)V+0
j  jogamp.nativewindow.jawt.macosx.MacOSXJAWTWindow.access$200(JJ)V+2
j  jogamp.nativewindow.jawt.macosx.MacOSXJAWTWindow$1.run()V+38
j  com.jogamp.common.util.RunnableTask.run()V+24
v  ~StubRoutines::call_stub
V  [libjvm.dylib+0x2ed5e2]  JavaCalls::call_helper(JavaValue*, methodHandle*, JavaCallArguments*, Thread*)+0x6ae
V  [libjvm.dylib+0x324771]  jni_invoke_nonstatic(JNIEnv_*, JavaValue*, _jobject*, JNICallType, _jmethodID*, JNI_ArgumentPusher*, Thread*)+0x2ec
V  [libjvm.dylib+0x316f3f]  jni_CallVoidMethod+0x16b
C  [libnativewindow_macosx.jnilib+0x57ae]  Java_jogamp_nativewindow_jawt_macosx_MacOSXJAWTWindow_UnsetJAWTRootSurfaceLayer0+0x2be
C  [Foundation+0x65f4c]  __NSThreadPerformPerform+0x125
C  [CoreFoundation+0x80661]  __CFRUNLOOP_IS_CALLING_OUT_TO_A_SOURCE0_PERFORM_FUNCTION__+0x11
C  [CoreFoundation+0x727ed]  __CFRunLoopDoSources0+0x10d
C  [CoreFoundation+0x71e1f]  __CFRunLoopRun+0x39f
C  [CoreFoundation+0x71838]  CFRunLoopRunSpecific+0x128
C  [HIToolbox+0x2e43f]  RunCurrentEventLoopInMode+0xeb
C  [HIToolbox+0x2e1ba]  ReceiveNextEventCommon+0x1af
C  [HIToolbox+0x2dffb]  _BlockUntilNextEventMatchingListInModeWithFilter+0x47
C  [AppKit+0x24821]  _DPSNextEvent+0x3c4
C  [AppKit+0x23fd0]  -[NSApplication nextEventMatchingMask:untilDate:inMode:dequeue:]+0xc2
C  [libosxapp.dylib+0x23aa]  -[NSApplicationAWT nextEventMatchingMask:untilDate:inMode:dequeue:]+0x7c
C  [AppKit+0x17f73]  -[NSApplication run]+0x252
C  [libosxapp.dylib+0x214d]  +[NSApplicationAWT runAWTLoopWithApp:]+0x9c
C  [libawt_lwawt.dylib+0x444b3]  -[AWTStarter starter:]+0x389
C  [Foundation+0x65f4c]  __NSThreadPerformPerform+0x125
C  [CoreFoundation+0x80661]  __CFRUNLOOP_IS_CALLING_OUT_TO_A_SOURCE0_PERFORM_FUNCTION__+0x11
C  [CoreFoundation+0x727ed]  __CFRunLoopDoSources0+0x10d
C  [CoreFoundation+0x71e1f]  __CFRunLoopRun+0x39f
C  [CoreFoundation+0x71838]  CFRunLoopRunSpecific+0x128
C  [java+0x6465]  CreateExecutionEnvironment+0x367
C  [java+0x218c]  JLI_Launch+0x7a0
C  [java+0x84c2]  main+0x65
C  [java+0x19e4]  start+0x34
C  0x0000000000000008

Java frames: (J=compiled Java code, j=interpreted, Vv=VM code)
j  jogamp.nativewindow.jawt.macosx.MacOSXJAWTWindow.UnsetJAWTRootSurfaceLayer0(JJ)V+0
j  jogamp.nativewindow.jawt.macosx.MacOSXJAWTWindow.access$200(JJ)V+2
j  jogamp.nativewindow.jawt.macosx.MacOSXJAWTWindow$1.run()V+38
j  com.jogamp.common.util.RunnableTask.run()V+24
v  ~StubRoutines::call_stub

---------------  P R O C E S S  ---------------

Java Threads: ( => current thread )
  0x00007ff941199000 JavaThread "Thread-3" [_thread_blocked, id=35303, stack(0x0000000182de9000,0x0000000182ee9000)]
  0x00007ff941ac8000 JavaThread "AWT-EventQueue-1" [_thread_in_native, id=56071, stack(0x00000001802b0000,0x00000001803b0000)]
  0x00007ff94093b800 JavaThread "DestroyJavaVM" [_thread_blocked, id=4867, stack(0x0000000105072000,0x0000000105172000)]
  0x00007ff941987000 JavaThread "AWT-EventQueue-0" [_thread_blocked, id=54023, stack(0x0000000121e98000,0x0000000121f98000)]
  0x00007ff9408be000 JavaThread "Java2D Disposer" daemon [_thread_blocked, id=49947, stack(0x0000000120c14000,0x0000000120d14000)]
  0x00007ff94123b000 JavaThread "Java2D Queue Flusher" daemon [_thread_blocked, id=48903, stack(0x0000000120272000,0x0000000120372000)]
  0x00007ff9411c7000 JavaThread "AWT-Shutdown" [_thread_blocked, id=28435, stack(0x000000011d8af000,0x000000011d9af000)]
=>0x00007ff9411c4800 JavaThread "AWT-AppKit" daemon [_thread_in_native, id=1811, stack(0x00007fff5a4a5000,0x00007fff5aca5000)]
  0x00007ff941062000 JavaThread "Service Thread" daemon [_thread_blocked, id=18179, stack(0x000000011c0d0000,0x000000011c1d0000)]
  0x00007ff941044800 JavaThread "C1 CompilerThread2" daemon [_thread_blocked, id=17667, stack(0x000000011bfcd000,0x000000011c0cd000)]
  0x00007ff941031000 JavaThread "C2 CompilerThread1" daemon [_thread_blocked, id=17155, stack(0x000000011beca000,0x000000011bfca000)]
  0x00007ff941030800 JavaThread "C2 CompilerThread0" daemon [_thread_blocked, id=16643, stack(0x000000011bdc7000,0x000000011bec7000)]
  0x00007ff94102a800 JavaThread "Signal Dispatcher" daemon [_thread_blocked, id=12563, stack(0x000000011bcc4000,0x000000011bdc4000)]
  0x00007ff941824800 JavaThread "Finalizer" daemon [_thread_blocked, id=11523, stack(0x000000011a37a000,0x000000011a47a000)]
  0x00007ff941025800 JavaThread "Reference Handler" daemon [_thread_blocked, id=11011, stack(0x000000011a277000,0x000000011a377000)]

Other Threads:
  0x00007ff941023000 VMThread [stack: 0x000000011a174000,0x000000011a274000] [id=10499]
  0x00007ff94102f000 WatcherThread [stack: 0x000000011c1d3000,0x000000011c2d3000] [id=18691]

VM state:not at safepoint (normal execution)

VM Mutex/Monitor currently owned by a thread: None

Heap:
 PSYoungGen      total 18944K, used 17525K [0x00000007aab00000, 0x00000007ac000000, 0x00000007c0000000)
  eden space 16384K, 91% used [0x00000007aab00000,0x00000007ab9a5448,0x00000007abb00000)
  from space 2560K, 98% used [0x00000007abb00000,0x00000007abd78020,0x00000007abd80000)
  to   space 2560K, 0% used [0x00000007abd80000,0x00000007abd80000,0x00000007ac000000)
 ParOldGen       total 44032K, used 5074K [0x0000000780000000, 0x0000000782b00000, 0x00000007aab00000)
  object space 44032K, 11% used [0x0000000780000000,0x00000007804f4ab0,0x0000000782b00000)
 Metaspace       used 19128K, capacity 19327K, committed 19456K, reserved 1067008K
  class space    used 1899K, capacity 1980K, committed 2048K, reserved 1048576K

Card table byte_map: [0x0000000115d61000,0x0000000115f62000] byte_map_base: 0x0000000112161000

Marking Bits: (ParMarkBitMap*) 0x00000001062efd20
 Begin Bits: [0x00000001164c4000, 0x00000001174c4000)
 End Bits:   [0x00000001174c4000, 0x00000001184c4000)

Polling page: 0x00000001051b7000

CodeCache: size=245760Kb used=4835Kb max_used=4835Kb free=240924Kb
 bounds [0x00000001069a1000, 0x0000000106e61000, 0x00000001159a1000]
 total_blobs=2102 nmethods=1228 adapters=788
 compilation: enabled

Compilation events (10 events):
Event: 83.968 Thread 0x00007ff941044800 1261       3       sun.lwawt.macosx.CPlatformWindow::getTopmostPlatformWindowUnderMouse (4 bytes)
Event: 83.968 Thread 0x00007ff941044800 nmethod 1261 0x0000000106b69990 code [0x0000000106b69b00, 0x0000000106b69c88]
Event: 83.972 Thread 0x00007ff941044800 1263       3       sun.lwawt.LWWindowPeer::generateMouseEnterExitEventsForComponents (141 bytes)
Event: 83.973 Thread 0x00007ff941044800 nmethod 1263 0x0000000106e5b090 code [0x0000000106e5b2a0, 0x0000000106e5c518]
Event: 84.812 Thread 0x00007ff941044800 1264       3       java.awt.Rectangle::intersection (180 bytes)
Event: 84.813 Thread 0x00007ff941044800 nmethod 1264 0x0000000106e59550 code [0x0000000106e596e0, 0x0000000106e59c10]
Event: 84.841 Thread 0x00007ff941044800 1265       3       java.util.HashMap::<init> (11 bytes)
Event: 84.841 Thread 0x00007ff941044800 nmethod 1265 0x0000000106e590d0 code [0x0000000106e59240, 0x0000000106e59450]
Event: 84.846 Thread 0x00007ff941044800 1266       3       java.io.StringWriter::write (11 bytes)
Event: 84.847 Thread 0x00007ff941044800 nmethod 1266 0x0000000106e5cdd0 code [0x0000000106e5cfa0, 0x0000000106e5d7b8]

GC Heap History (6 events):
Event: 4.760 GC heap before
{Heap before GC invocations=1 (full 0):
 PSYoungGen      total 18944K, used 16384K [0x00000007aab00000, 0x00000007ac000000, 0x00000007c0000000)
  eden space 16384K, 100% used [0x00000007aab00000,0x00000007abb00000,0x00000007abb00000)
  from space 2560K, 0% used [0x00000007abd80000,0x00000007abd80000,0x00000007ac000000)
  to   space 2560K, 0% used [0x00000007abb00000,0x00000007abb00000,0x00000007abd80000)
 ParOldGen       total 44032K, used 0K [0x0000000780000000, 0x0000000782b00000, 0x00000007aab00000)
  object space 44032K, 0% used [0x0000000780000000,0x0000000780000000,0x0000000782b00000)
 Metaspace       used 11287K, capacity 11464K, committed 11648K, reserved 1058816K
  class space    used 1272K, capacity 1346K, committed 1408K, reserved 1048576K
Event: 4.769 GC heap after
Heap after GC invocations=1 (full 0):
 PSYoungGen      total 18944K, used 2556K [0x00000007aab00000, 0x00000007ac000000, 0x00000007c0000000)
  eden space 16384K, 0% used [0x00000007aab00000,0x00000007aab00000,0x00000007abb00000)
  from space 2560K, 99% used [0x00000007abb00000,0x00000007abd7f150,0x00000007abd80000)
  to   space 2560K, 0% used [0x00000007abd80000,0x00000007abd80000,0x00000007ac000000)
 ParOldGen       total 44032K, used 1037K [0x0000000780000000, 0x0000000782b00000, 0x00000007aab00000)
  object space 44032K, 2% used [0x0000000780000000,0x0000000780103730,0x0000000782b00000)
 Metaspace       used 11287K, capacity 11464K, committed 11648K, reserved 1058816K
  class space    used 1272K, capacity 1346K, committed 1408K, reserved 1048576K
}
Event: 5.270 GC heap before
{Heap before GC invocations=2 (full 0):
 PSYoungGen      total 18944K, used 18940K [0x00000007aab00000, 0x00000007ac000000, 0x00000007c0000000)
  eden space 16384K, 100% used [0x00000007aab00000,0x00000007abb00000,0x00000007abb00000)
  from space 2560K, 99% used [0x00000007abb00000,0x00000007abd7f150,0x00000007abd80000)
  to   space 2560K, 0% used [0x00000007abd80000,0x00000007abd80000,0x00000007ac000000)
 ParOldGen       total 44032K, used 1037K [0x0000000780000000, 0x0000000782b00000, 0x00000007aab00000)
  object space 44032K, 2% used [0x0000000780000000,0x0000000780103730,0x0000000782b00000)
 Metaspace       used 15846K, capacity 15989K, committed 16256K, reserved 1064960K
  class space    used 1593K, capacity 1659K, committed 1664K, reserved 1048576K
Event: 5.277 GC heap after
Heap after GC invocations=2 (full 0):
 PSYoungGen      total 18944K, used 2544K [0x00000007aab00000, 0x00000007ac000000, 0x00000007c0000000)
  eden space 16384K, 0% used [0x00000007aab00000,0x00000007aab00000,0x00000007abb00000)
  from space 2560K, 99% used [0x00000007abd80000,0x00000007abffc010,0x00000007ac000000)
  to   space 2560K, 0% used [0x00000007abb00000,0x00000007abb00000,0x00000007abd80000)
 ParOldGen       total 44032K, used 2480K [0x0000000780000000, 0x0000000782b00000, 0x00000007aab00000)
  object space 44032K, 5% used [0x0000000780000000,0x000000078026c0d0,0x0000000782b00000)
 Metaspace       used 15846K, capacity 15989K, committed 16256K, reserved 1064960K
  class space    used 1593K, capacity 1659K, committed 1664K, reserved 1048576K
}
Event: 6.296 GC heap before
{Heap before GC invocations=3 (full 0):
 PSYoungGen      total 18944K, used 18928K [0x00000007aab00000, 0x00000007ac000000, 0x00000007c0000000)
  eden space 16384K, 100% used [0x00000007aab00000,0x00000007abb00000,0x00000007abb00000)
  from space 2560K, 99% used [0x00000007abd80000,0x00000007abffc010,0x00000007ac000000)
  to   space 2560K, 0% used [0x00000007abb00000,0x00000007abb00000,0x00000007abd80000)
 ParOldGen       total 44032K, used 2480K [0x0000000780000000, 0x0000000782b00000, 0x00000007aab00000)
  object space 44032K, 5% used [0x0000000780000000,0x000000078026c0d0,0x0000000782b00000)
 Metaspace       used 17623K, capacity 17787K, committed 18048K, reserved 1064960K
  class space    used 1773K, capacity 1852K, committed 1920K, reserved 1048576K
Event: 6.305 GC heap after
Heap after GC invocations=3 (full 0):
 PSYoungGen      total 18944K, used 2528K [0x00000007aab00000, 0x00000007ac000000, 0x00000007c0000000)
  eden space 16384K, 0% used [0x00000007aab00000,0x00000007aab00000,0x00000007abb00000)
  from space 2560K, 98% used [0x00000007abb00000,0x00000007abd78020,0x00000007abd80000)
  to   space 2560K, 0% used [0x00000007abd80000,0x00000007abd80000,0x00000007ac000000)
 ParOldGen       total 44032K, used 5074K [0x0000000780000000, 0x0000000782b00000, 0x00000007aab00000)
  object space 44032K, 11% used [0x0000000780000000,0x00000007804f4ab0,0x0000000782b00000)
 Metaspace       used 17623K, capacity 17787K, committed 18048K, reserved 1064960K
  class space    used 1773K, capacity 1852K, committed 1920K, reserved 1048576K
}

Deoptimization events (10 events):
Event: 6.109 Thread 0x00007ff941ad5000 Uncommon trap: reason=class_check action=maybe_recompile pc=0x0000000106cf1c1c method=java.util.Collections$SynchronizedMap.get(Ljava/lang/Object;)Ljava/lang/Object; @ 12
Event: 6.109 Thread 0x00007ff941ad5000 Uncommon trap: reason=class_check action=maybe_recompile pc=0x0000000106cf1c1c method=java.util.Collections$SynchronizedMap.get(Ljava/lang/Object;)Ljava/lang/Object; @ 12
Event: 6.124 Thread 0x00007ff941ad5000 Uncommon trap: reason=class_check action=maybe_recompile pc=0x0000000106cf1c1c method=java.util.Collections$SynchronizedMap.get(Ljava/lang/Object;)Ljava/lang/Object; @ 12
Event: 6.124 Thread 0x00007ff941ad5000 Uncommon trap: reason=class_check action=maybe_recompile pc=0x0000000106cf1c1c method=java.util.Collections$SynchronizedMap.get(Ljava/lang/Object;)Ljava/lang/Object; @ 12
Event: 6.285 Thread 0x00007ff941ac8000 Uncommon trap: reason=unstable_if action=reinterpret pc=0x0000000106cf6648 method=java.util.WeakHashMap.get(Ljava/lang/Object;)Ljava/lang/Object; @ 35
Event: 6.553 Thread 0x00007ff941ac8000 Uncommon trap: reason=unstable_if action=reinterpret pc=0x0000000106d8036c method=processing.opengl.PGL.nativeToJavaARGB([III)V @ 168
Event: 6.686 Thread 0x00007ff941ac8000 Uncommon trap: reason=unstable_if action=reinterpret pc=0x0000000106d7f5e0 method=com.jogamp.common.util.IntIntHashMap.get(I)I @ 19
Event: 6.734 Thread 0x00007ff941ac8000 Uncommon trap: reason=unstable_if action=reinterpret pc=0x0000000106d76bbc method=com.jogamp.common.util.IntIntHashMap.get(I)I @ 28
Event: 84.825 Thread 0x00007ff941296800 Uncommon trap: reason=unstable_if action=reinterpret pc=0x0000000106dd294c method=java.security.AccessControlContext.combine([Ljava/security/ProtectionDomain;[Ljava/security/ProtectionDomain;)[Ljava/security/ProtectionDomain; @ 151
Event: 84.862 Thread 0x00007ff941ac8000 Uncommon trap: reason=unstable_if action=reinterpret pc=0x0000000106cf384c method=java.security.AccessControlContext.combine([Ljava/security/ProtectionDomain;[Ljava/security/ProtectionDomain;)[Ljava/security/ProtectionDomain; @ 151

Internal exceptions (10 events):
Event: 6.715 Thread 0x00007ff941ac8000 Exception <a 'java/io/FileNotFoundException'> (0x00000007ab2b2698) thrown at [/Users/java_re/workspace/8-2-build-macosx-x86_64/jdk8u102/7268/hotspot/src/share/vm/prims/jni.cpp, line 709]
Event: 6.718 Thread 0x00007ff941ac8000 Exception <a 'java/io/FileNotFoundException'> (0x00000007ab2d4fd8) thrown at [/Users/java_re/workspace/8-2-build-macosx-x86_64/jdk8u102/7268/hotspot/src/share/vm/prims/jni.cpp, line 709]
Event: 6.721 Thread 0x00007ff941ac8000 Exception <a 'java/io/FileNotFoundException'> (0x00000007ab2ec228) thrown at [/Users/java_re/workspace/8-2-build-macosx-x86_64/jdk8u102/7268/hotspot/src/share/vm/prims/jni.cpp, line 709]
Event: 6.723 Thread 0x00007ff941ac8000 Exception <a 'java/io/FileNotFoundException'> (0x00000007ab30e9c0) thrown at [/Users/java_re/workspace/8-2-build-macosx-x86_64/jdk8u102/7268/hotspot/src/share/vm/prims/jni.cpp, line 709]
Event: 6.725 Thread 0x00007ff941ac8000 Exception <a 'java/io/FileNotFoundException'> (0x00000007ab325c78) thrown at [/Users/java_re/workspace/8-2-build-macosx-x86_64/jdk8u102/7268/hotspot/src/share/vm/prims/jni.cpp, line 709]
Event: 6.727 Thread 0x00007ff941ac8000 Exception <a 'java/io/FileNotFoundException'> (0x00000007ab3483d8) thrown at [/Users/java_re/workspace/8-2-build-macosx-x86_64/jdk8u102/7268/hotspot/src/share/vm/prims/jni.cpp, line 709]
Event: 6.852 Thread 0x00007ff941ac8000 Exception <a 'java/io/FileNotFoundException'> (0x00000007ab7d41d0) thrown at [/Users/java_re/workspace/8-2-build-macosx-x86_64/jdk8u102/7268/hotspot/src/share/vm/prims/jni.cpp, line 709]
Event: 6.854 Thread 0x00007ff941ac8000 Exception <a 'java/lang/NullPointerException'> (0x00000007ab7e6468) thrown at [/Users/java_re/workspace/8-2-build-macosx-x86_64/jdk8u102/7268/hotspot/src/share/vm/interpreter/linkResolver.cpp, line 1280]
Event: 6.858 Thread 0x00007ff941ac8000 Exception <a 'java/lang/NullPointerException'> (0x00000007ab7e6468) thrown at [/Users/java_re/workspace/8-2-build-macosx-x86_64/jdk8u102/7268/hotspot/src/share/vm/prims/jvm.cpp, line 1390]
Event: 6.858 Thread 0x00007ff941ac8000 Exception <a 'java/lang/NullPointerException'> (0x00000007ab7e6468) thrown at [/Users/java_re/workspace/8-2-build-macosx-x86_64/jdk8u102/7268/hotspot/src/share/vm/prims/jvm.cpp, line 1390]

Events (10 events):
Event: 84.864 Executing VM operation: Deoptimize done
Event: 84.864 loading class java/awt/Toolkit$ToolkitEventMulticaster
Event: 84.864 loading class java/awt/Toolkit$ToolkitEventMulticaster done
Event: 84.864 Executing VM operation: RevokeBias
Event: 84.864 Executing VM operation: RevokeBias done
Event: 84.865 Thread 0x00007ff941296800 Thread exited: 0x00007ff941296800
Event: 84.865 loading class java/lang/IllegalThreadStateException
Event: 84.865 loading class java/lang/IllegalThreadStateException done
Event: 84.865 loading class java/awt/Window$1DisposeAction
Event: 84.866 loading class java/awt/Window$1DisposeAction done


Dynamic libraries:
0x0000000000e7b000 	/System/Library/Frameworks/Cocoa.framework/Versions/A/Cocoa
0x0000000000e7b000 	/System/Library/Frameworks/Security.framework/Versions/A/Security
0x0000000000e7b000 	/System/Library/Frameworks/ApplicationServices.framework/Versions/A/ApplicationServices
0x0000000000e7b000 	/usr/lib/libz.1.dylib
0x0000000000e7b000 	/usr/lib/libSystem.B.dylib
0x0000000000e7b000 	/usr/lib/libobjc.A.dylib
0x0000000000e7b000 	/System/Library/Frameworks/CoreFoundation.framework/Versions/A/CoreFoundation
0x0000000000e7b000 	/System/Library/Frameworks/Foundation.framework/Versions/C/Foundation
0x0000000000e7b000 	/System/Library/Frameworks/AppKit.framework/Versions/C/AppKit
0x0000000000e7b000 	/System/Library/Frameworks/CoreData.framework/Versions/A/CoreData
0x0000000000e7b000 	/System/Library/PrivateFrameworks/RemoteViewServices.framework/Versions/A/RemoteViewServices
0x0000000000e7b000 	/System/Library/PrivateFrameworks/UIFoundation.framework/Versions/A/UIFoundation
0x0000000000e7b000 	/System/Library/Frameworks/IOSurface.framework/Versions/A/IOSurface
0x0000000000e7b000 	/System/Library/Frameworks/AudioToolbox.framework/Versions/A/AudioToolbox
0x0000000000e7b000 	/System/Library/Frameworks/AudioUnit.framework/Versions/A/AudioUnit
0x0000000000e7b000 	/System/Library/PrivateFrameworks/DataDetectorsCore.framework/Versions/A/DataDetectorsCore
0x0000000000e7b000 	/System/Library/PrivateFrameworks/DesktopServicesPriv.framework/Versions/A/DesktopServicesPriv
0x0000000000e7b000 	/System/Library/Frameworks/Carbon.framework/Versions/A/Frameworks/HIToolbox.framework/Versions/A/HIToolbox
0x0000000000e7b000 	/System/Library/Frameworks/QuartzCore.framework/Versions/A/QuartzCore
0x0000000000e7b000 	/System/Library/Frameworks/Carbon.framework/Versions/A/Frameworks/SpeechRecognition.framework/Versions/A/SpeechRecognition
0x0000000000e7b000 	/usr/lib/libauto.dylib
0x0000000000e7b000 	/usr/lib/libicucore.A.dylib
0x0000000000e7b000 	/usr/lib/libxml2.2.dylib
0x0000000000e7b000 	/System/Library/PrivateFrameworks/CoreUI.framework/Versions/A/CoreUI
0x0000000000e7b000 	/System/Library/Frameworks/CoreAudio.framework/Versions/A/CoreAudio
0x0000000000e7b000 	/System/Library/Frameworks/DiskArbitration.framework/Versions/A/DiskArbitration
0x0000000000e7b000 	/usr/lib/liblangid.dylib
0x0000000000e7b000 	/System/Library/PrivateFrameworks/MultitouchSupport.framework/Versions/A/MultitouchSupport
0x0000000000e7b000 	/System/Library/Frameworks/IOKit.framework/Versions/A/IOKit
0x0000000000e7b000 	/usr/lib/libDiagnosticMessagesClient.dylib
0x0000000000e7b000 	/System/Library/Frameworks/CoreServices.framework/Versions/A/CoreServices
0x0000000000e7b000 	/System/Library/PrivateFrameworks/PerformanceAnalysis.framework/Versions/A/PerformanceAnalysis
0x0000000000e7b000 	/System/Library/PrivateFrameworks/GenerationalStorage.framework/Versions/A/GenerationalStorage
0x0000000000e7b000 	/System/Library/Frameworks/OpenGL.framework/Versions/A/OpenGL
0x0000000000e7b000 	/System/Library/PrivateFrameworks/Sharing.framework/Versions/A/Sharing
0x0000000000e7b000 	/System/Library/Frameworks/CoreGraphics.framework/Versions/A/CoreGraphics
0x0000000000e7b000 	/System/Library/Frameworks/CoreText.framework/Versions/A/CoreText
0x0000000000e7b000 	/System/Library/Frameworks/ImageIO.framework/Versions/A/ImageIO
0x0000000000e7b000 	/usr/lib/libextension.dylib
0x0000000000e7b000 	/System/Library/PrivateFrameworks/Backup.framework/Versions/A/Backup
0x0000000000e7b000 	/usr/lib/libarchive.2.dylib
0x0000000000e7b000 	/System/Library/Frameworks/CFNetwork.framework/Versions/A/CFNetwork
0x0000000000e7b000 	/System/Library/Frameworks/SystemConfiguration.framework/Versions/A/SystemConfiguration
0x0000000000e7b000 	/usr/lib/libCRFSuite.dylib
0x0000000000e7b000 	/usr/lib/libc++.1.dylib
0x0000000000e7b000 	/usr/lib/libc++abi.dylib
0x0000000000e7b000 	/usr/lib/system/libcache.dylib
0x0000000000e7b000 	/usr/lib/system/libcommonCrypto.dylib
0x0000000000e7b000 	/usr/lib/system/libcompiler_rt.dylib
0x0000000000e7b000 	/usr/lib/system/libcopyfile.dylib
0x0000000000e7b000 	/usr/lib/system/libcorecrypto.dylib
0x0000000000e7b000 	/usr/lib/system/libdispatch.dylib
0x0000000000e7b000 	/usr/lib/system/libdyld.dylib
0x0000000000e7b000 	/usr/lib/system/libkeymgr.dylib
0x0000000000e7b000 	/usr/lib/system/liblaunch.dylib
0x0000000000e7b000 	/usr/lib/system/libmacho.dylib
0x0000000000e7b000 	/usr/lib/system/libquarantine.dylib
0x0000000000e7b000 	/usr/lib/system/libremovefile.dylib
0x0000000000e7b000 	/usr/lib/system/libsystem_asl.dylib
0x0000000000e7b000 	/usr/lib/system/libsystem_blocks.dylib
0x0000000000e7b000 	/usr/lib/system/libsystem_c.dylib
0x0000000000e7b000 	/usr/lib/system/libsystem_configuration.dylib
0x0000000000e7b000 	/usr/lib/system/libsystem_coreservices.dylib
0x0000000000e7b000 	/usr/lib/system/libsystem_coretls.dylib
0x0000000000e7b000 	/usr/lib/system/libsystem_dnssd.dylib
0x0000000000e7b000 	/usr/lib/system/libsystem_info.dylib
0x0000000000e7b000 	/usr/lib/system/libsystem_kernel.dylib
0x0000000000e7b000 	/usr/lib/system/libsystem_m.dylib
0x0000000000e7b000 	/usr/lib/system/libsystem_malloc.dylib
0x0000000000e7b000 	/usr/lib/system/libsystem_network.dylib
0x0000000000e7b000 	/usr/lib/system/libsystem_networkextension.dylib
0x0000000000e7b000 	/usr/lib/system/libsystem_notify.dylib
0x0000000000e7b000 	/usr/lib/system/libsystem_platform.dylib
0x0000000000e7b000 	/usr/lib/system/libsystem_pthread.dylib
0x0000000000e7b000 	/usr/lib/system/libsystem_sandbox.dylib
0x0000000000e7b000 	/usr/lib/system/libsystem_secinit.dylib
0x0000000000e7b000 	/usr/lib/system/libsystem_stats.dylib
0x0000000000e7b000 	/usr/lib/system/libsystem_trace.dylib
0x0000000000e7b000 	/usr/lib/system/libunc.dylib
0x0000000000e7b000 	/usr/lib/system/libunwind.dylib
0x0000000000e7b000 	/usr/lib/system/libxpc.dylib
0x0000000000e7b000 	/usr/lib/libbz2.1.0.dylib
0x0000000000e7b000 	/usr/lib/liblzma.5.dylib
0x0000000000e7b000 	/usr/lib/libbsm.0.dylib
0x0000000000e7b000 	/usr/lib/libsqlite3.dylib
0x0000000000e7b000 	/usr/lib/system/libkxld.dylib
0x0000000000e7b000 	/usr/lib/libxar.1.dylib
0x0000000000e7b000 	/usr/lib/libpam.2.dylib
0x0000000000e7b000 	/usr/lib/libOpenScriptingUtil.dylib
0x0000000000e7b000 	/System/Library/Frameworks/CoreServices.framework/Versions/A/Frameworks/FSEvents.framework/Versions/A/FSEvents
0x0000000000e7b000 	/System/Library/Frameworks/CoreServices.framework/Versions/A/Frameworks/CarbonCore.framework/Versions/A/CarbonCore
0x0000000000e7b000 	/System/Library/Frameworks/CoreServices.framework/Versions/A/Frameworks/Metadata.framework/Versions/A/Metadata
0x0000000000e7b000 	/System/Library/Frameworks/CoreServices.framework/Versions/A/Frameworks/OSServices.framework/Versions/A/OSServices
0x0000000000e7b000 	/System/Library/Frameworks/CoreServices.framework/Versions/A/Frameworks/SearchKit.framework/Versions/A/SearchKit
0x0000000000e7b000 	/System/Library/Frameworks/CoreServices.framework/Versions/A/Frameworks/AE.framework/Versions/A/AE
0x0000000000e7b000 	/System/Library/Frameworks/CoreServices.framework/Versions/A/Frameworks/LaunchServices.framework/Versions/A/LaunchServices
0x0000000000e7b000 	/System/Library/Frameworks/CoreServices.framework/Versions/A/Frameworks/DictionaryServices.framework/Versions/A/DictionaryServices
0x0000000000e7b000 	/System/Library/Frameworks/NetFS.framework/Versions/A/NetFS
0x0000000000e7b000 	/System/Library/PrivateFrameworks/NetAuth.framework/Versions/A/NetAuth
0x0000000000e7b000 	/System/Library/PrivateFrameworks/login.framework/Versions/A/Frameworks/loginsupport.framework/Versions/A/loginsupport
0x0000000000e7b000 	/System/Library/PrivateFrameworks/TCC.framework/Versions/A/TCC
0x0000000000e7b000 	/usr/lib/libmecabra.dylib
0x0000000000e7b000 	/System/Library/PrivateFrameworks/LanguageModeling.framework/Versions/A/LanguageModeling
0x0000000000e7b000 	/usr/lib/libcmph.dylib
0x0000000000e7b000 	/usr/lib/libiconv.2.dylib
0x0000000000e7b000 	/System/Library/Frameworks/OpenDirectory.framework/Versions/A/Frameworks/CFOpenDirectory.framework/Versions/A/CFOpenDirectory
0x0000000000e7b000 	/System/Library/Frameworks/ServiceManagement.framework/Versions/A/ServiceManagement
0x0000000000e7b000 	/usr/lib/libxslt.1.dylib
0x0000000000e7b000 	/System/Library/Frameworks/Carbon.framework/Versions/A/Frameworks/Ink.framework/Versions/A/Ink
0x0000000000e7b000 	/System/Library/Frameworks/ApplicationServices.framework/Versions/A/Frameworks/ATS.framework/Versions/A/ATS
0x0000000000e7b000 	/System/Library/Frameworks/ApplicationServices.framework/Versions/A/Frameworks/ColorSync.framework/Versions/A/ColorSync
0x0000000000e7b000 	/System/Library/Frameworks/ApplicationServices.framework/Versions/A/Frameworks/HIServices.framework/Versions/A/HIServices
0x0000000000e7b000 	/System/Library/Frameworks/ApplicationServices.framework/Versions/A/Frameworks/LangAnalysis.framework/Versions/A/LangAnalysis
0x0000000000e7b000 	/System/Library/Frameworks/ApplicationServices.framework/Versions/A/Frameworks/PrintCore.framework/Versions/A/PrintCore
0x0000000000e7b000 	/System/Library/Frameworks/ApplicationServices.framework/Versions/A/Frameworks/QD.framework/Versions/A/QD
0x0000000000e7b000 	/System/Library/Frameworks/ApplicationServices.framework/Versions/A/Frameworks/SpeechSynthesis.framework/Versions/A/SpeechSynthesis
0x0000000000e7b000 	/System/Library/Frameworks/Accelerate.framework/Versions/A/Accelerate
0x0000000000e7b000 	/System/Library/Frameworks/Accelerate.framework/Versions/A/Frameworks/vImage.framework/Versions/A/vImage
0x0000000000e7b000 	/System/Library/Frameworks/Accelerate.framework/Versions/A/Frameworks/vecLib.framework/Versions/A/vecLib
0x0000000000e7b000 	/System/Library/Frameworks/Accelerate.framework/Versions/A/Frameworks/vecLib.framework/Versions/A/libvDSP.dylib
0x0000000000e7b000 	/System/Library/Frameworks/Accelerate.framework/Versions/A/Frameworks/vecLib.framework/Versions/A/libvMisc.dylib
0x0000000000e7b000 	/System/Library/Frameworks/Accelerate.framework/Versions/A/Frameworks/vecLib.framework/Versions/A/libLAPACK.dylib
0x0000000000e7b000 	/System/Library/Frameworks/Accelerate.framework/Versions/A/Frameworks/vecLib.framework/Versions/A/libBLAS.dylib
0x0000000000e7b000 	/System/Library/Frameworks/Accelerate.framework/Versions/A/Frameworks/vecLib.framework/Versions/A/libLinearAlgebra.dylib
0x0000000000e7b000 	/System/Library/Frameworks/ApplicationServices.framework/Versions/A/Frameworks/ATS.framework/Versions/A/Resources/libFontParser.dylib
0x0000000000e7b000 	/System/Library/Frameworks/ApplicationServices.framework/Versions/A/Frameworks/ATS.framework/Versions/A/Resources/libFontRegistry.dylib
0x0000000000e7b000 	/System/Library/PrivateFrameworks/AppleVPA.framework/Versions/A/AppleVPA
0x0000000000e7b000 	/System/Library/PrivateFrameworks/AppleJPEG.framework/Versions/A/AppleJPEG
0x0000000000e7b000 	/System/Library/Frameworks/ImageIO.framework/Versions/A/Resources/libJPEG.dylib
0x0000000000e7b000 	/System/Library/Frameworks/ImageIO.framework/Versions/A/Resources/libTIFF.dylib
0x0000000000e7b000 	/System/Library/Frameworks/ImageIO.framework/Versions/A/Resources/libPng.dylib
0x0000000000e7b000 	/System/Library/Frameworks/ImageIO.framework/Versions/A/Resources/libGIF.dylib
0x0000000000e7b000 	/System/Library/Frameworks/ImageIO.framework/Versions/A/Resources/libJP2.dylib
0x0000000000e7b000 	/System/Library/Frameworks/ImageIO.framework/Versions/A/Resources/libRadiance.dylib
0x0000000000e7b000 	/System/Library/Frameworks/CoreVideo.framework/Versions/A/CoreVideo
0x0000000000e7b000 	/System/Library/Frameworks/OpenGL.framework/Versions/A/Libraries/libGLU.dylib
0x0000000000e7b000 	/System/Library/Frameworks/OpenGL.framework/Versions/A/Libraries/libGFXShared.dylib
0x0000000000e7b000 	/System/Library/Frameworks/OpenGL.framework/Versions/A/Libraries/libGL.dylib
0x0000000000e7b000 	/System/Library/Frameworks/OpenGL.framework/Versions/A/Libraries/libGLImage.dylib
0x0000000000e7b000 	/System/Library/Frameworks/OpenGL.framework/Versions/A/Libraries/libCVMSPluginSupport.dylib
0x0000000000e7b000 	/System/Library/Frameworks/OpenGL.framework/Versions/A/Libraries/libCoreVMClient.dylib
0x0000000000e7b000 	/usr/lib/libcups.2.dylib
0x0000000000e7b000 	/System/Library/Frameworks/Kerberos.framework/Versions/A/Kerberos
0x0000000000e7b000 	/System/Library/Frameworks/GSS.framework/Versions/A/GSS
0x0000000000e7b000 	/usr/lib/libresolv.9.dylib
0x0000000000e7b000 	/System/Library/PrivateFrameworks/Heimdal.framework/Versions/A/Heimdal
0x0000000000e7b000 	/usr/lib/libheimdal-asn1.dylib
0x0000000000e7b000 	/System/Library/Frameworks/OpenDirectory.framework/Versions/A/OpenDirectory
0x0000000000e7b000 	/System/Library/PrivateFrameworks/CommonAuth.framework/Versions/A/CommonAuth
0x0000000000e7b000 	/System/Library/Frameworks/SecurityFoundation.framework/Versions/A/SecurityFoundation
0x0000000000e7b000 	/System/Library/Frameworks/QuartzCore.framework/Versions/A/Frameworks/CoreImage.framework/Versions/A/CoreImage
0x0000000000e7b000 	/System/Library/PrivateFrameworks/CrashReporterSupport.framework/Versions/A/CrashReporterSupport
0x0000000000e7b000 	/System/Library/Frameworks/OpenCL.framework/Versions/A/OpenCL
0x0000000000e7b000 	/System/Library/PrivateFrameworks/FaceCore.framework/Versions/A/FaceCore
0x0000000000e7b000 	/System/Library/PrivateFrameworks/Ubiquity.framework/Versions/A/Ubiquity
0x0000000000e7b000 	/System/Library/PrivateFrameworks/IconServices.framework/Versions/A/IconServices
0x0000000000e7b000 	/System/Library/PrivateFrameworks/ChunkingLibrary.framework/Versions/A/ChunkingLibrary
0x0000000000e7b000 	/System/Library/PrivateFrameworks/Apple80211.framework/Versions/A/Apple80211
0x0000000000e7b000 	/System/Library/Frameworks/CoreWLAN.framework/Versions/A/CoreWLAN
0x0000000000e7b000 	/System/Library/Frameworks/IOBluetooth.framework/Versions/A/IOBluetooth
0x0000000000e7b000 	/System/Library/PrivateFrameworks/CoreWiFi.framework/Versions/A/CoreWiFi
0x0000000000e7b000 	/System/Library/Frameworks/CoreBluetooth.framework/Versions/A/CoreBluetooth
0x0000000000e7b000 	/System/Library/PrivateFrameworks/DebugSymbols.framework/Versions/A/DebugSymbols
0x0000000000e7b000 	/System/Library/PrivateFrameworks/CoreSymbolication.framework/Versions/A/CoreSymbolication
0x0000000000e7b000 	/System/Library/PrivateFrameworks/Symbolication.framework/Versions/A/Symbolication
0x0000000000e7b000 	/System/Library/PrivateFrameworks/SpeechRecognitionCore.framework/Versions/A/SpeechRecognitionCore
0x0000000105a00000 	/Library/Java/JavaVirtualMachines/jdk1.8.0_102.jdk/Contents/Home/jre/lib/server/libjvm.dylib
0x0000000000e7b000 	/usr/lib/libstdc++.6.dylib
0x0000000105174000 	/Library/Java/JavaVirtualMachines/jdk1.8.0_102.jdk/Contents/Home/jre/lib/libverify.dylib
0x0000000105182000 	/Library/Java/JavaVirtualMachines/jdk1.8.0_102.jdk/Contents/Home/jre/lib/libjava.dylib
0x00000001051c1000 	/Library/Java/JavaVirtualMachines/jdk1.8.0_102.jdk/Contents/Home/jre/lib/libzip.dylib
0x000000011a47c000 	/System/Library/Frameworks/JavaVM.framework/Frameworks/JavaRuntimeSupport.framework/JavaRuntimeSupport
0x000000011a494000 	/System/Library/Frameworks/JavaVM.framework/Versions/A/Frameworks/JavaNativeFoundation.framework/Versions/A/JavaNativeFoundation
0x000000011a4a9000 	/System/Library/Frameworks/JavaVM.framework/Versions/A/JavaVM
0x0000000000e7b000 	/System/Library/Frameworks/Carbon.framework/Versions/A/Carbon
0x000000011a4b6000 	/System/Library/PrivateFrameworks/JavaLaunching.framework/Versions/A/JavaLaunching
0x0000000000e7b000 	/System/Library/Frameworks/Carbon.framework/Versions/A/Frameworks/CommonPanels.framework/Versions/A/CommonPanels
0x0000000000e7b000 	/System/Library/Frameworks/Carbon.framework/Versions/A/Frameworks/Help.framework/Versions/A/Help
0x0000000000e7b000 	/System/Library/Frameworks/Carbon.framework/Versions/A/Frameworks/ImageCapture.framework/Versions/A/ImageCapture
0x0000000000e7b000 	/System/Library/Frameworks/Carbon.framework/Versions/A/Frameworks/OpenScripting.framework/Versions/A/OpenScripting
0x0000000000e7b000 	/System/Library/Frameworks/Carbon.framework/Versions/A/Frameworks/Print.framework/Versions/A/Print
0x0000000000e7b000 	/System/Library/Frameworks/Carbon.framework/Versions/A/Frameworks/SecurityHI.framework/Versions/A/SecurityHI
0x000000011c310000 	/Library/Java/JavaVirtualMachines/jdk1.8.0_102.jdk/Contents/Home/jre/lib/libawt.dylib
0x000000011c3b8000 	/Library/Java/JavaVirtualMachines/jdk1.8.0_102.jdk/Contents/Home/jre/lib/./libmlib_image.dylib
0x000000011c484000 	/Library/Java/JavaVirtualMachines/jdk1.8.0_102.jdk/Contents/Home/jre/lib/libawt_lwawt.dylib
0x000000011c539000 	/Library/Java/JavaVirtualMachines/jdk1.8.0_102.jdk/Contents/Home/jre/lib/./libosxapp.dylib
0x0000000000e7b000 	/System/Library/Frameworks/ExceptionHandling.framework/Versions/A/ExceptionHandling
0x0000000000e7b000 	/System/Library/PrivateFrameworks/CoreServicesInternal.framework/Versions/A/CoreServicesInternal
0x0000000000e7b000 	/System/Library/PrivateFrameworks/CloudDocs.framework/Versions/A/CloudDocs
0x0000000000e7b000 	/System/Library/PrivateFrameworks/CoreDuet.framework/Versions/A/CoreDuet
0x0000000000e7b000 	/System/Library/Frameworks/CloudKit.framework/Versions/A/CloudKit
0x0000000000e7b000 	/System/Library/PrivateFrameworks/ProtocolBuffer.framework/Versions/A/ProtocolBuffer
0x0000000000e7b000 	/System/Library/PrivateFrameworks/CoreDuetDaemonProtocol.framework/Versions/A/CoreDuetDaemonProtocol
0x0000000000e7b000 	/System/Library/PrivateFrameworks/CoreDuetDebugLogging.framework/Versions/A/CoreDuetDebugLogging
0x0000000000e7b000 	/System/Library/Frameworks/CoreLocation.framework/Versions/A/CoreLocation
0x0000000000e7b000 	/System/Library/Frameworks/Accounts.framework/Versions/A/Accounts
0x0000000000e7b000 	/System/Library/PrivateFrameworks/ApplePushService.framework/Versions/A/ApplePushService
0x0000000000e7b000 	/System/Library/PrivateFrameworks/GeoServices.framework/Versions/A/GeoServices
0x0000000000e7b000 	/System/Library/PrivateFrameworks/OAuth.framework/Versions/A/OAuth
0x0000000000e7b000 	/System/Library/PrivateFrameworks/CoreDaemon.framework/Versions/B/CoreDaemon
0x0000000000e7b000 	/usr/lib/libcrypto.0.9.8.dylib
0x0000000000e7b000 	/System/Library/PrivateFrameworks/AppleSRP.framework/Versions/A/AppleSRP
0x0000000000e7b000 	/System/Library/PrivateFrameworks/TrustEvaluationAgent.framework/Versions/A/TrustEvaluationAgent
0x0000000000e7b000 	/System/Library/Frameworks/CoreGraphics.framework/Versions/A/Resources/libCGCMS.A.dylib
0x0000000000e7b000 	/System/Library/Frameworks/CoreGraphics.framework/Versions/A/Resources/libRIP.A.dylib
0x0000000000e7b000 	/System/Library/Frameworks/CoreGraphics.framework/Versions/A/Resources/libCGXType.A.dylib
0x0000000000e7b000 	/System/Library/Frameworks/OpenCL.framework/Versions/A/Libraries/libcldcpuengine.dylib
0x0000000000e7b000 	/System/Library/PrivateFrameworks/DiskImages.framework/Versions/A/DiskImages
0x0000000000e7b000 	/System/Library/Frameworks/DiscRecording.framework/Versions/A/DiscRecording
0x0000000000e7b000 	/usr/lib/libcsfde.dylib
0x0000000000e7b000 	/usr/lib/libcurl.4.dylib
0x0000000000e7b000 	/System/Library/PrivateFrameworks/MediaKit.framework/Versions/A/MediaKit
0x0000000000e7b000 	/System/Library/PrivateFrameworks/ProtectedCloudStorage.framework/Versions/A/ProtectedCloudStorage
0x0000000000e7b000 	/usr/lib/libCoreStorage.dylib
0x0000000000e7b000 	/System/Library/PrivateFrameworks/EFILogin.framework/Versions/A/EFILogin
0x0000000000e7b000 	/usr/lib/libutil.dylib
0x0000000000e7b000 	/System/Library/PrivateFrameworks/FindMyDevice.framework/Versions/A/FindMyDevice
0x0000000000e7b000 	/System/Library/Frameworks/LDAP.framework/Versions/A/LDAP
0x0000000000e7b000 	/usr/lib/libsasl2.2.dylib
0x000000011f026000 	cl_kernels
0x000000011f028000 	/System/Library/Frameworks/OpenCL.framework/Versions/A/Libraries/ImageFormats/unorm8_bgra.dylib
0x000000011f017000 	cl_kernels
0x0000000000e7b000 	/System/Library/PrivateFrameworks/FamilyControls.framework/Versions/A/FamilyControls
0x0000000000e7b000 	/System/Library/PrivateFrameworks/CommerceKit.framework/Versions/A/Frameworks/CommerceCore.framework/Versions/A/CommerceCore
0x0000000000e7b000 	/System/Library/PrivateFrameworks/SystemAdministration.framework/Versions/A/SystemAdministration
0x0000000000e7b000 	/System/Library/PrivateFrameworks/AppContainer.framework/Versions/A/AppContainer
0x0000000000e7b000 	/System/Library/PrivateFrameworks/SecCodeWrapper.framework/Versions/A/SecCodeWrapper
0x0000000000e7b000 	/System/Library/Frameworks/DirectoryService.framework/Versions/A/DirectoryService
0x0000000000e7b000 	/System/Library/PrivateFrameworks/LoginUIKit.framework/Versions/A/Frameworks/LoginUICore.framework/Versions/A/LoginUICore
0x0000000000e7b000 	/usr/lib/libodfde.dylib
0x0000000000e7b000 	/System/Library/Frameworks/OpenGL.framework/Versions/A/Resources/GLEngine.bundle/GLEngine
0x0000000000e7b000 	/System/Library/Frameworks/OpenGL.framework/Versions/A/Libraries/libGLProgrammability.dylib
0x0000000000000000 	/System/Library/Extensions/AppleIntelHD5000GraphicsGLDriver.bundle/Contents/MacOS/AppleIntelHD5000GraphicsGLDriver
0x0000000000e7b000 	/System/Library/PrivateFrameworks/IOAccelerator.framework/Versions/A/IOAccelerator
0x0000000000e7b000 	/System/Library/PrivateFrameworks/GPUSupport.framework/Versions/A/Libraries/libGPUSupportMercury.dylib
0x0000000000e7b000 	/System/Library/Frameworks/OpenGL.framework/Versions/A/Resources/GLRendererFloat.bundle/GLRendererFloat
0x0000000120d16000 	/Library/Java/JavaVirtualMachines/jdk1.8.0_102.jdk/Contents/Home/jre/lib/libfontmanager.dylib
0x0000000121fbb000 	/Library/Java/JavaVirtualMachines/jdk1.8.0_102.jdk/Contents/Home/jre/lib/libosxui.dylib
0x000000012228e000 	/Library/Java/JavaVirtualMachines/jdk1.8.0_102.jdk/Contents/Home/jre/lib/libnet.dylib
0x0000000122044000 	/Library/Java/JavaVirtualMachines/jdk1.8.0_102.jdk/Contents/Home/jre/lib/libnio.dylib
0x0000000000e7b000 	/System/Library/Frameworks/ApplicationServices.framework/Versions/A/Frameworks/ATS.framework/Versions/A/Resources/libTrueTypeScaler.dylib
0x000000017fd3c000 	/private/var/folders/zw/bgqy237d46x7490l5q8zg59m0000gn/T/jogamp_0000/file_cache/jln4995626976876380686/jln6344336645484690629/libgluegen-rt.jnilib
0x0000000121e13000 	/private/var/folders/zw/bgqy237d46x7490l5q8zg59m0000gn/T/jogamp_0000/file_cache/jln4995626976876380686/jln6344336645484690629/libnativewindow_awt.jnilib
0x0000000123fef000 	/Library/Java/JavaVirtualMachines/jdk1.8.0_102.jdk/Contents/Home/jre/lib/libjawt.dylib
0x000000017fed6000 	/private/var/folders/zw/bgqy237d46x7490l5q8zg59m0000gn/T/jogamp_0000/file_cache/jln4995626976876380686/jln6344336645484690629/libnativewindow_macosx.jnilib
0x0000000182723000 	/private/var/folders/zw/bgqy237d46x7490l5q8zg59m0000gn/T/jogamp_0000/file_cache/jln4995626976876380686/jln6344336645484690629/libjogl_desktop.jnilib

VM Arguments:
jvm_args: -Djava.library.path=/Users/irtezanasir/Desktop/Eclipse Projects/Building_Viewer/lib/base/dxf:/Users/irtezanasir/Desktop/Eclipse Projects/Building_Viewer/lib/base/minim:/Users/irtezanasir/Desktop/Eclipse Projects/Building_Viewer/lib/base/minim:/Users/irtezanasir/Desktop/Eclipse Projects/Building_Viewer/lib/base/minim:/Users/irtezanasir/Desktop/Eclipse Projects/Building_Viewer/lib/base/minim:/Users/irtezanasir/Desktop/Eclipse Projects/Building_Viewer/lib/base/minim:/Users/irtezanasir/Desktop/Eclipse Projects/Building_Viewer/lib/base/minim:/Users/irtezanasir/Desktop/Eclipse Projects/Building_Viewer/lib/base/net:/Users/irtezanasir/Desktop/Eclipse Projects/Building_Viewer/lib/base/pdf:/Users/irtezanasir/Desktop/Eclipse Projects/Building_Viewer/lib/base/pdf:/Users/irtezanasir/Desktop/Eclipse Projects/Building_Viewer/lib/base/serial:/Users/irtezanasir/Desktop/Eclipse Projects/Building_Viewer/lib/base/serial:/Users/irtezanasir/Desktop/Eclipse Projects/Building_Viewer/lib/base/video:/Users/irtezanasir/Desktop/Eclipse Projects/Building_Viewer/lib/base/video:/Users/irtezanasir/Desktop/Eclipse Projects/Building_Viewer/lib/base/video:/Users/irtezanasir/Desktop/Eclipse Projects/Building_Viewer/lib/base/core:/Users/irtezanasir/Desktop/Eclipse Projects/Building_Viewer/lib/base/core:/Users/irtezanasir/Desktop/Eclipse Projects/Building_Viewer/lib/base/core:/Users/irtezanasir/Desktop/Eclipse Projects/Building_Viewer/lib/base/core:/Users/irtezanasir/Desktop/Eclipse Projects/Building_Viewer/lib/base/core:/Users/irtezanasir/Desktop/Eclipse Projects/Building_Viewer/lib/base/core:/Users/irtezanasir/Desktop/Eclipse Projects/Building_Viewer/lib/base/core:/Users/irtezanasir/Desktop/Eclipse Projects/Building_Viewer/lib/base/core:/Users/irtezanasir/Desktop/Eclipse Projects/Building_Viewer/lib/base/core:/Users/irtezanasir/Desktop/Eclipse Projects/Building_Viewer/lib/base/core:/Users/irtezanasir/Desktop/Eclipse Projects/Building_Viewer/lib/base/core:/Users/irtezanasir/Desktop/Eclipse Projects/Bu-Djava.security.policy=java.policy.applet -Dfile.encoding=UTF-8 
java_command: sun.applet.AppletViewer buildingviewer.BuildingViewer1474672613913.html
java_class_path (initial): /Users/irtezanasir/Desktop/Eclipse Projects/Building_Viewer/bin:/Users/irtezanasir/Desktop/Eclipse Projects/Building_Viewer/lib/base/dxf/dxf.jar:/Users/irtezanasir/Desktop/Eclipse Projects/Building_Viewer/lib/base/minim/jl1.0.jar:/Users/irtezanasir/Desktop/Eclipse Projects/Building_Viewer/lib/base/minim/jsminim.jar:/Users/irtezanasir/Desktop/Eclipse Projects/Building_Viewer/lib/base/minim/minim.jar:/Users/irtezanasir/Desktop/Eclipse Projects/Building_Viewer/lib/base/minim/mp3spi1.9.4.jar:/Users/irtezanasir/Desktop/Eclipse Projects/Building_Viewer/lib/base/minim/tritonus_aos.jar:/Users/irtezanasir/Desktop/Eclipse Projects/Building_Viewer/lib/base/minim/tritonus_share.jar:/Users/irtezanasir/Desktop/Eclipse Projects/Building_Viewer/lib/base/net/net.jar:/Users/irtezanasir/Desktop/Eclipse Projects/Building_Viewer/lib/base/pdf/itext.jar:/Users/irtezanasir/Desktop/Eclipse Projects/Building_Viewer/lib/base/pdf/pdf.jar:/Users/irtezanasir/Desktop/Eclipse Projects/Building_Viewer/lib/base/serial/jssc.jar:/Users/irtezanasir/Desktop/Eclipse Projects/Building_Viewer/lib/base/serial/serial.jar:/Users/irtezanasir/Desktop/Eclipse Projects/Building_Viewer/lib/base/video/gstreamer-java.jar:/Users/irtezanasir/Desktop/Eclipse Projects/Building_Viewer/lib/base/video/jna.jar:/Users/irtezanasir/Desktop/Eclipse Projects/Building_Viewer/lib/base/video/video.jar:/Users/irtezanasir/Desktop/Eclipse Projects/Building_Viewer/lib/base/core/core.jar:/Users/irtezanasir/Desktop/Eclipse Projects/Building_Viewer/lib/base/core/gluegen-rt-natives-linux-amd64.jar:/Users/irtezanasir/Desktop/Eclipse Projects/Building_Viewer/lib/base/core/gluegen-rt-natives-linux-armv6hf.jar:/Users/irtezanasir/Desktop/Eclipse Projects/Building_Viewer/lib/base/core/gluegen-rt-natives-linux-i586.jar:/Users/irtezanasir/Desktop/Eclipse Projects/Building_Viewer/lib/base/core/gluegen-rt-natives-macosx-universal.jar:/Users/irtezanasir/Desktop/Eclipse Projects/Building_Viewer/lib/base/core/gluegen-rt-nat
Launcher Type: SUN_STANDARD

Environment Variables:
PATH=/usr/bin:/bin:/usr/sbin:/sbin
SHELL=/bin/bash

Signal Handlers:
SIGSEGV: [libjvm.dylib+0x5b0579], sa_mask[0]=11111111011111110111111111111111, sa_flags=SA_ONSTACK|SA_RESTART|SA_SIGINFO
SIGBUS: [libjvm.dylib+0x5b0579], sa_mask[0]=11111111011111110111111111111111, sa_flags=SA_RESTART|SA_SIGINFO
SIGFPE: [libjvm.dylib+0x4874e4], sa_mask[0]=11111111011111110111111111111111, sa_flags=SA_RESTART|SA_SIGINFO
SIGPIPE: [libjvm.dylib+0x4874e4], sa_mask[0]=11111111011111110111111111111111, sa_flags=SA_RESTART|SA_SIGINFO
SIGXFSZ: [libjvm.dylib+0x4874e4], sa_mask[0]=11111111011111110111111111111111, sa_flags=SA_RESTART|SA_SIGINFO
SIGILL: [libjvm.dylib+0x4874e4], sa_mask[0]=11111111011111110111111111111111, sa_flags=SA_RESTART|SA_SIGINFO
SIGUSR1: SIG_DFL, sa_mask[0]=00000000000000000000000000000000, sa_flags=none
SIGUSR2: [libjvm.dylib+0x487002], sa_mask[0]=00100000000000000000000000000000, sa_flags=SA_RESTART|SA_SIGINFO
SIGHUP: [libjvm.dylib+0x4855d9], sa_mask[0]=11111111011111110111111111111111, sa_flags=SA_RESTART|SA_SIGINFO
SIGINT: [libjvm.dylib+0x4855d9], sa_mask[0]=11111111011111110111111111111111, sa_flags=SA_RESTART|SA_SIGINFO
SIGTERM: [libjvm.dylib+0x4855d9], sa_mask[0]=11111111011111110111111111111111, sa_flags=SA_RESTART|SA_SIGINFO
SIGQUIT: [libjvm.dylib+0x4855d9], sa_mask[0]=11111111011111110111111111111111, sa_flags=SA_RESTART|SA_SIGINFO


---------------  S Y S T E M  ---------------

OS:Bsduname:Darwin 14.0.0 Darwin Kernel Version 14.0.0: Fri Sep 19 00:26:44 PDT 2014; root:xnu-2782.1.97~2/RELEASE_X86_64 x86_64
rlimit: STACK 8192k, CORE 0k, NPROC 709, NOFILE 10240, AS infinity
load average:1.36 1.54 1.56

CPU:total 4 (2 cores per cpu, 2 threads per core) family 6 model 69 stepping 1, cmov, cx8, fxsr, mmx, sse, sse2, sse3, ssse3, sse4.1, sse4.2, popcnt, avx, avx2, aes, clmul, erms, lzcnt, ht, tsc, tscinvbit, bmi1, bmi2

Memory: 4k page, physical 4194304k(229284k free)

/proc/meminfo:


vm_info: Java HotSpot(TM) 64-Bit Server VM (25.102-b14) for bsd-amd64 JRE (1.8.0_102-b14), built on Jun 22 2016 11:42:36 by "java_re" with gcc 4.2.1 (Based on Apple Inc. build 5658) (LLVM build 2336.11.00)

time: Fri Sep 23 18:18:18 2016
elapsed time: 84 seconds (0d 0h 1m 24s)

