#
# A fatal error has been detected by the Java Runtime Environment:
#
#  SIGSEGV (0xb) at pc=0x00007fff8d6d50dd, pid=51722, tid=0x0000000000000713
#
# JRE version: Java(TM) SE Runtime Environment (8.0_102-b14) (build 1.8.0_102-b14)
# Java VM: Java HotSpot(TM) 64-Bit Server VM (25.102-b14 mixed mode bsd-amd64 compressed oops)
# Problematic frame:
# C  [libobjc.A.dylib+0x10dd]  objc_msgSend+0x1d
#
# Failed to write core dump. Core dumps have been disabled. To enable core dumping, try "ulimit -c unlimited" before starting Java again
#
# If you would like to submit a bug report, please visit:
#   http://bugreport.java.com/bugreport/crash.jsp
# The crash happened outside the Java Virtual Machine in native code.
# See problematic frame for where to report the bug.
#

---------------  T H R E A D  ---------------

Current thread (0x00007ff901892000):  JavaThread "AWT-AppKit" daemon [_thread_in_native, id=1811, stack(0x00007fff4fb62000,0x00007fff50362000)]

siginfo: si_signo: 11 (SIGSEGV), si_code: 1 (SEGV_MAPERR), si_addr: 0x000007ff90546a70

Registers:
RAX=0x00007ff9052ca660, RBX=0x000000018a77f3b0, RCX=0x000000012b849600, RDX=0x000000012b849220
RSP=0x00007fff5035bf78, RBP=0x00007fff5035c030, RSI=0x00007fff818154c7, RDI=0x00007ff90178a7b0
R8 =0x0000000000000000, R9 =0x0000000000000e80, R10=0x00007fff818154c7, R11=0x000007ff90546a58
R12=0x0000000000000000, R13=0x000000018d32a070, R14=0x000000018a77f3a0, R15=0x00007ff901892000
RIP=0x00007fff8d6d50dd, EFLAGS=0x0000000000010202, ERR=0x0000000000000004
  TRAPNO=0x000000000000000e

Top of Stack: (sp=0x00007fff5035bf78)
0x00007fff5035bf78:   000000018a77d5d7 00007fff5035bfd0
0x00007fff5035bf88:   0000000000000003 00007fff5035bfb0
0x00007fff5035bf98:   000000010fb8fe32 000000018d32a070
0x00007fff5035bfa8:   000000018d32a070 00007ff9052ca660
0x00007fff5035bfb8:   000000018a77f5c0 000000018a77f640
0x00007fff5035bfc8:   000000018a77f3b0 00007fff721bf550
0x00007fff5035bfd8:   000000018a77f5d0 00007fff71959bb0
0x00007fff5035bfe8:   00007ff9052ca660 00007ff90178a7b0
0x00007fff5035bff8:   00007ff901406730 00007ff9052ca660
0x00007fff5035c008:   00007ff90178a7b0 00007fff5035c0b0
0x00007fff5035c018:   00007ff9018921f8 000000018d32a070
0x00007fff5035c028:   00007fff5035c0d8 00007fff5035c0a0
0x00007fff5035c038:   000000011131a9d4 00007fff5035c0a0
0x00007fff5035c048:   000000011131a759 0000000111326983
0x00007fff5035c058:   000000011131a722 00007fff5035c060
0x00007fff5035c068:   000000018d32a070 00007fff5035c0d8
0x00007fff5035c078:   000000018d32c860 0000000000000000
0x00007fff5035c088:   000000018d32a070 0000000000000000
0x00007fff5035c098:   00007fff5035c0c0 00007fff5035c120
0x00007fff5035c0a8:   000000011130b2bd 00000007abce55b0
0x00007fff5035c0b8:   0000000111314538 00007ff9052ca660
0x00007fff5035c0c8:   0000000111315e39 00007ff90178a7b0
0x00007fff5035c0d8:   0000000111315e02 00007fff5035c0e0
0x00007fff5035c0e8:   000000018d32a23a 00007fff5035c148
0x00007fff5035c0f8:   000000018d32c860 0000000000000000
0x00007fff5035c108:   000000018d32a248 00007fff5035c0c0
0x00007fff5035c118:   00007fff5035c130 00007fff5035c190
0x00007fff5035c128:   000000011130b2bd 00007ff9052ca660
0x00007fff5035c138:   00000007abb3c9d0 00007ff90178a7b0
0x00007fff5035c148:   00000007abb3c9d0 00007fff5035c150
0x00007fff5035c158:   000000019386b686 00007fff5035c1a0
0x00007fff5035c168:   000000019386b740 0000000000000000 

Instructions: (pc=0x00007fff8d6d50dd)
0x00007fff8d6d50bd:   00 00 00 48 85 ff 2e 74 7a 40 f6 c7 01 2e 75 7e
0x00007fff8d6d50cd:   49 bb f8 ff ff ff ff 7f 00 00 4c 23 1f 49 89 f2
0x00007fff8d6d50dd:   45 23 53 18 49 c1 e2 04 4d 03 53 10 49 3b 32 75
0x00007fff8d6d50ed:   04 41 ff 62 08 49 83 3a 00 74 6a 4d 3b 53 10 74 

Register to memory mapping:

RAX=0x00007ff9052ca660 is an unknown value
RBX=0x000000018a77f3b0: Java_jogamp_nativewindow_macosx_OSXUtil_GetScreenRefreshRate0+0x1850 in /private/var/folders/zw/bgqy237d46x7490l5q8zg59m0000gn/T/jogamp_0000/file_cache/jln9014115693190441881/jln3825056280435779584/libnativewindow_macosx.jnilib at 0x000000018a778000
RCX=0x000000012b849600 is an unknown value
RDX=0x000000012b849220 is an unknown value
RSP=0x00007fff5035bf78 is pointing into the stack for thread: 0x00007ff901892000
RBP=0x00007fff5035c030 is pointing into the stack for thread: 0x00007ff901892000
RSI=0x00007fff818154c7 is an unknown value
RDI=0x00007ff90178a7b0 is an unknown value
R8 =0x0000000000000000 is an unknown value
R9 =0x0000000000000e80 is an unknown value
R10=0x00007fff818154c7 is an unknown value
R11=0x000007ff90546a58 is an unknown value
R12=0x0000000000000000 is an unknown value
R13={method} {0x000000018d32a070} 'UnsetJAWTRootSurfaceLayer0' '(JJ)V' in 'jogamp/nativewindow/jawt/macosx/MacOSXJAWTWindow'
R14=0x000000018a77f3a0: Java_jogamp_nativewindow_macosx_OSXUtil_GetScreenRefreshRate0+0x1840 in /private/var/folders/zw/bgqy237d46x7490l5q8zg59m0000gn/T/jogamp_0000/file_cache/jln9014115693190441881/jln3825056280435779584/libnativewindow_macosx.jnilib at 0x000000018a778000
R15=0x00007ff901892000 is a thread


Stack: [0x00007fff4fb62000,0x00007fff50362000],  sp=0x00007fff5035bf78,  free space=8167k
Native frames: (J=compiled Java code, j=interpreted, Vv=VM code, C=native code)
C  [libobjc.A.dylib+0x10dd]  objc_msgSend+0x1d
j  jogamp.nativewindow.jawt.macosx.MacOSXJAWTWindow.UnsetJAWTRootSurfaceLayer0(JJ)V+0
j  jogamp.nativewindow.jawt.macosx.MacOSXJAWTWindow.access$200(JJ)V+2
j  jogamp.nativewindow.jawt.macosx.MacOSXJAWTWindow$1.run()V+38
j  com.jogamp.common.util.RunnableTask.run()V+24
v  ~StubRoutines::call_stub
V  [libjvm.dylib+0x2ed5e2]  JavaCalls::call_helper(JavaValue*, methodHandle*, JavaCallArguments*, Thread*)+0x6ae
V  [libjvm.dylib+0x324771]  jni_invoke_nonstatic(JNIEnv_*, JavaValue*, _jobject*, JNICallType, _jmethodID*, JNI_ArgumentPusher*, Thread*)+0x2ec
V  [libjvm.dylib+0x316f3f]  jni_CallVoidMethod+0x16b
C  [libnativewindow_macosx.jnilib+0x57ae]  Java_jogamp_nativewindow_jawt_macosx_MacOSXJAWTWindow_UnsetJAWTRootSurfaceLayer0+0x2be
C  [Foundation+0x65f4c]  __NSThreadPerformPerform+0x125
C  [CoreFoundation+0x80661]  __CFRUNLOOP_IS_CALLING_OUT_TO_A_SOURCE0_PERFORM_FUNCTION__+0x11
C  [CoreFoundation+0x728bc]  __CFRunLoopDoSources0+0x1dc
C  [CoreFoundation+0x71e1f]  __CFRunLoopRun+0x39f
C  [CoreFoundation+0x71838]  CFRunLoopRunSpecific+0x128
C  [HIToolbox+0x2e43f]  RunCurrentEventLoopInMode+0xeb
C  [HIToolbox+0x2e0be]  ReceiveNextEventCommon+0xb3
C  [HIToolbox+0x2dffb]  _BlockUntilNextEventMatchingListInModeWithFilter+0x47
C  [AppKit+0x24821]  _DPSNextEvent+0x3c4
C  [AppKit+0x23fd0]  -[NSApplication nextEventMatchingMask:untilDate:inMode:dequeue:]+0xc2
C  [libosxapp.dylib+0x23aa]  -[NSApplicationAWT nextEventMatchingMask:untilDate:inMode:dequeue:]+0x7c
C  [AppKit+0x17f73]  -[NSApplication run]+0x252
C  [libosxapp.dylib+0x214d]  +[NSApplicationAWT runAWTLoopWithApp:]+0x9c
C  [libawt_lwawt.dylib+0x444b3]  -[AWTStarter starter:]+0x389
C  [Foundation+0x65f4c]  __NSThreadPerformPerform+0x125
C  [CoreFoundation+0x80661]  __CFRUNLOOP_IS_CALLING_OUT_TO_A_SOURCE0_PERFORM_FUNCTION__+0x11
C  [CoreFoundation+0x727ed]  __CFRunLoopDoSources0+0x10d
C  [CoreFoundation+0x71e1f]  __CFRunLoopRun+0x39f
C  [CoreFoundation+0x71838]  CFRunLoopRunSpecific+0x128
C  [java+0x6465]  CreateExecutionEnvironment+0x367
C  [java+0x218c]  JLI_Launch+0x7a0
C  [java+0x84c2]  main+0x65
C  [java+0x19e4]  start+0x34
C  0x0000000000000008

Java frames: (J=compiled Java code, j=interpreted, Vv=VM code)
j  jogamp.nativewindow.jawt.macosx.MacOSXJAWTWindow.UnsetJAWTRootSurfaceLayer0(JJ)V+0
j  jogamp.nativewindow.jawt.macosx.MacOSXJAWTWindow.access$200(JJ)V+2
j  jogamp.nativewindow.jawt.macosx.MacOSXJAWTWindow$1.run()V+38
j  com.jogamp.common.util.RunnableTask.run()V+24
v  ~StubRoutines::call_stub

---------------  P R O C E S S  ---------------

Java Threads: ( => current thread )
  0x00007ff902863800 JavaThread "Thread-3" [_thread_blocked, id=36627, stack(0x000000018db3d000,0x000000018dc3d000)]
  0x00007ff902af4000 JavaThread "AWT-EventQueue-1" [_thread_in_native, id=56339, stack(0x000000018ac69000,0x000000018ad69000)]
  0x00007ff901ac0800 JavaThread "DestroyJavaVM" [_thread_blocked, id=4867, stack(0x0000000111201000,0x0000000111301000)]
  0x00007ff9019e1800 JavaThread "AWT-EventQueue-0" [_thread_blocked, id=53763, stack(0x000000012c85e000,0x000000012c95e000)]
  0x00007ff901990800 JavaThread "Java2D Disposer" daemon [_thread_blocked, id=50711, stack(0x000000012b5da000,0x000000012b6da000)]
  0x00007ff9019b2800 JavaThread "Java2D Queue Flusher" daemon [_thread_blocked, id=49415, stack(0x000000012ac38000,0x000000012ad38000)]
  0x00007ff90191d000 JavaThread "AWT-Shutdown" [_thread_blocked, id=28179, stack(0x00000001281ec000,0x00000001282ec000)]
=>0x00007ff901892000 JavaThread "AWT-AppKit" daemon [_thread_in_native, id=1811, stack(0x00007fff4fb62000,0x00007fff50362000)]
  0x00007ff90182c000 JavaThread "Service Thread" daemon [_thread_blocked, id=17923, stack(0x000000012698f000,0x0000000126a8f000)]
  0x00007ff90182d800 JavaThread "C1 CompilerThread2" daemon [_thread_blocked, id=17411, stack(0x000000012688c000,0x000000012698c000)]
  0x00007ff90182d000 JavaThread "C2 CompilerThread1" daemon [_thread_blocked, id=16899, stack(0x0000000126789000,0x0000000126889000)]
  0x00007ff902812000 JavaThread "C2 CompilerThread0" daemon [_thread_blocked, id=16387, stack(0x0000000126686000,0x0000000126786000)]
  0x00007ff903028000 JavaThread "Signal Dispatcher" daemon [_thread_blocked, id=12307, stack(0x0000000126583000,0x0000000126683000)]
  0x00007ff903021000 JavaThread "Finalizer" daemon [_thread_blocked, id=11523, stack(0x0000000124cd4000,0x0000000124dd4000)]
  0x00007ff90301e000 JavaThread "Reference Handler" daemon [_thread_blocked, id=11011, stack(0x0000000124bd1000,0x0000000124cd1000)]

Other Threads:
  0x00007ff90301b800 VMThread [stack: 0x0000000124ace000,0x0000000124bce000] [id=10499]
  0x00007ff90182e800 WatcherThread [stack: 0x0000000126a92000,0x0000000126b92000] [id=18435]

VM state:not at safepoint (normal execution)

VM Mutex/Monitor currently owned by a thread: None

Heap:
 PSYoungGen      total 18944K, used 16183K [0x00000007aab00000, 0x00000007ac000000, 0x00000007c0000000)
  eden space 16384K, 83% used [0x00000007aab00000,0x00000007ab855db8,0x00000007abb00000)
  from space 2560K, 98% used [0x00000007abb00000,0x00000007abd78040,0x00000007abd80000)
  to   space 2560K, 0% used [0x00000007abd80000,0x00000007abd80000,0x00000007ac000000)
 ParOldGen       total 44032K, used 5245K [0x0000000780000000, 0x0000000782b00000, 0x00000007aab00000)
  object space 44032K, 11% used [0x0000000780000000,0x000000078051f4e8,0x0000000782b00000)
 Metaspace       used 18967K, capacity 19135K, committed 19456K, reserved 1067008K
  class space    used 1915K, capacity 1980K, committed 2048K, reserved 1048576K

Card table byte_map: [0x00000001206c3000,0x00000001208c4000] byte_map_base: 0x000000011cac3000

Marking Bits: (ParMarkBitMap*) 0x000000011028cd20
 Begin Bits: [0x0000000120e26000, 0x0000000121e26000)
 End Bits:   [0x0000000121e26000, 0x0000000122e26000)

Polling page: 0x0000000110998000

CodeCache: size=245760Kb used=4383Kb max_used=4383Kb free=241376Kb
 bounds [0x0000000111303000, 0x0000000111753000, 0x0000000120303000]
 total_blobs=1986 nmethods=1115 adapters=785
 compilation: enabled

Compilation events (10 events):
Event: 119.168 Thread 0x00007ff90182d800 1120       3       sun.awt.SunToolkit::getSystemEventQueueImpl (4 bytes)
Event: 119.168 Thread 0x00007ff90182d800 nmethod 1120 0x000000011174b050 code [0x000000011174b1e0, 0x000000011174b5b8]
Event: 119.244 Thread 0x00007ff90182d800 1121       3       java.lang.Integer::stringSize (21 bytes)
Event: 119.244 Thread 0x00007ff90182d800 nmethod 1121 0x000000011174b750 code [0x000000011174b8c0, 0x000000011174bad0]
Event: 119.244 Thread 0x00007ff90182d800 1122       3       java.io.StringWriter::write (11 bytes)
Event: 119.245 Thread 0x00007ff90182d800 nmethod 1122 0x000000011174bbd0 code [0x000000011174bda0, 0x000000011174c5b8]
Event: 119.245 Thread 0x00007ff90182d800 1123       3       java.util.concurrent.locks.AbstractQueuedSynchronizer::compareAndSetWaitStatus (13 bytes)
Event: 119.246 Thread 0x00007ff90182d800 nmethod 1123 0x000000011174cb10 code [0x000000011174cc60, 0x000000011174cdb0]
Event: 119.246 Thread 0x00007ff90182d800 1124       3       sun.lwawt.LWComponentPeer::localToWindow (14 bytes)
Event: 119.246 Thread 0x00007ff90182d800 nmethod 1124 0x000000011174ce10 code [0x000000011174cfa0, 0x000000011174d328]

GC Heap History (6 events):
Event: 4.809 GC heap before
{Heap before GC invocations=1 (full 0):
 PSYoungGen      total 18944K, used 16384K [0x00000007aab00000, 0x00000007ac000000, 0x00000007c0000000)
  eden space 16384K, 100% used [0x00000007aab00000,0x00000007abb00000,0x00000007abb00000)
  from space 2560K, 0% used [0x00000007abd80000,0x00000007abd80000,0x00000007ac000000)
  to   space 2560K, 0% used [0x00000007abb00000,0x00000007abb00000,0x00000007abd80000)
 ParOldGen       total 44032K, used 0K [0x0000000780000000, 0x0000000782b00000, 0x00000007aab00000)
  object space 44032K, 0% used [0x0000000780000000,0x0000000780000000,0x0000000782b00000)
 Metaspace       used 11304K, capacity 11464K, committed 11648K, reserved 1058816K
  class space    used 1280K, capacity 1346K, committed 1408K, reserved 1048576K
Event: 4.819 GC heap after
Heap after GC invocations=1 (full 0):
 PSYoungGen      total 18944K, used 2556K [0x00000007aab00000, 0x00000007ac000000, 0x00000007c0000000)
  eden space 16384K, 0% used [0x00000007aab00000,0x00000007aab00000,0x00000007abb00000)
  from space 2560K, 99% used [0x00000007abb00000,0x00000007abd7f130,0x00000007abd80000)
  to   space 2560K, 0% used [0x00000007abd80000,0x00000007abd80000,0x00000007ac000000)
 ParOldGen       total 44032K, used 1066K [0x0000000780000000, 0x0000000782b00000, 0x00000007aab00000)
  object space 44032K, 2% used [0x0000000780000000,0x000000078010a8e8,0x0000000782b00000)
 Metaspace       used 11304K, capacity 11464K, committed 11648K, reserved 1058816K
  class space    used 1280K, capacity 1346K, committed 1408K, reserved 1048576K
}
Event: 5.334 GC heap before
{Heap before GC invocations=2 (full 0):
 PSYoungGen      total 18944K, used 18940K [0x00000007aab00000, 0x00000007ac000000, 0x00000007c0000000)
  eden space 16384K, 100% used [0x00000007aab00000,0x00000007abb00000,0x00000007abb00000)
  from space 2560K, 99% used [0x00000007abb00000,0x00000007abd7f130,0x00000007abd80000)
  to   space 2560K, 0% used [0x00000007abd80000,0x00000007abd80000,0x00000007ac000000)
 ParOldGen       total 44032K, used 1066K [0x0000000780000000, 0x0000000782b00000, 0x00000007aab00000)
  object space 44032K, 2% used [0x0000000780000000,0x000000078010a8e8,0x0000000782b00000)
 Metaspace       used 15872K, capacity 16053K, committed 16256K, reserved 1064960K
  class space    used 1612K, capacity 1659K, committed 1664K, reserved 1048576K
Event: 5.341 GC heap after
Heap after GC invocations=2 (full 0):
 PSYoungGen      total 18944K, used 2544K [0x00000007aab00000, 0x00000007ac000000, 0x00000007c0000000)
  eden space 16384K, 0% used [0x00000007aab00000,0x00000007aab00000,0x00000007abb00000)
  from space 2560K, 99% used [0x00000007abd80000,0x00000007abffc030,0x00000007ac000000)
  to   space 2560K, 0% used [0x00000007abb00000,0x00000007abb00000,0x00000007abd80000)
 ParOldGen       total 44032K, used 2486K [0x0000000780000000, 0x0000000782b00000, 0x00000007aab00000)
  object space 44032K, 5% used [0x0000000780000000,0x000000078026da68,0x0000000782b00000)
 Metaspace       used 15872K, capacity 16053K, committed 16256K, reserved 1064960K
  class space    used 1612K, capacity 1659K, committed 1664K, reserved 1048576K
}
Event: 6.426 GC heap before
{Heap before GC invocations=3 (full 0):
 PSYoungGen      total 18944K, used 18928K [0x00000007aab00000, 0x00000007ac000000, 0x00000007c0000000)
  eden space 16384K, 100% used [0x00000007aab00000,0x00000007abb00000,0x00000007abb00000)
  from space 2560K, 99% used [0x00000007abd80000,0x00000007abffc030,0x00000007ac000000)
  to   space 2560K, 0% used [0x00000007abb00000,0x00000007abb00000,0x00000007abd80000)
 ParOldGen       total 44032K, used 2486K [0x0000000780000000, 0x0000000782b00000, 0x00000007aab00000)
  object space 44032K, 5% used [0x0000000780000000,0x000000078026da68,0x0000000782b00000)
 Metaspace       used 17646K, capacity 17787K, committed 18048K, reserved 1064960K
  class space    used 1791K, capacity 1852K, committed 1920K, reserved 1048576K
Event: 6.435 GC heap after
Heap after GC invocations=3 (full 0):
 PSYoungGen      total 18944K, used 2528K [0x00000007aab00000, 0x00000007ac000000, 0x00000007c0000000)
  eden space 16384K, 0% used [0x00000007aab00000,0x00000007aab00000,0x00000007abb00000)
  from space 2560K, 98% used [0x00000007abb00000,0x00000007abd78040,0x00000007abd80000)
  to   space 2560K, 0% used [0x00000007abd80000,0x00000007abd80000,0x00000007ac000000)
 ParOldGen       total 44032K, used 5245K [0x0000000780000000, 0x0000000782b00000, 0x00000007aab00000)
  object space 44032K, 11% used [0x0000000780000000,0x000000078051f4e8,0x0000000782b00000)
 Metaspace       used 17646K, capacity 17787K, committed 18048K, reserved 1064960K
  class space    used 1791K, capacity 1852K, committed 1920K, reserved 1048576K
}

Deoptimization events (10 events):
Event: 6.235 Thread 0x00007ff901b06000 Uncommon trap: reason=class_check action=maybe_recompile pc=0x000000011164f95c method=java.util.Collections$SynchronizedMap.get(Ljava/lang/Object;)Ljava/lang/Object; @ 12
Event: 6.235 Thread 0x00007ff901b06000 Uncommon trap: reason=class_check action=maybe_recompile pc=0x000000011164f95c method=java.util.Collections$SynchronizedMap.get(Ljava/lang/Object;)Ljava/lang/Object; @ 12
Event: 6.251 Thread 0x00007ff901b06000 Uncommon trap: reason=class_check action=maybe_recompile pc=0x000000011164f95c method=java.util.Collections$SynchronizedMap.get(Ljava/lang/Object;)Ljava/lang/Object; @ 12
Event: 6.252 Thread 0x00007ff901b06000 Uncommon trap: reason=class_check action=maybe_recompile pc=0x000000011164f95c method=java.util.Collections$SynchronizedMap.get(Ljava/lang/Object;)Ljava/lang/Object; @ 12
Event: 6.410 Thread 0x00007ff902af4000 Uncommon trap: reason=unstable_if action=reinterpret pc=0x0000000111653908 method=java.util.WeakHashMap.get(Ljava/lang/Object;)Ljava/lang/Object; @ 35
Event: 6.645 Thread 0x00007ff902af4000 Uncommon trap: reason=unstable_if action=reinterpret pc=0x00000001116e606c method=processing.opengl.PGL.nativeToJavaARGB([III)V @ 168
Event: 6.741 Thread 0x00007ff902af4000 Uncommon trap: reason=unstable_if action=reinterpret pc=0x00000001116e91e0 method=com.jogamp.common.util.IntIntHashMap.get(I)I @ 19
Event: 6.769 Thread 0x00007ff902af4000 Uncommon trap: reason=unstable_if action=reinterpret pc=0x00000001116dd73c method=com.jogamp.common.util.IntIntHashMap.get(I)I @ 28
Event: 119.179 Thread 0x00007ff9019ba000 Uncommon trap: reason=unstable_if action=reinterpret pc=0x000000011172d14c method=java.security.AccessControlContext.combine([Ljava/security/ProtectionDomain;[Ljava/security/ProtectionDomain;)[Ljava/security/ProtectionDomain; @ 151
Event: 119.262 Thread 0x00007ff902af4000 Uncommon trap: reason=unstable_if action=reinterpret pc=0x000000011164c68c method=java.security.AccessControlContext.combine([Ljava/security/ProtectionDomain;[Ljava/security/ProtectionDomain;)[Ljava/security/ProtectionDomain; @ 151

Internal exceptions (10 events):
Event: 6.759 Thread 0x00007ff902af4000 Exception <a 'java/io/FileNotFoundException'> (0x00000007ab26fea8) thrown at [/Users/java_re/workspace/8-2-build-macosx-x86_64/jdk8u102/7268/hotspot/src/share/vm/prims/jni.cpp, line 709]
Event: 6.763 Thread 0x00007ff902af4000 Exception <a 'java/io/FileNotFoundException'> (0x00000007ab292620) thrown at [/Users/java_re/workspace/8-2-build-macosx-x86_64/jdk8u102/7268/hotspot/src/share/vm/prims/jni.cpp, line 709]
Event: 6.764 Thread 0x00007ff902af4000 Exception <a 'java/io/FileNotFoundException'> (0x00000007ab2a9888) thrown at [/Users/java_re/workspace/8-2-build-macosx-x86_64/jdk8u102/7268/hotspot/src/share/vm/prims/jni.cpp, line 709]
Event: 6.765 Thread 0x00007ff902af4000 Exception <a 'java/io/FileNotFoundException'> (0x00000007ab2cc030) thrown at [/Users/java_re/workspace/8-2-build-macosx-x86_64/jdk8u102/7268/hotspot/src/share/vm/prims/jni.cpp, line 709]
Event: 6.765 Thread 0x00007ff902af4000 Exception <a 'java/io/FileNotFoundException'> (0x00000007ab2e3280) thrown at [/Users/java_re/workspace/8-2-build-macosx-x86_64/jdk8u102/7268/hotspot/src/share/vm/prims/jni.cpp, line 709]
Event: 6.766 Thread 0x00007ff902af4000 Exception <a 'java/io/FileNotFoundException'> (0x00000007ab305a50) thrown at [/Users/java_re/workspace/8-2-build-macosx-x86_64/jdk8u102/7268/hotspot/src/share/vm/prims/jni.cpp, line 709]
Event: 6.846 Thread 0x00007ff902af4000 Exception <a 'java/io/FileNotFoundException'> (0x00000007ab790f78) thrown at [/Users/java_re/workspace/8-2-build-macosx-x86_64/jdk8u102/7268/hotspot/src/share/vm/prims/jni.cpp, line 709]
Event: 6.848 Thread 0x00007ff902af4000 Exception <a 'java/lang/NullPointerException'> (0x00000007ab7a3210) thrown at [/Users/java_re/workspace/8-2-build-macosx-x86_64/jdk8u102/7268/hotspot/src/share/vm/interpreter/linkResolver.cpp, line 1280]
Event: 6.851 Thread 0x00007ff902af4000 Exception <a 'java/lang/NullPointerException'> (0x00000007ab7a3210) thrown at [/Users/java_re/workspace/8-2-build-macosx-x86_64/jdk8u102/7268/hotspot/src/share/vm/prims/jvm.cpp, line 1390]
Event: 6.851 Thread 0x00007ff902af4000 Exception <a 'java/lang/NullPointerException'> (0x00000007ab7a3210) thrown at [/Users/java_re/workspace/8-2-build-macosx-x86_64/jdk8u102/7268/hotspot/src/share/vm/prims/jvm.cpp, line 1390]

Events (10 events):
Event: 119.262 loading class java/awt/event/AWTEventListenerProxy done
Event: 119.262 loading class java/awt/Toolkit$ToolkitEventMulticaster
Event: 119.263 loading class java/awt/Toolkit$ToolkitEventMulticaster done
Event: 119.263 Executing VM operation: RevokeBias
Event: 119.263 Executing VM operation: RevokeBias done
Event: 119.263 Thread 0x00007ff9019ba000 Thread exited: 0x00007ff9019ba000
Event: 119.266 loading class java/lang/IllegalThreadStateException
Event: 119.267 loading class java/lang/IllegalThreadStateException done
Event: 119.267 loading class java/awt/Window$1DisposeAction
Event: 119.267 loading class java/awt/Window$1DisposeAction done


Dynamic libraries:
0x0000000000e7b000 	/System/Library/Frameworks/Cocoa.framework/Versions/A/Cocoa
0x0000000000e7b000 	/System/Library/Frameworks/Security.framework/Versions/A/Security
0x0000000000e7b000 	/System/Library/Frameworks/ApplicationServices.framework/Versions/A/ApplicationServices
0x0000000000e7b000 	/usr/lib/libz.1.dylib
0x0000000000e7b000 	/usr/lib/libSystem.B.dylib
0x0000000000e7b000 	/usr/lib/libobjc.A.dylib
0x0000000000e7b000 	/System/Library/Frameworks/CoreFoundation.framework/Versions/A/CoreFoundation
0x0000000000e7b000 	/System/Library/Frameworks/Foundation.framework/Versions/C/Foundation
0x0000000000e7b000 	/System/Library/Frameworks/AppKit.framework/Versions/C/AppKit
0x0000000000e7b000 	/System/Library/Frameworks/CoreData.framework/Versions/A/CoreData
0x0000000000e7b000 	/System/Library/PrivateFrameworks/RemoteViewServices.framework/Versions/A/RemoteViewServices
0x0000000000e7b000 	/System/Library/PrivateFrameworks/UIFoundation.framework/Versions/A/UIFoundation
0x0000000000e7b000 	/System/Library/Frameworks/IOSurface.framework/Versions/A/IOSurface
0x0000000000e7b000 	/System/Library/Frameworks/AudioToolbox.framework/Versions/A/AudioToolbox
0x0000000000e7b000 	/System/Library/Frameworks/AudioUnit.framework/Versions/A/AudioUnit
0x0000000000e7b000 	/System/Library/PrivateFrameworks/DataDetectorsCore.framework/Versions/A/DataDetectorsCore
0x0000000000e7b000 	/System/Library/PrivateFrameworks/DesktopServicesPriv.framework/Versions/A/DesktopServicesPriv
0x0000000000e7b000 	/System/Library/Frameworks/Carbon.framework/Versions/A/Frameworks/HIToolbox.framework/Versions/A/HIToolbox
0x0000000000e7b000 	/System/Library/Frameworks/QuartzCore.framework/Versions/A/QuartzCore
0x0000000000e7b000 	/System/Library/Frameworks/Carbon.framework/Versions/A/Frameworks/SpeechRecognition.framework/Versions/A/SpeechRecognition
0x0000000000e7b000 	/usr/lib/libauto.dylib
0x0000000000e7b000 	/usr/lib/libicucore.A.dylib
0x0000000000e7b000 	/usr/lib/libxml2.2.dylib
0x0000000000e7b000 	/System/Library/PrivateFrameworks/CoreUI.framework/Versions/A/CoreUI
0x0000000000e7b000 	/System/Library/Frameworks/CoreAudio.framework/Versions/A/CoreAudio
0x0000000000e7b000 	/System/Library/Frameworks/DiskArbitration.framework/Versions/A/DiskArbitration
0x0000000000e7b000 	/usr/lib/liblangid.dylib
0x0000000000e7b000 	/System/Library/PrivateFrameworks/MultitouchSupport.framework/Versions/A/MultitouchSupport
0x0000000000e7b000 	/System/Library/Frameworks/IOKit.framework/Versions/A/IOKit
0x0000000000e7b000 	/usr/lib/libDiagnosticMessagesClient.dylib
0x0000000000e7b000 	/System/Library/Frameworks/CoreServices.framework/Versions/A/CoreServices
0x0000000000e7b000 	/System/Library/PrivateFrameworks/PerformanceAnalysis.framework/Versions/A/PerformanceAnalysis
0x0000000000e7b000 	/System/Library/PrivateFrameworks/GenerationalStorage.framework/Versions/A/GenerationalStorage
0x0000000000e7b000 	/System/Library/Frameworks/OpenGL.framework/Versions/A/OpenGL
0x0000000000e7b000 	/System/Library/PrivateFrameworks/Sharing.framework/Versions/A/Sharing
0x0000000000e7b000 	/System/Library/Frameworks/CoreGraphics.framework/Versions/A/CoreGraphics
0x0000000000e7b000 	/System/Library/Frameworks/CoreText.framework/Versions/A/CoreText
0x0000000000e7b000 	/System/Library/Frameworks/ImageIO.framework/Versions/A/ImageIO
0x0000000000e7b000 	/usr/lib/libextension.dylib
0x0000000000e7b000 	/System/Library/PrivateFrameworks/Backup.framework/Versions/A/Backup
0x0000000000e7b000 	/usr/lib/libarchive.2.dylib
0x0000000000e7b000 	/System/Library/Frameworks/CFNetwork.framework/Versions/A/CFNetwork
0x0000000000e7b000 	/System/Library/Frameworks/SystemConfiguration.framework/Versions/A/SystemConfiguration
0x0000000000e7b000 	/usr/lib/libCRFSuite.dylib
0x0000000000e7b000 	/usr/lib/libc++.1.dylib
0x0000000000e7b000 	/usr/lib/libc++abi.dylib
0x0000000000e7b000 	/usr/lib/system/libcache.dylib
0x0000000000e7b000 	/usr/lib/system/libcommonCrypto.dylib
0x0000000000e7b000 	/usr/lib/system/libcompiler_rt.dylib
0x0000000000e7b000 	/usr/lib/system/libcopyfile.dylib
0x0000000000e7b000 	/usr/lib/system/libcorecrypto.dylib
0x0000000000e7b000 	/usr/lib/system/libdispatch.dylib
0x0000000000e7b000 	/usr/lib/system/libdyld.dylib
0x0000000000e7b000 	/usr/lib/system/libkeymgr.dylib
0x0000000000e7b000 	/usr/lib/system/liblaunch.dylib
0x0000000000e7b000 	/usr/lib/system/libmacho.dylib
0x0000000000e7b000 	/usr/lib/system/libquarantine.dylib
0x0000000000e7b000 	/usr/lib/system/libremovefile.dylib
0x0000000000e7b000 	/usr/lib/system/libsystem_asl.dylib
0x0000000000e7b000 	/usr/lib/system/libsystem_blocks.dylib
0x0000000000e7b000 	/usr/lib/system/libsystem_c.dylib
0x0000000000e7b000 	/usr/lib/system/libsystem_configuration.dylib
0x0000000000e7b000 	/usr/lib/system/libsystem_coreservices.dylib
0x0000000000e7b000 	/usr/lib/system/libsystem_coretls.dylib
0x0000000000e7b000 	/usr/lib/system/libsystem_dnssd.dylib
0x0000000000e7b000 	/usr/lib/system/libsystem_info.dylib
0x0000000000e7b000 	/usr/lib/system/libsystem_kernel.dylib
0x0000000000e7b000 	/usr/lib/system/libsystem_m.dylib
0x0000000000e7b000 	/usr/lib/system/libsystem_malloc.dylib
0x0000000000e7b000 	/usr/lib/system/libsystem_network.dylib
0x0000000000e7b000 	/usr/lib/system/libsystem_networkextension.dylib
0x0000000000e7b000 	/usr/lib/system/libsystem_notify.dylib
0x0000000000e7b000 	/usr/lib/system/libsystem_platform.dylib
0x0000000000e7b000 	/usr/lib/system/libsystem_pthread.dylib
0x0000000000e7b000 	/usr/lib/system/libsystem_sandbox.dylib
0x0000000000e7b000 	/usr/lib/system/libsystem_secinit.dylib
0x0000000000e7b000 	/usr/lib/system/libsystem_stats.dylib
0x0000000000e7b000 	/usr/lib/system/libsystem_trace.dylib
0x0000000000e7b000 	/usr/lib/system/libunc.dylib
0x0000000000e7b000 	/usr/lib/system/libunwind.dylib
0x0000000000e7b000 	/usr/lib/system/libxpc.dylib
0x0000000000e7b000 	/usr/lib/libbz2.1.0.dylib
0x0000000000e7b000 	/usr/lib/liblzma.5.dylib
0x0000000000e7b000 	/usr/lib/libbsm.0.dylib
0x0000000000e7b000 	/usr/lib/libsqlite3.dylib
0x0000000000e7b000 	/usr/lib/system/libkxld.dylib
0x0000000000e7b000 	/usr/lib/libxar.1.dylib
0x0000000000e7b000 	/usr/lib/libpam.2.dylib
0x0000000000e7b000 	/usr/lib/libOpenScriptingUtil.dylib
0x0000000000e7b000 	/System/Library/Frameworks/CoreServices.framework/Versions/A/Frameworks/FSEvents.framework/Versions/A/FSEvents
0x0000000000e7b000 	/System/Library/Frameworks/CoreServices.framework/Versions/A/Frameworks/CarbonCore.framework/Versions/A/CarbonCore
0x0000000000e7b000 	/System/Library/Frameworks/CoreServices.framework/Versions/A/Frameworks/Metadata.framework/Versions/A/Metadata
0x0000000000e7b000 	/System/Library/Frameworks/CoreServices.framework/Versions/A/Frameworks/OSServices.framework/Versions/A/OSServices
0x0000000000e7b000 	/System/Library/Frameworks/CoreServices.framework/Versions/A/Frameworks/SearchKit.framework/Versions/A/SearchKit
0x0000000000e7b000 	/System/Library/Frameworks/CoreServices.framework/Versions/A/Frameworks/AE.framework/Versions/A/AE
0x0000000000e7b000 	/System/Library/Frameworks/CoreServices.framework/Versions/A/Frameworks/LaunchServices.framework/Versions/A/LaunchServices
0x0000000000e7b000 	/System/Library/Frameworks/CoreServices.framework/Versions/A/Frameworks/DictionaryServices.framework/Versions/A/DictionaryServices
0x0000000000e7b000 	/System/Library/Frameworks/NetFS.framework/Versions/A/NetFS
0x0000000000e7b000 	/System/Library/PrivateFrameworks/NetAuth.framework/Versions/A/NetAuth
0x0000000000e7b000 	/System/Library/PrivateFrameworks/login.framework/Versions/A/Frameworks/loginsupport.framework/Versions/A/loginsupport
0x0000000000e7b000 	/System/Library/PrivateFrameworks/TCC.framework/Versions/A/TCC
0x0000000000e7b000 	/usr/lib/libmecabra.dylib
0x0000000000e7b000 	/System/Library/PrivateFrameworks/LanguageModeling.framework/Versions/A/LanguageModeling
0x0000000000e7b000 	/usr/lib/libcmph.dylib
0x0000000000e7b000 	/usr/lib/libiconv.2.dylib
0x0000000000e7b000 	/System/Library/Frameworks/OpenDirectory.framework/Versions/A/Frameworks/CFOpenDirectory.framework/Versions/A/CFOpenDirectory
0x0000000000e7b000 	/System/Library/Frameworks/ServiceManagement.framework/Versions/A/ServiceManagement
0x0000000000e7b000 	/usr/lib/libxslt.1.dylib
0x0000000000e7b000 	/System/Library/Frameworks/Carbon.framework/Versions/A/Frameworks/Ink.framework/Versions/A/Ink
0x0000000000e7b000 	/System/Library/Frameworks/ApplicationServices.framework/Versions/A/Frameworks/ATS.framework/Versions/A/ATS
0x0000000000e7b000 	/System/Library/Frameworks/ApplicationServices.framework/Versions/A/Frameworks/ColorSync.framework/Versions/A/ColorSync
0x0000000000e7b000 	/System/Library/Frameworks/ApplicationServices.framework/Versions/A/Frameworks/HIServices.framework/Versions/A/HIServices
0x0000000000e7b000 	/System/Library/Frameworks/ApplicationServices.framework/Versions/A/Frameworks/LangAnalysis.framework/Versions/A/LangAnalysis
0x0000000000e7b000 	/System/Library/Frameworks/ApplicationServices.framework/Versions/A/Frameworks/PrintCore.framework/Versions/A/PrintCore
0x0000000000e7b000 	/System/Library/Frameworks/ApplicationServices.framework/Versions/A/Frameworks/QD.framework/Versions/A/QD
0x0000000000e7b000 	/System/Library/Frameworks/ApplicationServices.framework/Versions/A/Frameworks/SpeechSynthesis.framework/Versions/A/SpeechSynthesis
0x0000000000e7b000 	/System/Library/Frameworks/Accelerate.framework/Versions/A/Accelerate
0x0000000000e7b000 	/System/Library/Frameworks/Accelerate.framework/Versions/A/Frameworks/vImage.framework/Versions/A/vImage
0x0000000000e7b000 	/System/Library/Frameworks/Accelerate.framework/Versions/A/Frameworks/vecLib.framework/Versions/A/vecLib
0x0000000000e7b000 	/System/Library/Frameworks/Accelerate.framework/Versions/A/Frameworks/vecLib.framework/Versions/A/libvDSP.dylib
0x0000000000e7b000 	/System/Library/Frameworks/Accelerate.framework/Versions/A/Frameworks/vecLib.framework/Versions/A/libvMisc.dylib
0x0000000000e7b000 	/System/Library/Frameworks/Accelerate.framework/Versions/A/Frameworks/vecLib.framework/Versions/A/libLAPACK.dylib
0x0000000000e7b000 	/System/Library/Frameworks/Accelerate.framework/Versions/A/Frameworks/vecLib.framework/Versions/A/libBLAS.dylib
0x0000000000e7b000 	/System/Library/Frameworks/Accelerate.framework/Versions/A/Frameworks/vecLib.framework/Versions/A/libLinearAlgebra.dylib
0x0000000000e7b000 	/System/Library/Frameworks/ApplicationServices.framework/Versions/A/Frameworks/ATS.framework/Versions/A/Resources/libFontParser.dylib
0x0000000000e7b000 	/System/Library/Frameworks/ApplicationServices.framework/Versions/A/Frameworks/ATS.framework/Versions/A/Resources/libFontRegistry.dylib
0x0000000000e7b000 	/System/Library/PrivateFrameworks/AppleVPA.framework/Versions/A/AppleVPA
0x0000000000e7b000 	/System/Library/PrivateFrameworks/AppleJPEG.framework/Versions/A/AppleJPEG
0x0000000000e7b000 	/System/Library/Frameworks/ImageIO.framework/Versions/A/Resources/libJPEG.dylib
0x0000000000e7b000 	/System/Library/Frameworks/ImageIO.framework/Versions/A/Resources/libTIFF.dylib
0x0000000000e7b000 	/System/Library/Frameworks/ImageIO.framework/Versions/A/Resources/libPng.dylib
0x0000000000e7b000 	/System/Library/Frameworks/ImageIO.framework/Versions/A/Resources/libGIF.dylib
0x0000000000e7b000 	/System/Library/Frameworks/ImageIO.framework/Versions/A/Resources/libJP2.dylib
0x0000000000e7b000 	/System/Library/Frameworks/ImageIO.framework/Versions/A/Resources/libRadiance.dylib
0x0000000000e7b000 	/System/Library/Frameworks/CoreVideo.framework/Versions/A/CoreVideo
0x0000000000e7b000 	/System/Library/Frameworks/OpenGL.framework/Versions/A/Libraries/libGLU.dylib
0x0000000000e7b000 	/System/Library/Frameworks/OpenGL.framework/Versions/A/Libraries/libGFXShared.dylib
0x0000000000e7b000 	/System/Library/Frameworks/OpenGL.framework/Versions/A/Libraries/libGL.dylib
0x0000000000e7b000 	/System/Library/Frameworks/OpenGL.framework/Versions/A/Libraries/libGLImage.dylib
0x0000000000e7b000 	/System/Library/Frameworks/OpenGL.framework/Versions/A/Libraries/libCVMSPluginSupport.dylib
0x0000000000e7b000 	/System/Library/Frameworks/OpenGL.framework/Versions/A/Libraries/libCoreVMClient.dylib
0x0000000000e7b000 	/usr/lib/libcups.2.dylib
0x0000000000e7b000 	/System/Library/Frameworks/Kerberos.framework/Versions/A/Kerberos
0x0000000000e7b000 	/System/Library/Frameworks/GSS.framework/Versions/A/GSS
0x0000000000e7b000 	/usr/lib/libresolv.9.dylib
0x0000000000e7b000 	/System/Library/PrivateFrameworks/Heimdal.framework/Versions/A/Heimdal
0x0000000000e7b000 	/usr/lib/libheimdal-asn1.dylib
0x0000000000e7b000 	/System/Library/Frameworks/OpenDirectory.framework/Versions/A/OpenDirectory
0x0000000000e7b000 	/System/Library/PrivateFrameworks/CommonAuth.framework/Versions/A/CommonAuth
0x0000000000e7b000 	/System/Library/Frameworks/SecurityFoundation.framework/Versions/A/SecurityFoundation
0x0000000000e7b000 	/System/Library/Frameworks/QuartzCore.framework/Versions/A/Frameworks/CoreImage.framework/Versions/A/CoreImage
0x0000000000e7b000 	/System/Library/PrivateFrameworks/CrashReporterSupport.framework/Versions/A/CrashReporterSupport
0x0000000000e7b000 	/System/Library/Frameworks/OpenCL.framework/Versions/A/OpenCL
0x0000000000e7b000 	/System/Library/PrivateFrameworks/FaceCore.framework/Versions/A/FaceCore
0x0000000000e7b000 	/System/Library/PrivateFrameworks/Ubiquity.framework/Versions/A/Ubiquity
0x0000000000e7b000 	/System/Library/PrivateFrameworks/IconServices.framework/Versions/A/IconServices
0x0000000000e7b000 	/System/Library/PrivateFrameworks/ChunkingLibrary.framework/Versions/A/ChunkingLibrary
0x0000000000e7b000 	/System/Library/PrivateFrameworks/Apple80211.framework/Versions/A/Apple80211
0x0000000000e7b000 	/System/Library/Frameworks/CoreWLAN.framework/Versions/A/CoreWLAN
0x0000000000e7b000 	/System/Library/Frameworks/IOBluetooth.framework/Versions/A/IOBluetooth
0x0000000000e7b000 	/System/Library/PrivateFrameworks/CoreWiFi.framework/Versions/A/CoreWiFi
0x0000000000e7b000 	/System/Library/Frameworks/CoreBluetooth.framework/Versions/A/CoreBluetooth
0x0000000000e7b000 	/System/Library/PrivateFrameworks/DebugSymbols.framework/Versions/A/DebugSymbols
0x0000000000e7b000 	/System/Library/PrivateFrameworks/CoreSymbolication.framework/Versions/A/CoreSymbolication
0x0000000000e7b000 	/System/Library/PrivateFrameworks/Symbolication.framework/Versions/A/Symbolication
0x0000000000e7b000 	/System/Library/PrivateFrameworks/SpeechRecognitionCore.framework/Versions/A/SpeechRecognitionCore
0x000000010f99d000 	/Library/Java/JavaVirtualMachines/jdk1.8.0_102.jdk/Contents/Home/jre/lib/server/libjvm.dylib
0x0000000000e7b000 	/usr/lib/libstdc++.6.dylib
0x0000000110955000 	/Library/Java/JavaVirtualMachines/jdk1.8.0_102.jdk/Contents/Home/jre/lib/libverify.dylib
0x0000000110963000 	/Library/Java/JavaVirtualMachines/jdk1.8.0_102.jdk/Contents/Home/jre/lib/libjava.dylib
0x00000001109a2000 	/Library/Java/JavaVirtualMachines/jdk1.8.0_102.jdk/Contents/Home/jre/lib/libzip.dylib
0x00000001109e8000 	/System/Library/Frameworks/JavaVM.framework/Frameworks/JavaRuntimeSupport.framework/JavaRuntimeSupport
0x0000000124dd6000 	/System/Library/Frameworks/JavaVM.framework/Versions/A/Frameworks/JavaNativeFoundation.framework/Versions/A/JavaNativeFoundation
0x0000000124deb000 	/System/Library/Frameworks/JavaVM.framework/Versions/A/JavaVM
0x0000000000e7b000 	/System/Library/Frameworks/Carbon.framework/Versions/A/Carbon
0x0000000124df8000 	/System/Library/PrivateFrameworks/JavaLaunching.framework/Versions/A/JavaLaunching
0x0000000000e7b000 	/System/Library/Frameworks/Carbon.framework/Versions/A/Frameworks/CommonPanels.framework/Versions/A/CommonPanels
0x0000000000e7b000 	/System/Library/Frameworks/Carbon.framework/Versions/A/Frameworks/Help.framework/Versions/A/Help
0x0000000000e7b000 	/System/Library/Frameworks/Carbon.framework/Versions/A/Frameworks/ImageCapture.framework/Versions/A/ImageCapture
0x0000000000e7b000 	/System/Library/Frameworks/Carbon.framework/Versions/A/Frameworks/OpenScripting.framework/Versions/A/OpenScripting
0x0000000000e7b000 	/System/Library/Frameworks/Carbon.framework/Versions/A/Frameworks/Print.framework/Versions/A/Print
0x0000000000e7b000 	/System/Library/Frameworks/Carbon.framework/Versions/A/Frameworks/SecurityHI.framework/Versions/A/SecurityHI
0x0000000126bd0000 	/Library/Java/JavaVirtualMachines/jdk1.8.0_102.jdk/Contents/Home/jre/lib/libawt.dylib
0x0000000126c78000 	/Library/Java/JavaVirtualMachines/jdk1.8.0_102.jdk/Contents/Home/jre/lib/./libmlib_image.dylib
0x0000000126d44000 	/Library/Java/JavaVirtualMachines/jdk1.8.0_102.jdk/Contents/Home/jre/lib/libawt_lwawt.dylib
0x0000000126df9000 	/Library/Java/JavaVirtualMachines/jdk1.8.0_102.jdk/Contents/Home/jre/lib/./libosxapp.dylib
0x0000000000e7b000 	/System/Library/Frameworks/ExceptionHandling.framework/Versions/A/ExceptionHandling
0x0000000000e7b000 	/System/Library/PrivateFrameworks/CoreServicesInternal.framework/Versions/A/CoreServicesInternal
0x0000000000e7b000 	/System/Library/PrivateFrameworks/CloudDocs.framework/Versions/A/CloudDocs
0x0000000000e7b000 	/System/Library/PrivateFrameworks/CoreDuet.framework/Versions/A/CoreDuet
0x0000000000e7b000 	/System/Library/Frameworks/CloudKit.framework/Versions/A/CloudKit
0x0000000000e7b000 	/System/Library/PrivateFrameworks/ProtocolBuffer.framework/Versions/A/ProtocolBuffer
0x0000000000e7b000 	/System/Library/PrivateFrameworks/CoreDuetDaemonProtocol.framework/Versions/A/CoreDuetDaemonProtocol
0x0000000000e7b000 	/System/Library/PrivateFrameworks/CoreDuetDebugLogging.framework/Versions/A/CoreDuetDebugLogging
0x0000000000e7b000 	/System/Library/Frameworks/CoreLocation.framework/Versions/A/CoreLocation
0x0000000000e7b000 	/System/Library/Frameworks/Accounts.framework/Versions/A/Accounts
0x0000000000e7b000 	/System/Library/PrivateFrameworks/ApplePushService.framework/Versions/A/ApplePushService
0x0000000000e7b000 	/System/Library/PrivateFrameworks/GeoServices.framework/Versions/A/GeoServices
0x0000000000e7b000 	/System/Library/PrivateFrameworks/OAuth.framework/Versions/A/OAuth
0x0000000000e7b000 	/System/Library/PrivateFrameworks/CoreDaemon.framework/Versions/B/CoreDaemon
0x0000000000e7b000 	/usr/lib/libcrypto.0.9.8.dylib
0x0000000000e7b000 	/System/Library/PrivateFrameworks/AppleSRP.framework/Versions/A/AppleSRP
0x0000000000e7b000 	/System/Library/PrivateFrameworks/TrustEvaluationAgent.framework/Versions/A/TrustEvaluationAgent
0x0000000000e7b000 	/System/Library/Frameworks/CoreGraphics.framework/Versions/A/Resources/libCGCMS.A.dylib
0x0000000000e7b000 	/System/Library/Frameworks/CoreGraphics.framework/Versions/A/Resources/libRIP.A.dylib
0x0000000000e7b000 	/System/Library/Frameworks/CoreGraphics.framework/Versions/A/Resources/libCGXType.A.dylib
0x0000000000e7b000 	/System/Library/Frameworks/OpenCL.framework/Versions/A/Libraries/libcldcpuengine.dylib
0x0000000000e7b000 	/System/Library/PrivateFrameworks/DiskImages.framework/Versions/A/DiskImages
0x0000000000e7b000 	/System/Library/Frameworks/DiscRecording.framework/Versions/A/DiscRecording
0x0000000000e7b000 	/usr/lib/libcsfde.dylib
0x0000000000e7b000 	/usr/lib/libcurl.4.dylib
0x0000000000e7b000 	/System/Library/PrivateFrameworks/MediaKit.framework/Versions/A/MediaKit
0x0000000000e7b000 	/System/Library/PrivateFrameworks/ProtectedCloudStorage.framework/Versions/A/ProtectedCloudStorage
0x0000000000e7b000 	/usr/lib/libCoreStorage.dylib
0x0000000000e7b000 	/System/Library/PrivateFrameworks/EFILogin.framework/Versions/A/EFILogin
0x0000000000e7b000 	/usr/lib/libutil.dylib
0x0000000000e7b000 	/System/Library/PrivateFrameworks/FindMyDevice.framework/Versions/A/FindMyDevice
0x0000000000e7b000 	/System/Library/Frameworks/LDAP.framework/Versions/A/LDAP
0x0000000000e7b000 	/usr/lib/libsasl2.2.dylib
0x0000000129969000 	cl_kernels
0x000000012996b000 	/System/Library/Frameworks/OpenCL.framework/Versions/A/Libraries/ImageFormats/unorm8_bgra.dylib
0x000000012995a000 	cl_kernels
0x0000000000e7b000 	/System/Library/PrivateFrameworks/FamilyControls.framework/Versions/A/FamilyControls
0x0000000000e7b000 	/System/Library/PrivateFrameworks/CommerceKit.framework/Versions/A/Frameworks/CommerceCore.framework/Versions/A/CommerceCore
0x0000000000e7b000 	/System/Library/PrivateFrameworks/SystemAdministration.framework/Versions/A/SystemAdministration
0x0000000000e7b000 	/System/Library/PrivateFrameworks/AppContainer.framework/Versions/A/AppContainer
0x0000000000e7b000 	/System/Library/PrivateFrameworks/SecCodeWrapper.framework/Versions/A/SecCodeWrapper
0x0000000000e7b000 	/System/Library/Frameworks/DirectoryService.framework/Versions/A/DirectoryService
0x0000000000e7b000 	/System/Library/PrivateFrameworks/LoginUIKit.framework/Versions/A/Frameworks/LoginUICore.framework/Versions/A/LoginUICore
0x0000000000e7b000 	/usr/lib/libodfde.dylib
0x0000000000e7b000 	/System/Library/Frameworks/OpenGL.framework/Versions/A/Resources/GLEngine.bundle/GLEngine
0x0000000000e7b000 	/System/Library/Frameworks/OpenGL.framework/Versions/A/Libraries/libGLProgrammability.dylib
0x0000000000000000 	/System/Library/Extensions/AppleIntelHD5000GraphicsGLDriver.bundle/Contents/MacOS/AppleIntelHD5000GraphicsGLDriver
0x0000000000e7b000 	/System/Library/PrivateFrameworks/IOAccelerator.framework/Versions/A/IOAccelerator
0x0000000000e7b000 	/System/Library/PrivateFrameworks/GPUSupport.framework/Versions/A/Libraries/libGPUSupportMercury.dylib
0x0000000000e7b000 	/System/Library/Frameworks/OpenGL.framework/Versions/A/Resources/GLRendererFloat.bundle/GLRendererFloat
0x000000012b6dc000 	/Library/Java/JavaVirtualMachines/jdk1.8.0_102.jdk/Contents/Home/jre/lib/libfontmanager.dylib
0x000000012c960000 	/Library/Java/JavaVirtualMachines/jdk1.8.0_102.jdk/Contents/Home/jre/lib/libosxui.dylib
0x000000012cc33000 	/Library/Java/JavaVirtualMachines/jdk1.8.0_102.jdk/Contents/Home/jre/lib/libnet.dylib
0x000000012c9e9000 	/Library/Java/JavaVirtualMachines/jdk1.8.0_102.jdk/Contents/Home/jre/lib/libnio.dylib
0x0000000000e7b000 	/System/Library/Frameworks/ApplicationServices.framework/Versions/A/Frameworks/ATS.framework/Versions/A/Resources/libTrueTypeScaler.dylib
0x000000018a6e1000 	/private/var/folders/zw/bgqy237d46x7490l5q8zg59m0000gn/T/jogamp_0000/file_cache/jln9014115693190441881/jln3825056280435779584/libgluegen-rt.jnilib
0x000000012c7d9000 	/private/var/folders/zw/bgqy237d46x7490l5q8zg59m0000gn/T/jogamp_0000/file_cache/jln9014115693190441881/jln3825056280435779584/libnativewindow_awt.jnilib
0x000000012e994000 	/Library/Java/JavaVirtualMachines/jdk1.8.0_102.jdk/Contents/Home/jre/lib/libjawt.dylib
0x000000018a778000 	/private/var/folders/zw/bgqy237d46x7490l5q8zg59m0000gn/T/jogamp_0000/file_cache/jln9014115693190441881/jln3825056280435779584/libnativewindow_macosx.jnilib
0x000000018d477000 	/private/var/folders/zw/bgqy237d46x7490l5q8zg59m0000gn/T/jogamp_0000/file_cache/jln9014115693190441881/jln3825056280435779584/libjogl_desktop.jnilib

VM Arguments:
jvm_args: -Djava.library.path=/Users/irtezanasir/Desktop/Eclipse Projects/Building_Viewer/lib/base/dxf:/Users/irtezanasir/Desktop/Eclipse Projects/Building_Viewer/lib/base/minim:/Users/irtezanasir/Desktop/Eclipse Projects/Building_Viewer/lib/base/minim:/Users/irtezanasir/Desktop/Eclipse Projects/Building_Viewer/lib/base/minim:/Users/irtezanasir/Desktop/Eclipse Projects/Building_Viewer/lib/base/minim:/Users/irtezanasir/Desktop/Eclipse Projects/Building_Viewer/lib/base/minim:/Users/irtezanasir/Desktop/Eclipse Projects/Building_Viewer/lib/base/minim:/Users/irtezanasir/Desktop/Eclipse Projects/Building_Viewer/lib/base/net:/Users/irtezanasir/Desktop/Eclipse Projects/Building_Viewer/lib/base/pdf:/Users/irtezanasir/Desktop/Eclipse Projects/Building_Viewer/lib/base/pdf:/Users/irtezanasir/Desktop/Eclipse Projects/Building_Viewer/lib/base/serial:/Users/irtezanasir/Desktop/Eclipse Projects/Building_Viewer/lib/base/serial:/Users/irtezanasir/Desktop/Eclipse Projects/Building_Viewer/lib/base/video:/Users/irtezanasir/Desktop/Eclipse Projects/Building_Viewer/lib/base/video:/Users/irtezanasir/Desktop/Eclipse Projects/Building_Viewer/lib/base/video:/Users/irtezanasir/Desktop/Eclipse Projects/Building_Viewer/lib/base/core:/Users/irtezanasir/Desktop/Eclipse Projects/Building_Viewer/lib/base/core:/Users/irtezanasir/Desktop/Eclipse Projects/Building_Viewer/lib/base/core:/Users/irtezanasir/Desktop/Eclipse Projects/Building_Viewer/lib/base/core:/Users/irtezanasir/Desktop/Eclipse Projects/Building_Viewer/lib/base/core:/Users/irtezanasir/Desktop/Eclipse Projects/Building_Viewer/lib/base/core:/Users/irtezanasir/Desktop/Eclipse Projects/Building_Viewer/lib/base/core:/Users/irtezanasir/Desktop/Eclipse Projects/Building_Viewer/lib/base/core:/Users/irtezanasir/Desktop/Eclipse Projects/Building_Viewer/lib/base/core:/Users/irtezanasir/Desktop/Eclipse Projects/Building_Viewer/lib/base/core:/Users/irtezanasir/Desktop/Eclipse Projects/Building_Viewer/lib/base/core:/Users/irtezanasir/Desktop/Eclipse Projects/Bu-Djava.security.policy=java.policy.applet -Dfile.encoding=UTF-8 
java_command: sun.applet.AppletViewer buildingviewer.BuildingViewer1474673314280.html
java_class_path (initial): /Users/irtezanasir/Desktop/Eclipse Projects/Building_Viewer/bin:/Users/irtezanasir/Desktop/Eclipse Projects/Building_Viewer/lib/base/dxf/dxf.jar:/Users/irtezanasir/Desktop/Eclipse Projects/Building_Viewer/lib/base/minim/jl1.0.jar:/Users/irtezanasir/Desktop/Eclipse Projects/Building_Viewer/lib/base/minim/jsminim.jar:/Users/irtezanasir/Desktop/Eclipse Projects/Building_Viewer/lib/base/minim/minim.jar:/Users/irtezanasir/Desktop/Eclipse Projects/Building_Viewer/lib/base/minim/mp3spi1.9.4.jar:/Users/irtezanasir/Desktop/Eclipse Projects/Building_Viewer/lib/base/minim/tritonus_aos.jar:/Users/irtezanasir/Desktop/Eclipse Projects/Building_Viewer/lib/base/minim/tritonus_share.jar:/Users/irtezanasir/Desktop/Eclipse Projects/Building_Viewer/lib/base/net/net.jar:/Users/irtezanasir/Desktop/Eclipse Projects/Building_Viewer/lib/base/pdf/itext.jar:/Users/irtezanasir/Desktop/Eclipse Projects/Building_Viewer/lib/base/pdf/pdf.jar:/Users/irtezanasir/Desktop/Eclipse Projects/Building_Viewer/lib/base/serial/jssc.jar:/Users/irtezanasir/Desktop/Eclipse Projects/Building_Viewer/lib/base/serial/serial.jar:/Users/irtezanasir/Desktop/Eclipse Projects/Building_Viewer/lib/base/video/gstreamer-java.jar:/Users/irtezanasir/Desktop/Eclipse Projects/Building_Viewer/lib/base/video/jna.jar:/Users/irtezanasir/Desktop/Eclipse Projects/Building_Viewer/lib/base/video/video.jar:/Users/irtezanasir/Desktop/Eclipse Projects/Building_Viewer/lib/base/core/core.jar:/Users/irtezanasir/Desktop/Eclipse Projects/Building_Viewer/lib/base/core/gluegen-rt-natives-linux-amd64.jar:/Users/irtezanasir/Desktop/Eclipse Projects/Building_Viewer/lib/base/core/gluegen-rt-natives-linux-armv6hf.jar:/Users/irtezanasir/Desktop/Eclipse Projects/Building_Viewer/lib/base/core/gluegen-rt-natives-linux-i586.jar:/Users/irtezanasir/Desktop/Eclipse Projects/Building_Viewer/lib/base/core/gluegen-rt-natives-macosx-universal.jar:/Users/irtezanasir/Desktop/Eclipse Projects/Building_Viewer/lib/base/core/gluegen-rt-nat
Launcher Type: SUN_STANDARD

Environment Variables:
PATH=/usr/bin:/bin:/usr/sbin:/sbin
SHELL=/bin/bash

Signal Handlers:
SIGSEGV: [libjvm.dylib+0x5b0579], sa_mask[0]=11111111011111110111111111111111, sa_flags=SA_ONSTACK|SA_RESTART|SA_SIGINFO
SIGBUS: [libjvm.dylib+0x5b0579], sa_mask[0]=11111111011111110111111111111111, sa_flags=SA_RESTART|SA_SIGINFO
SIGFPE: [libjvm.dylib+0x4874e4], sa_mask[0]=11111111011111110111111111111111, sa_flags=SA_RESTART|SA_SIGINFO
SIGPIPE: [libjvm.dylib+0x4874e4], sa_mask[0]=11111111011111110111111111111111, sa_flags=SA_RESTART|SA_SIGINFO
SIGXFSZ: [libjvm.dylib+0x4874e4], sa_mask[0]=11111111011111110111111111111111, sa_flags=SA_RESTART|SA_SIGINFO
SIGILL: [libjvm.dylib+0x4874e4], sa_mask[0]=11111111011111110111111111111111, sa_flags=SA_RESTART|SA_SIGINFO
SIGUSR1: SIG_DFL, sa_mask[0]=00000000000000000000000000000000, sa_flags=none
SIGUSR2: [libjvm.dylib+0x487002], sa_mask[0]=00100000000000000000000000000000, sa_flags=SA_RESTART|SA_SIGINFO
SIGHUP: [libjvm.dylib+0x4855d9], sa_mask[0]=11111111011111110111111111111111, sa_flags=SA_RESTART|SA_SIGINFO
SIGINT: [libjvm.dylib+0x4855d9], sa_mask[0]=11111111011111110111111111111111, sa_flags=SA_RESTART|SA_SIGINFO
SIGTERM: [libjvm.dylib+0x4855d9], sa_mask[0]=11111111011111110111111111111111, sa_flags=SA_RESTART|SA_SIGINFO
SIGQUIT: [libjvm.dylib+0x4855d9], sa_mask[0]=11111111011111110111111111111111, sa_flags=SA_RESTART|SA_SIGINFO


---------------  S Y S T E M  ---------------

OS:Bsduname:Darwin 14.0.0 Darwin Kernel Version 14.0.0: Fri Sep 19 00:26:44 PDT 2014; root:xnu-2782.1.97~2/RELEASE_X86_64 x86_64
rlimit: STACK 8192k, CORE 0k, NPROC 709, NOFILE 10240, AS infinity
load average:2.44 1.80 1.61

CPU:total 4 (2 cores per cpu, 2 threads per core) family 6 model 69 stepping 1, cmov, cx8, fxsr, mmx, sse, sse2, sse3, ssse3, sse4.1, sse4.2, popcnt, avx, avx2, aes, clmul, erms, lzcnt, ht, tsc, tscinvbit, bmi1, bmi2

Memory: 4k page, physical 4194304k(83012k free)

/proc/meminfo:


vm_info: Java HotSpot(TM) 64-Bit Server VM (25.102-b14) for bsd-amd64 JRE (1.8.0_102-b14), built on Jun 22 2016 11:42:36 by "java_re" with gcc 4.2.1 (Based on Apple Inc. build 5658) (LLVM build 2336.11.00)

time: Fri Sep 23 18:30:33 2016
elapsed time: 119 seconds (0d 0h 1m 59s)

