#
# A fatal error has been detected by the Java Runtime Environment:
#
#  SIGSEGV (0xb) at pc=0x00007fff8d6d50dd, pid=51807, tid=0x0000000000000713
#
# JRE version: Java(TM) SE Runtime Environment (8.0_102-b14) (build 1.8.0_102-b14)
# Java VM: Java HotSpot(TM) 64-Bit Server VM (25.102-b14 mixed mode bsd-amd64 compressed oops)
# Problematic frame:
# C  [libobjc.A.dylib+0x10dd]  objc_msgSend+0x1d
#
# Failed to write core dump. Core dumps have been disabled. To enable core dumping, try "ulimit -c unlimited" before starting Java again
#
# If you would like to submit a bug report, please visit:
#   http://bugreport.java.com/bugreport/crash.jsp
# The crash happened outside the Java Virtual Machine in native code.
# See problematic frame for where to report the bug.
#

---------------  T H R E A D  ---------------

Current thread (0x00007fdbb310a800):  JavaThread "AWT-AppKit" daemon [_thread_in_native, id=1811, stack(0x00007fff5a03f000,0x00007fff5a83f000)]

siginfo: si_signo: 11 (SIGSEGV), si_code: 1 (SEGV_MAPERR), si_addr: 0x000007fdbb6bb260

Registers:
RAX=0x00007fdbb6bc46d0, RBX=0x00000001801ee3b0, RCX=0x000000012136cb00, RDX=0x00000001222f4460
RSP=0x00007fff5a838e78, RBP=0x00007fff5a838f30, RSI=0x00007fff818154c7, RDI=0x00007fdbb2716dd0
R8 =0x0000000000000000, R9 =0x0000000000000e80, R10=0x00007fff818154c7, R11=0x000007fdbb6bb248
R12=0x0000000000000000, R13=0x0000000182efe778, R14=0x00000001801ee3a0, R15=0x00007fdbb310a800
RIP=0x00007fff8d6d50dd, EFLAGS=0x0000000000010206, ERR=0x0000000000000004
  TRAPNO=0x000000000000000e

Top of Stack: (sp=0x00007fff5a838e78)
0x00007fff5a838e78:   00000001801ec5d7 00007fff5a838ed0
0x00007fff5a838e88:   0000000000000003 00007fff5a838eb0
0x00007fff5a838e98:   00000001056b2e32 0000000182efe778
0x00007fff5a838ea8:   0000000182efe778 00007fdbb6bc46d0
0x00007fff5a838eb8:   00000001801ee5c0 00000001801ee640
0x00007fff5a838ec8:   00000001801ee3b0 00007fff721bf550
0x00007fff5a838ed8:   00000001801ee5d0 00007fff71959bb0
0x00007fff5a838ee8:   00007fdbb6bc46d0 00007fdbb2716dd0
0x00007fff5a838ef8:   00007fdbb2559be0 00007fdbb6bc46d0
0x00007fff5a838f08:   00007fdbb2716dd0 00007fff5a838fb8
0x00007fff5a838f18:   00007fdbb310a9f8 0000000182efe778
0x00007fff5a838f28:   00007fff5a838fe0 00007fff5a838fa8
0x00007fff5a838f38:   0000000106e179d4 0000000182efe778
0x00007fff5a838f48:   00007fff5a838fe0 00007fff5a838fa8
0x00007fff5a838f58:   0000000106e17767 0000000106e17722
0x00007fff5a838f68:   00007fff5a838f68 0000000182efe778
0x00007fff5a838f78:   00007fff5a838fe0 0000000182f00f68
0x00007fff5a838f88:   0000000000000000 0000000182efe778
0x00007fff5a838f98:   0000000000000000 00007fff5a838fc8
0x00007fff5a838fa8:   00007fff5a839028 0000000106e082bd
0x00007fff5a838fb8:   0000000781280090 0000000106e11538
0x00007fff5a838fc8:   00007fdbb6bc46d0 00007fff5a839028
0x00007fff5a838fd8:   00007fdbb2716dd0 0000000106e12e02
0x00007fff5a838fe8:   00007fff5a838fe8 0000000182efe942
0x00007fff5a838ff8:   00007fff5a839050 0000000182f00f68
0x00007fff5a839008:   0000000000000000 0000000182efe950
0x00007fff5a839018:   00007fff5a838fc8 00007fff5a839038
0x00007fff5a839028:   00007fff5a839098 0000000106e082bd
0x00007fff5a839038:   00007fdbb6bc46d0 00000007811287f0
0x00007fff5a839048:   00007fdbb2716dd0 00000007811287f0
0x00007fff5a839058:   00007fff5a839058 0000000189d335f6
0x00007fff5a839068:   00007fff5a8390a8 0000000189d336b0 

Instructions: (pc=0x00007fff8d6d50dd)
0x00007fff8d6d50bd:   00 00 00 48 85 ff 2e 74 7a 40 f6 c7 01 2e 75 7e
0x00007fff8d6d50cd:   49 bb f8 ff ff ff ff 7f 00 00 4c 23 1f 49 89 f2
0x00007fff8d6d50dd:   45 23 53 18 49 c1 e2 04 4d 03 53 10 49 3b 32 75
0x00007fff8d6d50ed:   04 41 ff 62 08 49 83 3a 00 74 6a 4d 3b 53 10 74 

Register to memory mapping:

RAX=0x00007fdbb6bc46d0 is an unknown value
RBX=0x00000001801ee3b0: Java_jogamp_nativewindow_macosx_OSXUtil_GetScreenRefreshRate0+0x1850 in /private/var/folders/zw/bgqy237d46x7490l5q8zg59m0000gn/T/jogamp_0000/file_cache/jln8612140527466235718/jln3834283876526062931/libnativewindow_macosx.jnilib at 0x00000001801e7000
RCX=0x000000012136cb00 is an unknown value
RDX=0x00000001222f4460 is an unknown value
RSP=0x00007fff5a838e78 is pointing into the stack for thread: 0x00007fdbb310a800
RBP=0x00007fff5a838f30 is pointing into the stack for thread: 0x00007fdbb310a800
RSI=0x00007fff818154c7 is an unknown value
RDI=0x00007fdbb2716dd0 is an unknown value
R8 =0x0000000000000000 is an unknown value
R9 =0x0000000000000e80 is an unknown value
R10=0x00007fff818154c7 is an unknown value
R11=0x000007fdbb6bb248 is an unknown value
R12=0x0000000000000000 is an unknown value
R13={method} {0x0000000182efe778} 'UnsetJAWTRootSurfaceLayer0' '(JJ)V' in 'jogamp/nativewindow/jawt/macosx/MacOSXJAWTWindow'
R14=0x00000001801ee3a0: Java_jogamp_nativewindow_macosx_OSXUtil_GetScreenRefreshRate0+0x1840 in /private/var/folders/zw/bgqy237d46x7490l5q8zg59m0000gn/T/jogamp_0000/file_cache/jln8612140527466235718/jln3834283876526062931/libnativewindow_macosx.jnilib at 0x00000001801e7000
R15=0x00007fdbb310a800 is a thread


Stack: [0x00007fff5a03f000,0x00007fff5a83f000],  sp=0x00007fff5a838e78,  free space=8167k
Native frames: (J=compiled Java code, j=interpreted, Vv=VM code, C=native code)
C  [libobjc.A.dylib+0x10dd]  objc_msgSend+0x1d
j  jogamp.nativewindow.jawt.macosx.MacOSXJAWTWindow.UnsetJAWTRootSurfaceLayer0(JJ)V+0
j  jogamp.nativewindow.jawt.macosx.MacOSXJAWTWindow.access$200(JJ)V+2
j  jogamp.nativewindow.jawt.macosx.MacOSXJAWTWindow$1.run()V+38
J 2007 C1 com.jogamp.common.util.RunnableTask.run()V (345 bytes) @ 0x00000001074dcdb4 [0x00000001074dcc20+0x194]
v  ~StubRoutines::call_stub
V  [libjvm.dylib+0x2ed5e2]  JavaCalls::call_helper(JavaValue*, methodHandle*, JavaCallArguments*, Thread*)+0x6ae
V  [libjvm.dylib+0x324771]  jni_invoke_nonstatic(JNIEnv_*, JavaValue*, _jobject*, JNICallType, _jmethodID*, JNI_ArgumentPusher*, Thread*)+0x2ec
V  [libjvm.dylib+0x316f3f]  jni_CallVoidMethod+0x16b
C  [libnativewindow_macosx.jnilib+0x57ae]  Java_jogamp_nativewindow_jawt_macosx_MacOSXJAWTWindow_UnsetJAWTRootSurfaceLayer0+0x2be
C  [Foundation+0x65f4c]  __NSThreadPerformPerform+0x125
C  [CoreFoundation+0x80661]  __CFRUNLOOP_IS_CALLING_OUT_TO_A_SOURCE0_PERFORM_FUNCTION__+0x11
C  [CoreFoundation+0x728bc]  __CFRunLoopDoSources0+0x1dc
C  [CoreFoundation+0x71e1f]  __CFRunLoopRun+0x39f
C  [CoreFoundation+0x71838]  CFRunLoopRunSpecific+0x128
C  [HIToolbox+0x2e43f]  RunCurrentEventLoopInMode+0xeb
C  [HIToolbox+0x2e0be]  ReceiveNextEventCommon+0xb3
C  [HIToolbox+0x2dffb]  _BlockUntilNextEventMatchingListInModeWithFilter+0x47
C  [AppKit+0x24821]  _DPSNextEvent+0x3c4
C  [AppKit+0x23fd0]  -[NSApplication nextEventMatchingMask:untilDate:inMode:dequeue:]+0xc2
C  [libosxapp.dylib+0x23aa]  -[NSApplicationAWT nextEventMatchingMask:untilDate:inMode:dequeue:]+0x7c
C  [AppKit+0x17f73]  -[NSApplication run]+0x252
C  [libosxapp.dylib+0x214d]  +[NSApplicationAWT runAWTLoopWithApp:]+0x9c
C  [libawt_lwawt.dylib+0x444b3]  -[AWTStarter starter:]+0x389
C  [Foundation+0x65f4c]  __NSThreadPerformPerform+0x125
C  [CoreFoundation+0x80661]  __CFRUNLOOP_IS_CALLING_OUT_TO_A_SOURCE0_PERFORM_FUNCTION__+0x11
C  [CoreFoundation+0x727ed]  __CFRunLoopDoSources0+0x10d
C  [CoreFoundation+0x71e1f]  __CFRunLoopRun+0x39f
C  [CoreFoundation+0x71838]  CFRunLoopRunSpecific+0x128
C  [java+0x6465]  CreateExecutionEnvironment+0x367
C  [java+0x218c]  JLI_Launch+0x7a0
C  [java+0x84c2]  main+0x65
C  [java+0x19e4]  start+0x34
C  0x0000000000000008

Java frames: (J=compiled Java code, j=interpreted, Vv=VM code)
j  jogamp.nativewindow.jawt.macosx.MacOSXJAWTWindow.UnsetJAWTRootSurfaceLayer0(JJ)V+0
j  jogamp.nativewindow.jawt.macosx.MacOSXJAWTWindow.access$200(JJ)V+2
j  jogamp.nativewindow.jawt.macosx.MacOSXJAWTWindow$1.run()V+38
J 2007 C1 com.jogamp.common.util.RunnableTask.run()V (345 bytes) @ 0x00000001074dcdb4 [0x00000001074dcc20+0x194]
v  ~StubRoutines::call_stub

---------------  P R O C E S S  ---------------

Java Threads: ( => current thread )
  0x00007fdbb4127800 JavaThread "Thread-3" [_thread_blocked, id=36647, stack(0x000000018266e000,0x000000018276e000)]
  0x00007fdbb783c800 JavaThread "TimerQueue" daemon [_thread_blocked, id=58131, stack(0x0000000189dc6000,0x0000000189ec6000)]
  0x00007fdbb4136000 JavaThread "AWT-EventQueue-1" [_thread_in_native, id=56083, stack(0x00000001807b4000,0x00000001808b4000)]
  0x00007fdbb32a8000 JavaThread "DestroyJavaVM" [_thread_blocked, id=4867, stack(0x0000000106479000,0x0000000106579000)]
  0x00007fdbb2a64800 JavaThread "AWT-EventQueue-0" [_thread_blocked, id=54279, stack(0x0000000122381000,0x0000000122481000)]
  0x00007fdbb2a30000 JavaThread "Java2D Disposer" daemon [_thread_blocked, id=50455, stack(0x00000001210fd000,0x00000001211fd000)]
  0x00007fdbb3185800 JavaThread "Java2D Queue Flusher" daemon [_thread_blocked, id=49159, stack(0x000000012075b000,0x000000012085b000)]
  0x00007fdbb3110000 JavaThread "AWT-Shutdown" [_thread_blocked, id=28435, stack(0x000000011dd92000,0x000000011de92000)]
=>0x00007fdbb310a800 JavaThread "AWT-AppKit" daemon [_thread_in_native, id=1811, stack(0x00007fff5a03f000,0x00007fff5a83f000)]
  0x00007fdbb305d800 JavaThread "Service Thread" daemon [_thread_blocked, id=18179, stack(0x000000011c535000,0x000000011c635000)]
  0x00007fdbb3044800 JavaThread "C1 CompilerThread2" daemon [_thread_blocked, id=17667, stack(0x000000011c432000,0x000000011c532000)]
  0x00007fdbb3043800 JavaThread "C2 CompilerThread1" daemon [_thread_blocked, id=17155, stack(0x000000011c32f000,0x000000011c42f000)]
  0x00007fdbb283b800 JavaThread "C2 CompilerThread0" daemon [_thread_in_native, id=16643, stack(0x000000011c22c000,0x000000011c32c000)]
  0x00007fdbb2816000 JavaThread "Signal Dispatcher" daemon [_thread_blocked, id=13335, stack(0x000000011c129000,0x000000011c229000)]
  0x00007fdbb3028000 JavaThread "Finalizer" daemon [_thread_blocked, id=11523, stack(0x000000011a7f9000,0x000000011a8f9000)]
  0x00007fdbb382b800 JavaThread "Reference Handler" daemon [_thread_blocked, id=11011, stack(0x000000011a6f6000,0x000000011a7f6000)]

Other Threads:
  0x00007fdbb282b800 VMThread [stack: 0x000000011a5f3000,0x000000011a6f3000] [id=10499]
  0x00007fdbb2854800 WatcherThread [stack: 0x000000011c638000,0x000000011c738000] [id=18691]

VM state:not at safepoint (normal execution)

VM Mutex/Monitor currently owned by a thread: None

Heap:
 PSYoungGen      total 33280K, used 20209K [0x00000007aab00000, 0x00000007adb80000, 0x00000007c0000000)
  eden space 27136K, 63% used [0x00000007aab00000,0x00000007abbf4420,0x00000007ac580000)
  from space 6144K, 46% used [0x00000007ad580000,0x00000007ad8480f0,0x00000007adb80000)
  to   space 11264K, 0% used [0x00000007ac580000,0x00000007ac580000,0x00000007ad080000)
 ParOldGen       total 49152K, used 19063K [0x0000000780000000, 0x0000000783000000, 0x00000007aab00000)
  object space 49152K, 38% used [0x0000000780000000,0x000000078129de40,0x0000000783000000)
 Metaspace       used 22071K, capacity 22275K, committed 22656K, reserved 1069056K
  class space    used 2234K, capacity 2314K, committed 2432K, reserved 1048576K

Card table byte_map: [0x00000001161c0000,0x00000001163c1000] byte_map_base: 0x00000001125c0000

Marking Bits: (ParMarkBitMap*) 0x0000000105dafd20
 Begin Bits: [0x0000000116923000, 0x0000000117923000)
 End Bits:   [0x0000000117923000, 0x0000000118923000)

Polling page: 0x00000001065be000

CodeCache: size=245760Kb used=8849Kb max_used=8854Kb free=236911Kb
 bounds [0x0000000106e00000, 0x00000001076b0000, 0x0000000115e00000]
 total_blobs=3434 nmethods=2538 adapters=809
 compilation: enabled

Compilation events (10 events):
Event: 4800.342 Thread 0x00007fdbb3043800 2545       4       java.util.HashMap::put (13 bytes)
Event: 4800.343 Thread 0x00007fdbb3044800 2546       3       java.util.HashSet::<init> (16 bytes)
Event: 4800.343 Thread 0x00007fdbb3044800 nmethod 2546 0x00000001076a7fd0 code [0x00000001076a8160, 0x00000001076a8570]
Event: 4800.351 Thread 0x00007fdbb3043800 nmethod 2545 0x00000001076aba10 code [0x00000001076abbe0, 0x00000001076ac210]
Event: 4800.363 Thread 0x00007fdbb3044800 2547       3       java.lang.StringBuffer::<init> (7 bytes)
Event: 4800.363 Thread 0x00007fdbb3044800 nmethod 2547 0x00000001076ab4d0 code [0x00000001076ab640, 0x00000001076ab8f0]
Event: 4800.364 Thread 0x00007fdbb3044800 2548       3       javax.swing.RepaintManager::currentManager (37 bytes)
Event: 4800.365 Thread 0x00007fdbb3044800 nmethod 2548 0x00000001076aad90 code [0x00000001076aaf20, 0x00000001076ab3a8]
Event: 4800.365 Thread 0x00007fdbb3044800 2549  s    3       sun.font.CCharToGlyphMapper$Cache::get (74 bytes)
Event: 4800.366 Thread 0x00007fdbb3044800 nmethod 2549 0x00000001076a9c10 code [0x00000001076a9e00, 0x00000001076aa958]

GC Heap History (10 events):
Event: 4.246 GC heap before
{Heap before GC invocations=3 (full 0):
 PSYoungGen      total 18944K, used 18912K [0x00000007aab00000, 0x00000007ac000000, 0x00000007c0000000)
  eden space 16384K, 100% used [0x00000007aab00000,0x00000007abb00000,0x00000007abb00000)
  from space 2560K, 98% used [0x00000007abd80000,0x00000007abff8020,0x00000007ac000000)
  to   space 2560K, 0% used [0x00000007abb00000,0x00000007abb00000,0x00000007abd80000)
 ParOldGen       total 44032K, used 2459K [0x0000000780000000, 0x0000000782b00000, 0x00000007aab00000)
  object space 44032K, 5% used [0x0000000780000000,0x0000000780266d90,0x0000000782b00000)
 Metaspace       used 17629K, capacity 17787K, committed 18048K, reserved 1064960K
  class space    used 1777K, capacity 1852K, committed 1920K, reserved 1048576K
Event: 4.252 GC heap after
Heap after GC invocations=3 (full 0):
 PSYoungGen      total 18944K, used 2544K [0x00000007aab00000, 0x00000007ac000000, 0x00000007c0000000)
  eden space 16384K, 0% used [0x00000007aab00000,0x00000007aab00000,0x00000007abb00000)
  from space 2560K, 99% used [0x00000007abb00000,0x00000007abd7c1e0,0x00000007abd80000)
  to   space 2560K, 0% used [0x00000007abd80000,0x00000007abd80000,0x00000007ac000000)
 ParOldGen       total 44032K, used 5116K [0x0000000780000000, 0x0000000782b00000, 0x00000007aab00000)
  object space 44032K, 11% used [0x0000000780000000,0x00000007804ff0d8,0x0000000782b00000)
 Metaspace       used 17629K, capacity 17787K, committed 18048K, reserved 1064960K
  class space    used 1777K, capacity 1852K, committed 1920K, reserved 1048576K
}
Event: 4.931 GC heap before
{Heap before GC invocations=4 (full 0):
 PSYoungGen      total 18944K, used 16383K [0x00000007aab00000, 0x00000007ac000000, 0x00000007c0000000)
  eden space 16384K, 84% used [0x00000007aab00000,0x00000007ab883d90,0x00000007abb00000)
  from space 2560K, 99% used [0x00000007abb00000,0x00000007abd7c1e0,0x00000007abd80000)
  to   space 2560K, 0% used [0x00000007abd80000,0x00000007abd80000,0x00000007ac000000)
 ParOldGen       total 44032K, used 5116K [0x0000000780000000, 0x0000000782b00000, 0x00000007aab00000)
  object space 44032K, 11% used [0x0000000780000000,0x00000007804ff0d8,0x0000000782b00000)
 Metaspace       used 20786K, capacity 21009K, committed 21248K, reserved 1069056K
  class space    used 2174K, capacity 2243K, committed 2304K, reserved 1048576K
Event: 4.942 GC heap after
Heap after GC invocations=4 (full 0):
 PSYoungGen      total 18944K, used 2528K [0x00000007aab00000, 0x00000007ad000000, 0x00000007c0000000)
  eden space 16384K, 0% used [0x00000007aab00000,0x00000007aab00000,0x00000007abb00000)
  from space 2560K, 98% used [0x00000007abd80000,0x00000007abff8020,0x00000007ac000000)
  to   space 2560K, 0% used [0x00000007abb00000,0x00000007abb00000,0x00000007abd80000)
 ParOldGen       total 44032K, used 14558K [0x0000000780000000, 0x0000000782b00000, 0x00000007aab00000)
  object space 44032K, 33% used [0x0000000780000000,0x0000000780e37bd8,0x0000000782b00000)
 Metaspace       used 20786K, capacity 21009K, committed 21248K, reserved 1069056K
  class space    used 2174K, capacity 2243K, committed 2304K, reserved 1048576K
}
Event: 5.040 GC heap before
{Heap before GC invocations=5 (full 0):
 PSYoungGen      total 18944K, used 8023K [0x00000007aab00000, 0x00000007ad000000, 0x00000007c0000000)
  eden space 16384K, 33% used [0x00000007aab00000,0x00000007ab05dd58,0x00000007abb00000)
  from space 2560K, 98% used [0x00000007abd80000,0x00000007abff8020,0x00000007ac000000)
  to   space 2560K, 0% used [0x00000007abb00000,0x00000007abb00000,0x00000007abd80000)
 ParOldGen       total 44032K, used 14558K [0x0000000780000000, 0x0000000782b00000, 0x00000007aab00000)
  object space 44032K, 33% used [0x0000000780000000,0x0000000780e37bd8,0x0000000782b00000)
 Metaspace       used 20916K, capacity 21119K, committed 21248K, reserved 1069056K
  class space    used 2189K, capacity 2278K, committed 2304K, reserved 1048576K
Event: 5.047 GC heap after
Heap after GC invocations=5 (full 0):
 PSYoungGen      total 18944K, used 2528K [0x00000007aab00000, 0x00000007ae000000, 0x00000007c0000000)
  eden space 16384K, 0% used [0x00000007aab00000,0x00000007aab00000,0x00000007abb00000)
  from space 2560K, 98% used [0x00000007abb00000,0x00000007abd78020,0x00000007abd80000)
  to   space 10752K, 0% used [0x00000007ad580000,0x00000007ad580000,0x00000007ae000000)
 ParOldGen       total 44032K, used 18814K [0x0000000780000000, 0x0000000782b00000, 0x00000007aab00000)
  object space 44032K, 42% used [0x0000000780000000,0x000000078125f970,0x0000000782b00000)
 Metaspace       used 20916K, capacity 21119K, committed 21248K, reserved 1069056K
  class space    used 2189K, capacity 2278K, committed 2304K, reserved 1048576K
}
Event: 5.047 GC heap before
{Heap before GC invocations=6 (full 1):
 PSYoungGen      total 18944K, used 2528K [0x00000007aab00000, 0x00000007ae000000, 0x00000007c0000000)
  eden space 16384K, 0% used [0x00000007aab00000,0x00000007aab00000,0x00000007abb00000)
  from space 2560K, 98% used [0x00000007abb00000,0x00000007abd78020,0x00000007abd80000)
  to   space 10752K, 0% used [0x00000007ad580000,0x00000007ad580000,0x00000007ae000000)
 ParOldGen       total 44032K, used 18814K [0x0000000780000000, 0x0000000782b00000, 0x00000007aab00000)
  object space 44032K, 42% used [0x0000000780000000,0x000000078125f970,0x0000000782b00000)
 Metaspace       used 20916K, capacity 21119K, committed 21248K, reserved 1069056K
  class space    used 2189K, capacity 2278K, committed 2304K, reserved 1048576K
Event: 5.094 GC heap after
Heap after GC invocations=6 (full 1):
 PSYoungGen      total 18944K, used 0K [0x00000007aab00000, 0x00000007ae000000, 0x00000007c0000000)
  eden space 16384K, 0% used [0x00000007aab00000,0x00000007aab00000,0x00000007abb00000)
  from space 2560K, 0% used [0x00000007abb00000,0x00000007abb00000,0x00000007abd80000)
  to   space 10752K, 0% used [0x00000007ad580000,0x00000007ad580000,0x00000007ae000000)
 ParOldGen       total 49152K, used 19063K [0x0000000780000000, 0x0000000783000000, 0x00000007aab00000)
  object space 49152K, 38% used [0x0000000780000000,0x000000078129de40,0x0000000783000000)
 Metaspace       used 20916K, capacity 21119K, committed 21248K, reserved 1069056K
  class space    used 2189K, capacity 2278K, committed 2304K, reserved 1048576K
}
Event: 9.741 GC heap before
{Heap before GC invocations=7 (full 1):
 PSYoungGen      total 18944K, used 16384K [0x00000007aab00000, 0x00000007ae000000, 0x00000007c0000000)
  eden space 16384K, 100% used [0x00000007aab00000,0x00000007abb00000,0x00000007abb00000)
  from space 2560K, 0% used [0x00000007abb00000,0x00000007abb00000,0x00000007abd80000)
  to   space 10752K, 0% used [0x00000007ad580000,0x00000007ad580000,0x00000007ae000000)
 ParOldGen       total 49152K, used 19063K [0x0000000780000000, 0x0000000783000000, 0x00000007aab00000)
  object space 49152K, 38% used [0x0000000780000000,0x000000078129de40,0x0000000783000000)
 Metaspace       used 21781K, capacity 22015K, committed 22400K, reserved 1069056K
  class space    used 2222K, capacity 2314K, committed 2432K, reserved 1048576K
Event: 9.744 GC heap after
Heap after GC invocations=7 (full 1):
 PSYoungGen      total 33280K, used 2848K [0x00000007aab00000, 0x00000007adb80000, 0x00000007c0000000)
  eden space 27136K, 0% used [0x00000007aab00000,0x00000007aab00000,0x00000007ac580000)
  from space 6144K, 46% used [0x00000007ad580000,0x00000007ad8480f0,0x00000007adb80000)
  to   space 11264K, 0% used [0x00000007ac580000,0x00000007ac580000,0x00000007ad080000)
 ParOldGen       total 49152K, used 19063K [0x0000000780000000, 0x0000000783000000, 0x00000007aab00000)
  object space 49152K, 38% used [0x0000000780000000,0x000000078129de40,0x0000000783000000)
 Metaspace       used 21781K, capacity 22015K, committed 22400K, reserved 1069056K
  class space    used 2222K, capacity 2314K, committed 2432K, reserved 1048576K
}

Deoptimization events (10 events):
Event: 4.887 Thread 0x00007fdbb4136000 Uncommon trap: reason=class_check action=maybe_recompile pc=0x0000000106f6d218 method=java.lang.String.equals(Ljava/lang/Object;)Z @ 8
Event: 4.887 Thread 0x00007fdbb4136000 Uncommon trap: reason=class_check action=maybe_recompile pc=0x0000000106f6d218 method=java.lang.String.equals(Ljava/lang/Object;)Z @ 8
Event: 4.888 Thread 0x00007fdbb4136000 Uncommon trap: reason=class_check action=maybe_recompile pc=0x0000000106f6d218 method=java.lang.String.equals(Ljava/lang/Object;)Z @ 8
Event: 4.928 Thread 0x00007fdbb4136000 Uncommon trap: reason=unstable_if action=reinterpret pc=0x00000001071ed360 method=com.jogamp.common.util.IntIntHashMap.get(I)I @ 19
Event: 4.931 Thread 0x00007fdbb4136000 Uncommon trap: reason=unstable_if action=reinterpret pc=0x00000001071e27ec method=com.jogamp.common.util.IntIntHashMap.get(I)I @ 19
Event: 4800.342 Thread 0x00007fdbb2a52000 Uncommon trap: reason=bimorphic action=maybe_recompile pc=0x000000010728a774 method=java.util.HashMap.putVal(ILjava/lang/Object;Ljava/lang/Object;ZZ)Ljava/lang/Object; @ 91
Event: 4800.342 Thread 0x00007fdbb2a52000 Uncommon trap: reason=bimorphic action=maybe_recompile pc=0x000000010728a774 method=java.util.HashMap.putVal(ILjava/lang/Object;Ljava/lang/Object;ZZ)Ljava/lang/Object; @ 91
Event: 4800.342 Thread 0x00007fdbb2a52000 Uncommon trap: reason=bimorphic action=maybe_recompile pc=0x000000010728a774 method=java.util.HashMap.putVal(ILjava/lang/Object;Ljava/lang/Object;ZZ)Ljava/lang/Object; @ 91
Event: 4800.342 Thread 0x00007fdbb2a52000 Uncommon trap: reason=bimorphic action=maybe_recompile pc=0x000000010728a774 method=java.util.HashMap.putVal(ILjava/lang/Object;Ljava/lang/Object;ZZ)Ljava/lang/Object; @ 91
Event: 4800.342 Thread 0x00007fdbb2a52000 Uncommon trap: reason=bimorphic action=maybe_recompile pc=0x00000001071d1150 method=java.util.HashMap.putVal(ILjava/lang/Object;Ljava/lang/Object;ZZ)Ljava/lang/Object; @ 91

Internal exceptions (10 events):
Event: 4.257 Thread 0x00007fdbb4136000 Exception <a 'java/io/FileNotFoundException'> (0x00000007aab41110) thrown at [/Users/java_re/workspace/8-2-build-macosx-x86_64/jdk8u102/7268/hotspot/src/share/vm/prims/jni.cpp, line 709]
Event: 4.257 Thread 0x00007fdbb4136000 Exception <a 'java/io/FileNotFoundException'> (0x00000007aab58d78) thrown at [/Users/java_re/workspace/8-2-build-macosx-x86_64/jdk8u102/7268/hotspot/src/share/vm/prims/jni.cpp, line 709]
Event: 4.259 Thread 0x00007fdbb4136000 Exception <a 'java/io/FileNotFoundException'> (0x00000007aab7c7c8) thrown at [/Users/java_re/workspace/8-2-build-macosx-x86_64/jdk8u102/7268/hotspot/src/share/vm/prims/jni.cpp, line 709]
Event: 4.260 Thread 0x00007fdbb4136000 Exception <a 'java/io/FileNotFoundException'> (0x00000007aab93a18) thrown at [/Users/java_re/workspace/8-2-build-macosx-x86_64/jdk8u102/7268/hotspot/src/share/vm/prims/jni.cpp, line 709]
Event: 4.262 Thread 0x00007fdbb4136000 Exception <a 'java/io/FileNotFoundException'> (0x00000007aabb6140) thrown at [/Users/java_re/workspace/8-2-build-macosx-x86_64/jdk8u102/7268/hotspot/src/share/vm/prims/jni.cpp, line 709]
Event: 4.556 Thread 0x00007fdbb4136000 Implicit null exception at 0x0000000106fdf235 to 0x0000000106fdf5f9
Event: 4.557 Thread 0x00007fdbb4136000 Implicit null exception at 0x0000000106fd6b36 to 0x0000000106fd6f01
Event: 4.928 Thread 0x00007fdbb4136000 Implicit null exception at 0x00000001071ed1e5 to 0x00000001071ed339
Event: 4.931 Thread 0x00007fdbb4136000 Implicit null exception at 0x00000001071e276a to 0x00000001071e27d5
Event: 4.942 Thread 0x00007fdbb3028000 Exception <a 'java/lang/NullPointerException'> (0x00000007aaf13d20) thrown at [/Users/java_re/workspace/8-2-build-macosx-x86_64/jdk8u102/7268/hotspot/src/share/vm/interpreter/linkResolver.cpp, line 1178]

Events (10 events):
Event: 4800.373 loading class jogamp/nativewindow/jawt/macosx/MacOSXJAWTWindow$3 done
Event: 4800.385 loading class com/jogamp/nativewindow/awt/JAWTWindow$JAWTComponentListener$2
Event: 4800.385 loading class com/jogamp/nativewindow/awt/JAWTWindow$JAWTComponentListener$2 done
Event: 4800.386 loading class jogamp/nativewindow/jawt/macosx/MacOSXJAWTWindow$1
Event: 4800.386 loading class jogamp/nativewindow/jawt/macosx/MacOSXJAWTWindow$1 done
Event: 4800.389 Thread 0x00007fdbb2a52000 Thread exited: 0x00007fdbb2a52000
Event: 4800.389 loading class java/lang/IllegalThreadStateException
Event: 4800.390 loading class java/lang/IllegalThreadStateException done
Event: 4800.390 loading class java/awt/Window$1DisposeAction
Event: 4800.391 loading class java/awt/Window$1DisposeAction done


Dynamic libraries:
0x0000000000e7b000 	/System/Library/Frameworks/Cocoa.framework/Versions/A/Cocoa
0x0000000000e7b000 	/System/Library/Frameworks/Security.framework/Versions/A/Security
0x0000000000e7b000 	/System/Library/Frameworks/ApplicationServices.framework/Versions/A/ApplicationServices
0x0000000000e7b000 	/usr/lib/libz.1.dylib
0x0000000000e7b000 	/usr/lib/libSystem.B.dylib
0x0000000000e7b000 	/usr/lib/libobjc.A.dylib
0x0000000000e7b000 	/System/Library/Frameworks/CoreFoundation.framework/Versions/A/CoreFoundation
0x0000000000e7b000 	/System/Library/Frameworks/Foundation.framework/Versions/C/Foundation
0x0000000000e7b000 	/System/Library/Frameworks/AppKit.framework/Versions/C/AppKit
0x0000000000e7b000 	/System/Library/Frameworks/CoreData.framework/Versions/A/CoreData
0x0000000000e7b000 	/System/Library/PrivateFrameworks/RemoteViewServices.framework/Versions/A/RemoteViewServices
0x0000000000e7b000 	/System/Library/PrivateFrameworks/UIFoundation.framework/Versions/A/UIFoundation
0x0000000000e7b000 	/System/Library/Frameworks/IOSurface.framework/Versions/A/IOSurface
0x0000000000e7b000 	/System/Library/Frameworks/AudioToolbox.framework/Versions/A/AudioToolbox
0x0000000000e7b000 	/System/Library/Frameworks/AudioUnit.framework/Versions/A/AudioUnit
0x0000000000e7b000 	/System/Library/PrivateFrameworks/DataDetectorsCore.framework/Versions/A/DataDetectorsCore
0x0000000000e7b000 	/System/Library/PrivateFrameworks/DesktopServicesPriv.framework/Versions/A/DesktopServicesPriv
0x0000000000e7b000 	/System/Library/Frameworks/Carbon.framework/Versions/A/Frameworks/HIToolbox.framework/Versions/A/HIToolbox
0x0000000000e7b000 	/System/Library/Frameworks/QuartzCore.framework/Versions/A/QuartzCore
0x0000000000e7b000 	/System/Library/Frameworks/Carbon.framework/Versions/A/Frameworks/SpeechRecognition.framework/Versions/A/SpeechRecognition
0x0000000000e7b000 	/usr/lib/libauto.dylib
0x0000000000e7b000 	/usr/lib/libicucore.A.dylib
0x0000000000e7b000 	/usr/lib/libxml2.2.dylib
0x0000000000e7b000 	/System/Library/PrivateFrameworks/CoreUI.framework/Versions/A/CoreUI
0x0000000000e7b000 	/System/Library/Frameworks/CoreAudio.framework/Versions/A/CoreAudio
0x0000000000e7b000 	/System/Library/Frameworks/DiskArbitration.framework/Versions/A/DiskArbitration
0x0000000000e7b000 	/usr/lib/liblangid.dylib
0x0000000000e7b000 	/System/Library/PrivateFrameworks/MultitouchSupport.framework/Versions/A/MultitouchSupport
0x0000000000e7b000 	/System/Library/Frameworks/IOKit.framework/Versions/A/IOKit
0x0000000000e7b000 	/usr/lib/libDiagnosticMessagesClient.dylib
0x0000000000e7b000 	/System/Library/Frameworks/CoreServices.framework/Versions/A/CoreServices
0x0000000000e7b000 	/System/Library/PrivateFrameworks/PerformanceAnalysis.framework/Versions/A/PerformanceAnalysis
0x0000000000e7b000 	/System/Library/PrivateFrameworks/GenerationalStorage.framework/Versions/A/GenerationalStorage
0x0000000000e7b000 	/System/Library/Frameworks/OpenGL.framework/Versions/A/OpenGL
0x0000000000e7b000 	/System/Library/PrivateFrameworks/Sharing.framework/Versions/A/Sharing
0x0000000000e7b000 	/System/Library/Frameworks/CoreGraphics.framework/Versions/A/CoreGraphics
0x0000000000e7b000 	/System/Library/Frameworks/CoreText.framework/Versions/A/CoreText
0x0000000000e7b000 	/System/Library/Frameworks/ImageIO.framework/Versions/A/ImageIO
0x0000000000e7b000 	/usr/lib/libextension.dylib
0x0000000000e7b000 	/System/Library/PrivateFrameworks/Backup.framework/Versions/A/Backup
0x0000000000e7b000 	/usr/lib/libarchive.2.dylib
0x0000000000e7b000 	/System/Library/Frameworks/CFNetwork.framework/Versions/A/CFNetwork
0x0000000000e7b000 	/System/Library/Frameworks/SystemConfiguration.framework/Versions/A/SystemConfiguration
0x0000000000e7b000 	/usr/lib/libCRFSuite.dylib
0x0000000000e7b000 	/usr/lib/libc++.1.dylib
0x0000000000e7b000 	/usr/lib/libc++abi.dylib
0x0000000000e7b000 	/usr/lib/system/libcache.dylib
0x0000000000e7b000 	/usr/lib/system/libcommonCrypto.dylib
0x0000000000e7b000 	/usr/lib/system/libcompiler_rt.dylib
0x0000000000e7b000 	/usr/lib/system/libcopyfile.dylib
0x0000000000e7b000 	/usr/lib/system/libcorecrypto.dylib
0x0000000000e7b000 	/usr/lib/system/libdispatch.dylib
0x0000000000e7b000 	/usr/lib/system/libdyld.dylib
0x0000000000e7b000 	/usr/lib/system/libkeymgr.dylib
0x0000000000e7b000 	/usr/lib/system/liblaunch.dylib
0x0000000000e7b000 	/usr/lib/system/libmacho.dylib
0x0000000000e7b000 	/usr/lib/system/libquarantine.dylib
0x0000000000e7b000 	/usr/lib/system/libremovefile.dylib
0x0000000000e7b000 	/usr/lib/system/libsystem_asl.dylib
0x0000000000e7b000 	/usr/lib/system/libsystem_blocks.dylib
0x0000000000e7b000 	/usr/lib/system/libsystem_c.dylib
0x0000000000e7b000 	/usr/lib/system/libsystem_configuration.dylib
0x0000000000e7b000 	/usr/lib/system/libsystem_coreservices.dylib
0x0000000000e7b000 	/usr/lib/system/libsystem_coretls.dylib
0x0000000000e7b000 	/usr/lib/system/libsystem_dnssd.dylib
0x0000000000e7b000 	/usr/lib/system/libsystem_info.dylib
0x0000000000e7b000 	/usr/lib/system/libsystem_kernel.dylib
0x0000000000e7b000 	/usr/lib/system/libsystem_m.dylib
0x0000000000e7b000 	/usr/lib/system/libsystem_malloc.dylib
0x0000000000e7b000 	/usr/lib/system/libsystem_network.dylib
0x0000000000e7b000 	/usr/lib/system/libsystem_networkextension.dylib
0x0000000000e7b000 	/usr/lib/system/libsystem_notify.dylib
0x0000000000e7b000 	/usr/lib/system/libsystem_platform.dylib
0x0000000000e7b000 	/usr/lib/system/libsystem_pthread.dylib
0x0000000000e7b000 	/usr/lib/system/libsystem_sandbox.dylib
0x0000000000e7b000 	/usr/lib/system/libsystem_secinit.dylib
0x0000000000e7b000 	/usr/lib/system/libsystem_stats.dylib
0x0000000000e7b000 	/usr/lib/system/libsystem_trace.dylib
0x0000000000e7b000 	/usr/lib/system/libunc.dylib
0x0000000000e7b000 	/usr/lib/system/libunwind.dylib
0x0000000000e7b000 	/usr/lib/system/libxpc.dylib
0x0000000000e7b000 	/usr/lib/libbz2.1.0.dylib
0x0000000000e7b000 	/usr/lib/liblzma.5.dylib
0x0000000000e7b000 	/usr/lib/libbsm.0.dylib
0x0000000000e7b000 	/usr/lib/libsqlite3.dylib
0x0000000000e7b000 	/usr/lib/system/libkxld.dylib
0x0000000000e7b000 	/usr/lib/libxar.1.dylib
0x0000000000e7b000 	/usr/lib/libpam.2.dylib
0x0000000000e7b000 	/usr/lib/libOpenScriptingUtil.dylib
0x0000000000e7b000 	/System/Library/Frameworks/CoreServices.framework/Versions/A/Frameworks/FSEvents.framework/Versions/A/FSEvents
0x0000000000e7b000 	/System/Library/Frameworks/CoreServices.framework/Versions/A/Frameworks/CarbonCore.framework/Versions/A/CarbonCore
0x0000000000e7b000 	/System/Library/Frameworks/CoreServices.framework/Versions/A/Frameworks/Metadata.framework/Versions/A/Metadata
0x0000000000e7b000 	/System/Library/Frameworks/CoreServices.framework/Versions/A/Frameworks/OSServices.framework/Versions/A/OSServices
0x0000000000e7b000 	/System/Library/Frameworks/CoreServices.framework/Versions/A/Frameworks/SearchKit.framework/Versions/A/SearchKit
0x0000000000e7b000 	/System/Library/Frameworks/CoreServices.framework/Versions/A/Frameworks/AE.framework/Versions/A/AE
0x0000000000e7b000 	/System/Library/Frameworks/CoreServices.framework/Versions/A/Frameworks/LaunchServices.framework/Versions/A/LaunchServices
0x0000000000e7b000 	/System/Library/Frameworks/CoreServices.framework/Versions/A/Frameworks/DictionaryServices.framework/Versions/A/DictionaryServices
0x0000000000e7b000 	/System/Library/Frameworks/NetFS.framework/Versions/A/NetFS
0x0000000000e7b000 	/System/Library/PrivateFrameworks/NetAuth.framework/Versions/A/NetAuth
0x0000000000e7b000 	/System/Library/PrivateFrameworks/login.framework/Versions/A/Frameworks/loginsupport.framework/Versions/A/loginsupport
0x0000000000e7b000 	/System/Library/PrivateFrameworks/TCC.framework/Versions/A/TCC
0x0000000000e7b000 	/usr/lib/libmecabra.dylib
0x0000000000e7b000 	/System/Library/PrivateFrameworks/LanguageModeling.framework/Versions/A/LanguageModeling
0x0000000000e7b000 	/usr/lib/libcmph.dylib
0x0000000000e7b000 	/usr/lib/libiconv.2.dylib
0x0000000000e7b000 	/System/Library/Frameworks/OpenDirectory.framework/Versions/A/Frameworks/CFOpenDirectory.framework/Versions/A/CFOpenDirectory
0x0000000000e7b000 	/System/Library/Frameworks/ServiceManagement.framework/Versions/A/ServiceManagement
0x0000000000e7b000 	/usr/lib/libxslt.1.dylib
0x0000000000e7b000 	/System/Library/Frameworks/Carbon.framework/Versions/A/Frameworks/Ink.framework/Versions/A/Ink
0x0000000000e7b000 	/System/Library/Frameworks/ApplicationServices.framework/Versions/A/Frameworks/ATS.framework/Versions/A/ATS
0x0000000000e7b000 	/System/Library/Frameworks/ApplicationServices.framework/Versions/A/Frameworks/ColorSync.framework/Versions/A/ColorSync
0x0000000000e7b000 	/System/Library/Frameworks/ApplicationServices.framework/Versions/A/Frameworks/HIServices.framework/Versions/A/HIServices
0x0000000000e7b000 	/System/Library/Frameworks/ApplicationServices.framework/Versions/A/Frameworks/LangAnalysis.framework/Versions/A/LangAnalysis
0x0000000000e7b000 	/System/Library/Frameworks/ApplicationServices.framework/Versions/A/Frameworks/PrintCore.framework/Versions/A/PrintCore
0x0000000000e7b000 	/System/Library/Frameworks/ApplicationServices.framework/Versions/A/Frameworks/QD.framework/Versions/A/QD
0x0000000000e7b000 	/System/Library/Frameworks/ApplicationServices.framework/Versions/A/Frameworks/SpeechSynthesis.framework/Versions/A/SpeechSynthesis
0x0000000000e7b000 	/System/Library/Frameworks/Accelerate.framework/Versions/A/Accelerate
0x0000000000e7b000 	/System/Library/Frameworks/Accelerate.framework/Versions/A/Frameworks/vImage.framework/Versions/A/vImage
0x0000000000e7b000 	/System/Library/Frameworks/Accelerate.framework/Versions/A/Frameworks/vecLib.framework/Versions/A/vecLib
0x0000000000e7b000 	/System/Library/Frameworks/Accelerate.framework/Versions/A/Frameworks/vecLib.framework/Versions/A/libvDSP.dylib
0x0000000000e7b000 	/System/Library/Frameworks/Accelerate.framework/Versions/A/Frameworks/vecLib.framework/Versions/A/libvMisc.dylib
0x0000000000e7b000 	/System/Library/Frameworks/Accelerate.framework/Versions/A/Frameworks/vecLib.framework/Versions/A/libLAPACK.dylib
0x0000000000e7b000 	/System/Library/Frameworks/Accelerate.framework/Versions/A/Frameworks/vecLib.framework/Versions/A/libBLAS.dylib
0x0000000000e7b000 	/System/Library/Frameworks/Accelerate.framework/Versions/A/Frameworks/vecLib.framework/Versions/A/libLinearAlgebra.dylib
0x0000000000e7b000 	/System/Library/Frameworks/ApplicationServices.framework/Versions/A/Frameworks/ATS.framework/Versions/A/Resources/libFontParser.dylib
0x0000000000e7b000 	/System/Library/Frameworks/ApplicationServices.framework/Versions/A/Frameworks/ATS.framework/Versions/A/Resources/libFontRegistry.dylib
0x0000000000e7b000 	/System/Library/PrivateFrameworks/AppleVPA.framework/Versions/A/AppleVPA
0x0000000000e7b000 	/System/Library/PrivateFrameworks/AppleJPEG.framework/Versions/A/AppleJPEG
0x0000000000e7b000 	/System/Library/Frameworks/ImageIO.framework/Versions/A/Resources/libJPEG.dylib
0x0000000000e7b000 	/System/Library/Frameworks/ImageIO.framework/Versions/A/Resources/libTIFF.dylib
0x0000000000e7b000 	/System/Library/Frameworks/ImageIO.framework/Versions/A/Resources/libPng.dylib
0x0000000000e7b000 	/System/Library/Frameworks/ImageIO.framework/Versions/A/Resources/libGIF.dylib
0x0000000000e7b000 	/System/Library/Frameworks/ImageIO.framework/Versions/A/Resources/libJP2.dylib
0x0000000000e7b000 	/System/Library/Frameworks/ImageIO.framework/Versions/A/Resources/libRadiance.dylib
0x0000000000e7b000 	/System/Library/Frameworks/CoreVideo.framework/Versions/A/CoreVideo
0x0000000000e7b000 	/System/Library/Frameworks/OpenGL.framework/Versions/A/Libraries/libGLU.dylib
0x0000000000e7b000 	/System/Library/Frameworks/OpenGL.framework/Versions/A/Libraries/libGFXShared.dylib
0x0000000000e7b000 	/System/Library/Frameworks/OpenGL.framework/Versions/A/Libraries/libGL.dylib
0x0000000000e7b000 	/System/Library/Frameworks/OpenGL.framework/Versions/A/Libraries/libGLImage.dylib
0x0000000000e7b000 	/System/Library/Frameworks/OpenGL.framework/Versions/A/Libraries/libCVMSPluginSupport.dylib
0x0000000000e7b000 	/System/Library/Frameworks/OpenGL.framework/Versions/A/Libraries/libCoreVMClient.dylib
0x0000000000e7b000 	/usr/lib/libcups.2.dylib
0x0000000000e7b000 	/System/Library/Frameworks/Kerberos.framework/Versions/A/Kerberos
0x0000000000e7b000 	/System/Library/Frameworks/GSS.framework/Versions/A/GSS
0x0000000000e7b000 	/usr/lib/libresolv.9.dylib
0x0000000000e7b000 	/System/Library/PrivateFrameworks/Heimdal.framework/Versions/A/Heimdal
0x0000000000e7b000 	/usr/lib/libheimdal-asn1.dylib
0x0000000000e7b000 	/System/Library/Frameworks/OpenDirectory.framework/Versions/A/OpenDirectory
0x0000000000e7b000 	/System/Library/PrivateFrameworks/CommonAuth.framework/Versions/A/CommonAuth
0x0000000000e7b000 	/System/Library/Frameworks/SecurityFoundation.framework/Versions/A/SecurityFoundation
0x0000000000e7b000 	/System/Library/Frameworks/QuartzCore.framework/Versions/A/Frameworks/CoreImage.framework/Versions/A/CoreImage
0x0000000000e7b000 	/System/Library/PrivateFrameworks/CrashReporterSupport.framework/Versions/A/CrashReporterSupport
0x0000000000e7b000 	/System/Library/Frameworks/OpenCL.framework/Versions/A/OpenCL
0x0000000000e7b000 	/System/Library/PrivateFrameworks/FaceCore.framework/Versions/A/FaceCore
0x0000000000e7b000 	/System/Library/PrivateFrameworks/Ubiquity.framework/Versions/A/Ubiquity
0x0000000000e7b000 	/System/Library/PrivateFrameworks/IconServices.framework/Versions/A/IconServices
0x0000000000e7b000 	/System/Library/PrivateFrameworks/ChunkingLibrary.framework/Versions/A/ChunkingLibrary
0x0000000000e7b000 	/System/Library/PrivateFrameworks/Apple80211.framework/Versions/A/Apple80211
0x0000000000e7b000 	/System/Library/Frameworks/CoreWLAN.framework/Versions/A/CoreWLAN
0x0000000000e7b000 	/System/Library/Frameworks/IOBluetooth.framework/Versions/A/IOBluetooth
0x0000000000e7b000 	/System/Library/PrivateFrameworks/CoreWiFi.framework/Versions/A/CoreWiFi
0x0000000000e7b000 	/System/Library/Frameworks/CoreBluetooth.framework/Versions/A/CoreBluetooth
0x0000000000e7b000 	/System/Library/PrivateFrameworks/DebugSymbols.framework/Versions/A/DebugSymbols
0x0000000000e7b000 	/System/Library/PrivateFrameworks/CoreSymbolication.framework/Versions/A/CoreSymbolication
0x0000000000e7b000 	/System/Library/PrivateFrameworks/Symbolication.framework/Versions/A/Symbolication
0x0000000000e7b000 	/System/Library/PrivateFrameworks/SpeechRecognitionCore.framework/Versions/A/SpeechRecognitionCore
0x00000001054c0000 	/Library/Java/JavaVirtualMachines/jdk1.8.0_102.jdk/Contents/Home/jre/lib/server/libjvm.dylib
0x0000000000e7b000 	/usr/lib/libstdc++.6.dylib
0x000000010657b000 	/Library/Java/JavaVirtualMachines/jdk1.8.0_102.jdk/Contents/Home/jre/lib/libverify.dylib
0x0000000106589000 	/Library/Java/JavaVirtualMachines/jdk1.8.0_102.jdk/Contents/Home/jre/lib/libjava.dylib
0x00000001065c8000 	/Library/Java/JavaVirtualMachines/jdk1.8.0_102.jdk/Contents/Home/jre/lib/libzip.dylib
0x00000001065e6000 	/System/Library/Frameworks/JavaVM.framework/Frameworks/JavaRuntimeSupport.framework/JavaRuntimeSupport
0x000000011a8fb000 	/System/Library/Frameworks/JavaVM.framework/Versions/A/Frameworks/JavaNativeFoundation.framework/Versions/A/JavaNativeFoundation
0x000000011a910000 	/System/Library/Frameworks/JavaVM.framework/Versions/A/JavaVM
0x0000000000e7b000 	/System/Library/Frameworks/Carbon.framework/Versions/A/Carbon
0x000000011a91d000 	/System/Library/PrivateFrameworks/JavaLaunching.framework/Versions/A/JavaLaunching
0x0000000000e7b000 	/System/Library/Frameworks/Carbon.framework/Versions/A/Frameworks/CommonPanels.framework/Versions/A/CommonPanels
0x0000000000e7b000 	/System/Library/Frameworks/Carbon.framework/Versions/A/Frameworks/Help.framework/Versions/A/Help
0x0000000000e7b000 	/System/Library/Frameworks/Carbon.framework/Versions/A/Frameworks/ImageCapture.framework/Versions/A/ImageCapture
0x0000000000e7b000 	/System/Library/Frameworks/Carbon.framework/Versions/A/Frameworks/OpenScripting.framework/Versions/A/OpenScripting
0x0000000000e7b000 	/System/Library/Frameworks/Carbon.framework/Versions/A/Frameworks/Print.framework/Versions/A/Print
0x0000000000e7b000 	/System/Library/Frameworks/Carbon.framework/Versions/A/Frameworks/SecurityHI.framework/Versions/A/SecurityHI
0x000000011c776000 	/Library/Java/JavaVirtualMachines/jdk1.8.0_102.jdk/Contents/Home/jre/lib/libawt.dylib
0x000000011c81e000 	/Library/Java/JavaVirtualMachines/jdk1.8.0_102.jdk/Contents/Home/jre/lib/./libmlib_image.dylib
0x000000011c8ea000 	/Library/Java/JavaVirtualMachines/jdk1.8.0_102.jdk/Contents/Home/jre/lib/libawt_lwawt.dylib
0x000000011c99f000 	/Library/Java/JavaVirtualMachines/jdk1.8.0_102.jdk/Contents/Home/jre/lib/./libosxapp.dylib
0x0000000000e7b000 	/System/Library/Frameworks/ExceptionHandling.framework/Versions/A/ExceptionHandling
0x0000000000e7b000 	/System/Library/PrivateFrameworks/CoreServicesInternal.framework/Versions/A/CoreServicesInternal
0x0000000000e7b000 	/System/Library/PrivateFrameworks/CloudDocs.framework/Versions/A/CloudDocs
0x0000000000e7b000 	/System/Library/PrivateFrameworks/CoreDuet.framework/Versions/A/CoreDuet
0x0000000000e7b000 	/System/Library/Frameworks/CloudKit.framework/Versions/A/CloudKit
0x0000000000e7b000 	/System/Library/PrivateFrameworks/ProtocolBuffer.framework/Versions/A/ProtocolBuffer
0x0000000000e7b000 	/System/Library/PrivateFrameworks/CoreDuetDaemonProtocol.framework/Versions/A/CoreDuetDaemonProtocol
0x0000000000e7b000 	/System/Library/PrivateFrameworks/CoreDuetDebugLogging.framework/Versions/A/CoreDuetDebugLogging
0x0000000000e7b000 	/System/Library/Frameworks/CoreLocation.framework/Versions/A/CoreLocation
0x0000000000e7b000 	/System/Library/Frameworks/Accounts.framework/Versions/A/Accounts
0x0000000000e7b000 	/System/Library/PrivateFrameworks/ApplePushService.framework/Versions/A/ApplePushService
0x0000000000e7b000 	/System/Library/PrivateFrameworks/GeoServices.framework/Versions/A/GeoServices
0x0000000000e7b000 	/System/Library/PrivateFrameworks/OAuth.framework/Versions/A/OAuth
0x0000000000e7b000 	/System/Library/PrivateFrameworks/CoreDaemon.framework/Versions/B/CoreDaemon
0x0000000000e7b000 	/usr/lib/libcrypto.0.9.8.dylib
0x0000000000e7b000 	/System/Library/PrivateFrameworks/AppleSRP.framework/Versions/A/AppleSRP
0x0000000000e7b000 	/System/Library/PrivateFrameworks/TrustEvaluationAgent.framework/Versions/A/TrustEvaluationAgent
0x0000000000e7b000 	/System/Library/Frameworks/CoreGraphics.framework/Versions/A/Resources/libCGCMS.A.dylib
0x0000000000e7b000 	/System/Library/Frameworks/CoreGraphics.framework/Versions/A/Resources/libRIP.A.dylib
0x0000000000e7b000 	/System/Library/Frameworks/CoreGraphics.framework/Versions/A/Resources/libCGXType.A.dylib
0x0000000000e7b000 	/System/Library/Frameworks/OpenCL.framework/Versions/A/Libraries/libcldcpuengine.dylib
0x0000000000e7b000 	/System/Library/PrivateFrameworks/DiskImages.framework/Versions/A/DiskImages
0x0000000000e7b000 	/System/Library/Frameworks/DiscRecording.framework/Versions/A/DiscRecording
0x0000000000e7b000 	/usr/lib/libcsfde.dylib
0x0000000000e7b000 	/usr/lib/libcurl.4.dylib
0x0000000000e7b000 	/System/Library/PrivateFrameworks/MediaKit.framework/Versions/A/MediaKit
0x0000000000e7b000 	/System/Library/PrivateFrameworks/ProtectedCloudStorage.framework/Versions/A/ProtectedCloudStorage
0x0000000000e7b000 	/usr/lib/libCoreStorage.dylib
0x0000000000e7b000 	/System/Library/PrivateFrameworks/EFILogin.framework/Versions/A/EFILogin
0x0000000000e7b000 	/usr/lib/libutil.dylib
0x0000000000e7b000 	/System/Library/PrivateFrameworks/FindMyDevice.framework/Versions/A/FindMyDevice
0x0000000000e7b000 	/System/Library/Frameworks/LDAP.framework/Versions/A/LDAP
0x0000000000e7b000 	/usr/lib/libsasl2.2.dylib
0x000000011f50f000 	cl_kernels
0x000000011f511000 	/System/Library/Frameworks/OpenCL.framework/Versions/A/Libraries/ImageFormats/unorm8_bgra.dylib
0x000000011f500000 	cl_kernels
0x0000000000e7b000 	/System/Library/PrivateFrameworks/FamilyControls.framework/Versions/A/FamilyControls
0x0000000000e7b000 	/System/Library/PrivateFrameworks/CommerceKit.framework/Versions/A/Frameworks/CommerceCore.framework/Versions/A/CommerceCore
0x0000000000e7b000 	/System/Library/PrivateFrameworks/SystemAdministration.framework/Versions/A/SystemAdministration
0x0000000000e7b000 	/System/Library/PrivateFrameworks/AppContainer.framework/Versions/A/AppContainer
0x0000000000e7b000 	/System/Library/PrivateFrameworks/SecCodeWrapper.framework/Versions/A/SecCodeWrapper
0x0000000000e7b000 	/System/Library/Frameworks/DirectoryService.framework/Versions/A/DirectoryService
0x0000000000e7b000 	/System/Library/PrivateFrameworks/LoginUIKit.framework/Versions/A/Frameworks/LoginUICore.framework/Versions/A/LoginUICore
0x0000000000e7b000 	/usr/lib/libodfde.dylib
0x0000000000e7b000 	/System/Library/Frameworks/OpenGL.framework/Versions/A/Resources/GLEngine.bundle/GLEngine
0x0000000000e7b000 	/System/Library/Frameworks/OpenGL.framework/Versions/A/Libraries/libGLProgrammability.dylib
0x0000000000000000 	/System/Library/Extensions/AppleIntelHD5000GraphicsGLDriver.bundle/Contents/MacOS/AppleIntelHD5000GraphicsGLDriver
0x0000000000e7b000 	/System/Library/PrivateFrameworks/IOAccelerator.framework/Versions/A/IOAccelerator
0x0000000000e7b000 	/System/Library/PrivateFrameworks/GPUSupport.framework/Versions/A/Libraries/libGPUSupportMercury.dylib
0x0000000000e7b000 	/System/Library/Frameworks/OpenGL.framework/Versions/A/Resources/GLRendererFloat.bundle/GLRendererFloat
0x00000001211ff000 	/Library/Java/JavaVirtualMachines/jdk1.8.0_102.jdk/Contents/Home/jre/lib/libfontmanager.dylib
0x0000000122483000 	/Library/Java/JavaVirtualMachines/jdk1.8.0_102.jdk/Contents/Home/jre/lib/libosxui.dylib
0x0000000122756000 	/Library/Java/JavaVirtualMachines/jdk1.8.0_102.jdk/Contents/Home/jre/lib/libnet.dylib
0x000000012250c000 	/Library/Java/JavaVirtualMachines/jdk1.8.0_102.jdk/Contents/Home/jre/lib/libnio.dylib
0x0000000000e7b000 	/System/Library/Frameworks/ApplicationServices.framework/Versions/A/Frameworks/ATS.framework/Versions/A/Resources/libTrueTypeScaler.dylib
0x00000001801e3000 	/private/var/folders/zw/bgqy237d46x7490l5q8zg59m0000gn/T/jogamp_0000/file_cache/jln8612140527466235718/jln3834283876526062931/libgluegen-rt.jnilib
0x00000001222fc000 	/private/var/folders/zw/bgqy237d46x7490l5q8zg59m0000gn/T/jogamp_0000/file_cache/jln8612140527466235718/jln3834283876526062931/libnativewindow_awt.jnilib
0x00000001244b7000 	/Library/Java/JavaVirtualMachines/jdk1.8.0_102.jdk/Contents/Home/jre/lib/libjawt.dylib
0x00000001801e7000 	/private/var/folders/zw/bgqy237d46x7490l5q8zg59m0000gn/T/jogamp_0000/file_cache/jln8612140527466235718/jln3834283876526062931/libnativewindow_macosx.jnilib
0x000000018303b000 	/private/var/folders/zw/bgqy237d46x7490l5q8zg59m0000gn/T/jogamp_0000/file_cache/jln8612140527466235718/jln3834283876526062931/libjogl_desktop.jnilib
0x0000000000e7b000 	/System/Library/Frameworks/Accelerate.framework/Versions/A/Frameworks/vImage.framework/Versions/A/Libraries/libCGInterfaces.dylib

VM Arguments:
jvm_args: -Djava.library.path=/Users/irtezanasir/Desktop/Eclipse Projects/Building_Viewer/lib/base/dxf:/Users/irtezanasir/Desktop/Eclipse Projects/Building_Viewer/lib/base/minim:/Users/irtezanasir/Desktop/Eclipse Projects/Building_Viewer/lib/base/minim:/Users/irtezanasir/Desktop/Eclipse Projects/Building_Viewer/lib/base/minim:/Users/irtezanasir/Desktop/Eclipse Projects/Building_Viewer/lib/base/minim:/Users/irtezanasir/Desktop/Eclipse Projects/Building_Viewer/lib/base/minim:/Users/irtezanasir/Desktop/Eclipse Projects/Building_Viewer/lib/base/minim:/Users/irtezanasir/Desktop/Eclipse Projects/Building_Viewer/lib/base/net:/Users/irtezanasir/Desktop/Eclipse Projects/Building_Viewer/lib/base/pdf:/Users/irtezanasir/Desktop/Eclipse Projects/Building_Viewer/lib/base/pdf:/Users/irtezanasir/Desktop/Eclipse Projects/Building_Viewer/lib/base/serial:/Users/irtezanasir/Desktop/Eclipse Projects/Building_Viewer/lib/base/serial:/Users/irtezanasir/Desktop/Eclipse Projects/Building_Viewer/lib/base/video:/Users/irtezanasir/Desktop/Eclipse Projects/Building_Viewer/lib/base/video:/Users/irtezanasir/Desktop/Eclipse Projects/Building_Viewer/lib/base/video:/Users/irtezanasir/Desktop/Eclipse Projects/Building_Viewer/lib/base/core:/Users/irtezanasir/Desktop/Eclipse Projects/Building_Viewer/lib/base/core:/Users/irtezanasir/Desktop/Eclipse Projects/Building_Viewer/lib/base/core:/Users/irtezanasir/Desktop/Eclipse Projects/Building_Viewer/lib/base/core:/Users/irtezanasir/Desktop/Eclipse Projects/Building_Viewer/lib/base/core:/Users/irtezanasir/Desktop/Eclipse Projects/Building_Viewer/lib/base/core:/Users/irtezanasir/Desktop/Eclipse Projects/Building_Viewer/lib/base/core:/Users/irtezanasir/Desktop/Eclipse Projects/Building_Viewer/lib/base/core:/Users/irtezanasir/Desktop/Eclipse Projects/Building_Viewer/lib/base/core:/Users/irtezanasir/Desktop/Eclipse Projects/Building_Viewer/lib/base/core:/Users/irtezanasir/Desktop/Eclipse Projects/Building_Viewer/lib/base/core:/Users/irtezanasir/Desktop/Eclipse Projects/Bu-Djava.security.policy=java.policy.applet -Dfile.encoding=UTF-8 
java_command: sun.applet.AppletViewer buildingviewer.BuildingViewer1474676103920.html
java_class_path (initial): /Users/irtezanasir/Desktop/Eclipse Projects/Building_Viewer/bin:/Users/irtezanasir/Desktop/Eclipse Projects/Building_Viewer/lib/base/dxf/dxf.jar:/Users/irtezanasir/Desktop/Eclipse Projects/Building_Viewer/lib/base/minim/jl1.0.jar:/Users/irtezanasir/Desktop/Eclipse Projects/Building_Viewer/lib/base/minim/jsminim.jar:/Users/irtezanasir/Desktop/Eclipse Projects/Building_Viewer/lib/base/minim/minim.jar:/Users/irtezanasir/Desktop/Eclipse Projects/Building_Viewer/lib/base/minim/mp3spi1.9.4.jar:/Users/irtezanasir/Desktop/Eclipse Projects/Building_Viewer/lib/base/minim/tritonus_aos.jar:/Users/irtezanasir/Desktop/Eclipse Projects/Building_Viewer/lib/base/minim/tritonus_share.jar:/Users/irtezanasir/Desktop/Eclipse Projects/Building_Viewer/lib/base/net/net.jar:/Users/irtezanasir/Desktop/Eclipse Projects/Building_Viewer/lib/base/pdf/itext.jar:/Users/irtezanasir/Desktop/Eclipse Projects/Building_Viewer/lib/base/pdf/pdf.jar:/Users/irtezanasir/Desktop/Eclipse Projects/Building_Viewer/lib/base/serial/jssc.jar:/Users/irtezanasir/Desktop/Eclipse Projects/Building_Viewer/lib/base/serial/serial.jar:/Users/irtezanasir/Desktop/Eclipse Projects/Building_Viewer/lib/base/video/gstreamer-java.jar:/Users/irtezanasir/Desktop/Eclipse Projects/Building_Viewer/lib/base/video/jna.jar:/Users/irtezanasir/Desktop/Eclipse Projects/Building_Viewer/lib/base/video/video.jar:/Users/irtezanasir/Desktop/Eclipse Projects/Building_Viewer/lib/base/core/core.jar:/Users/irtezanasir/Desktop/Eclipse Projects/Building_Viewer/lib/base/core/gluegen-rt-natives-linux-amd64.jar:/Users/irtezanasir/Desktop/Eclipse Projects/Building_Viewer/lib/base/core/gluegen-rt-natives-linux-armv6hf.jar:/Users/irtezanasir/Desktop/Eclipse Projects/Building_Viewer/lib/base/core/gluegen-rt-natives-linux-i586.jar:/Users/irtezanasir/Desktop/Eclipse Projects/Building_Viewer/lib/base/core/gluegen-rt-natives-macosx-universal.jar:/Users/irtezanasir/Desktop/Eclipse Projects/Building_Viewer/lib/base/core/gluegen-rt-nat
Launcher Type: SUN_STANDARD

Environment Variables:
PATH=/usr/bin:/bin:/usr/sbin:/sbin
SHELL=/bin/bash

Signal Handlers:
SIGSEGV: [libjvm.dylib+0x5b0579], sa_mask[0]=11111111011111110111111111111111, sa_flags=SA_ONSTACK|SA_RESTART|SA_SIGINFO
SIGBUS: [libjvm.dylib+0x5b0579], sa_mask[0]=11111111011111110111111111111111, sa_flags=SA_RESTART|SA_SIGINFO
SIGFPE: [libjvm.dylib+0x4874e4], sa_mask[0]=11111111011111110111111111111111, sa_flags=SA_RESTART|SA_SIGINFO
SIGPIPE: [libjvm.dylib+0x4874e4], sa_mask[0]=11111111011111110111111111111111, sa_flags=SA_RESTART|SA_SIGINFO
SIGXFSZ: [libjvm.dylib+0x4874e4], sa_mask[0]=11111111011111110111111111111111, sa_flags=SA_RESTART|SA_SIGINFO
SIGILL: [libjvm.dylib+0x4874e4], sa_mask[0]=11111111011111110111111111111111, sa_flags=SA_RESTART|SA_SIGINFO
SIGUSR1: SIG_DFL, sa_mask[0]=00000000000000000000000000000000, sa_flags=none
SIGUSR2: [libjvm.dylib+0x487002], sa_mask[0]=00100000000000000000000000000000, sa_flags=SA_RESTART|SA_SIGINFO
SIGHUP: [libjvm.dylib+0x4855d9], sa_mask[0]=11111111011111110111111111111111, sa_flags=SA_RESTART|SA_SIGINFO
SIGINT: [libjvm.dylib+0x4855d9], sa_mask[0]=11111111011111110111111111111111, sa_flags=SA_RESTART|SA_SIGINFO
SIGTERM: [libjvm.dylib+0x4855d9], sa_mask[0]=11111111011111110111111111111111, sa_flags=SA_RESTART|SA_SIGINFO
SIGQUIT: [libjvm.dylib+0x4855d9], sa_mask[0]=11111111011111110111111111111111, sa_flags=SA_RESTART|SA_SIGINFO


---------------  S Y S T E M  ---------------

OS:Bsduname:Darwin 14.0.0 Darwin Kernel Version 14.0.0: Fri Sep 19 00:26:44 PDT 2014; root:xnu-2782.1.97~2/RELEASE_X86_64 x86_64
rlimit: STACK 8192k, CORE 0k, NPROC 709, NOFILE 10240, AS infinity
load average:1.50 1.58 1.52

CPU:total 4 (2 cores per cpu, 2 threads per core) family 6 model 69 stepping 1, cmov, cx8, fxsr, mmx, sse, sse2, sse3, ssse3, sse4.1, sse4.2, popcnt, avx, avx2, aes, clmul, erms, lzcnt, ht, tsc, tscinvbit, bmi1, bmi2

Memory: 4k page, physical 4194304k(78172k free)

/proc/meminfo:


vm_info: Java HotSpot(TM) 64-Bit Server VM (25.102-b14) for bsd-amd64 JRE (1.8.0_102-b14), built on Jun 22 2016 11:42:36 by "java_re" with gcc 4.2.1 (Based on Apple Inc. build 5658) (LLVM build 2336.11.00)

time: Fri Sep 23 20:35:04 2016
elapsed time: 4800 seconds (0d 1h 20m 0s)

